30/06/2026 11:03:01 AM - LoginPage - INFO: Element found with locator : //button[@id="login-submit"]and locatortype : xpath
30/06/2026 11:03:01 AM - LoginPage - INFO: Element is present with locator: //button[@id="login-submit"] locatorType: xpath
30/06/2026 11:03:01 AM - LoginPage - INFO: Element found with locator : //span[contains(text(),"SIGN IN")]and locatortype : xpath
30/06/2026 11:03:01 AM - LoginPage - ERROR: Element is not displayed
30/06/2026 11:03:01 AM - LoginPage - INFO: Element found with locator : //span[contains(text(),"SIGN IN")]and locatortype : xpath
30/06/2026 11:03:01 AM - LoginPage - INFO: Element is present with locator: //span[contains(text(),"SIGN IN")] locatorType: xpath
30/06/2026 11:03:01 AM - LoginPage - INFO: WebUrl is accessible
30/06/2026 11:03:02 AM - LoginPage - INFO: waiting for max :: 10:: second for the element
30/06/2026 11:03:02 AM - LoginPage - INFO: Element did not appeard on the webpage ://input[@name="username"]
30/06/2026 11:03:02 AM - LoginPage - INFO: Element found with locator : //input[@name="username"]and locatortype : xpath
30/06/2026 11:03:03 AM - LoginPage - INFO: Sent data on element with locator: //input[@name="username"] locatorType: xpath
30/06/2026 11:03:04 AM - LoginPage - INFO: waiting for max :: 10:: second for the element
30/06/2026 11:03:04 AM - LoginPage - INFO: Element did not appeard on the webpage ://input[@name="password"]
30/06/2026 11:03:04 AM - LoginPage - INFO: Element found with locator : //input[@name="password"]and locatortype : xpath
30/06/2026 11:03:06 AM - LoginPage - INFO: Sent data on element with locator: //input[@name="password"] locatorType: xpath
30/06/2026 11:03:06 AM - LoginPage - INFO: waiting for max :: 6:: second for the element
30/06/2026 11:03:06 AM - LoginPage - INFO: Element did not appeard on the webpage ://button[@id="login-submit"]
30/06/2026 11:03:06 AM - LoginPage - INFO: waiting for max :: 10:: second for the element
30/06/2026 11:03:06 AM - LoginPage - INFO: Element did not appeard on the webpage ://button[@id="login-submit"]
30/06/2026 11:03:06 AM - LoginPage - ERROR: Element is not displayed
30/06/2026 11:03:06 AM - LoginPage - INFO: Element found with locator : //button[@id="login-submit"]and locatortype : xpath
30/06/2026 11:03:06 AM - LoginPage - INFO: Element exists on the page with locator : //button[@id="login-submit"]
30/06/2026 11:03:06 AM - LoginPage - INFO: Element found with locator : //button[@id="login-submit"]and locatortype : xpath
30/06/2026 11:03:06 AM - LoginPage - INFO: Clicked on element with locator: //button[@id="login-submit"] locatorType: xpath
30/06/2026 11:03:06 AM - LoginPage - INFO: Element found with locator : //a/i[@title="Sign out"]and locatortype : xpath
30/06/2026 11:03:06 AM - LoginPage - INFO: Element is present with locator: //a/i[@title="Sign out"] locatorType: xpath
30/06/2026 11:03:07 AM - NavigationBasePageMenuMap - INFO: Element found with locator : //button[@id="modal-cancel-btn"]and locatortype : xpath
30/06/2026 11:03:07 AM - NavigationBasePageMenuMap - ERROR: Element is not displayed
30/06/2026 11:03:07 AM - NavigationBasePageMenuMap - INFO: Element found with locator : //button[@id="modal-cancel-btn"]and locatortype : xpath
30/06/2026 11:03:07 AM - NavigationBasePageMenuMap - INFO: Element is present with locator: //button[@id="modal-cancel-btn"] locatorType: xpath
30/06/2026 11:03:07 AM - NavigationBasePageMenuMap - INFO: Element found with locator : //button[@id="modal-cancel-btn"]and locatortype : xpath
30/06/2026 11:03:07 AM - NavigationBasePageMenuMap - INFO: Element exists on the page with locator : //button[@id="modal-cancel-btn"]
30/06/2026 11:03:07 AM - NavigationBasePageMenuMap - INFO: waiting for max :: 10:: second for the element
30/06/2026 11:03:07 AM - NavigationBasePageMenuMap - INFO: Element did not appeard on the webpage ://button[@id="modal-cancel-btn"]
30/06/2026 11:03:07 AM - NavigationBasePageMenuMap - ERROR: Element is not displayed
30/06/2026 11:03:07 AM - NavigationBasePageMenuMap - INFO: Element found with locator : //button[@id="modal-cancel-btn"]and locatortype : xpath
30/06/2026 11:03:07 AM - NavigationBasePageMenuMap - INFO: Element exists on the page with locator : //button[@id="modal-cancel-btn"]
30/06/2026 11:03:07 AM - NavigationBasePageMenuMap - INFO: Element found with locator : //button[@id="modal-cancel-btn"]and locatortype : xpath
30/06/2026 11:03:07 AM - NavigationBasePageMenuMap - INFO: Clicked on element with locator: //button[@id="modal-cancel-btn"] locatorType: xpath
30/06/2026 11:03:07 AM - NavigationBasePageMenuMap - INFO: waiting for max :: 10:: second for the element
30/06/2026 11:03:07 AM - NavigationBasePageMenuMap - INFO: Element did not appeard on the webpage ://a[@id="inventory"]
30/06/2026 11:03:07 AM - NavigationBasePageMenuMap - ERROR: Element is not displayed
30/06/2026 11:03:07 AM - NavigationBasePageMenuMap - INFO: Element found with locator : //a[@id="inventory"]and locatortype : xpath
30/06/2026 11:03:07 AM - NavigationBasePageMenuMap - INFO: Element exists on the page with locator : //a[@id="inventory"]
30/06/2026 11:03:07 AM - NavigationBasePageMenuMap - INFO: Element found with locator : //a[@id="inventory"]and locatortype : xpath
30/06/2026 11:03:07 AM - NavigationBasePageMenuMap - INFO: Clicked on element with locator: //a[@id="inventory"] locatorType: xpath
30/06/2026 11:03:07 AM - NavigationBasePageMenuMap - INFO: waiting for max :: 10:: second for the element
30/06/2026 11:03:07 AM - NavigationBasePageMenuMap - INFO: Element did not appeard on the webpage ://a[contains(text(),"Block Dashboard")]
30/06/2026 11:03:07 AM - NavigationBasePageMenuMap - ERROR: Element is not displayed
30/06/2026 11:03:07 AM - NavigationBasePageMenuMap - INFO: Element found with locator : //a[contains(text(),"Block Dashboard")]and locatortype : xpath
30/06/2026 11:03:07 AM - NavigationBasePageMenuMap - INFO: Element exists on the page with locator : //a[contains(text(),"Block Dashboard")]
30/06/2026 11:03:07 AM - NavigationBasePageMenuMap - INFO: Element found with locator : //a[contains(text(),"Block Dashboard")]and locatortype : xpath
30/06/2026 11:03:07 AM - NavigationBasePageMenuMap - INFO: Clicked on element with locator: //a[contains(text(),"Block Dashboard")] locatorType: xpath
30/06/2026 11:03:09 AM - NavigationBasePageMenuMap - INFO: Element found with locator : //div[@data-click='searchOpen']and locatortype : xpath
30/06/2026 11:03:09 AM - NavigationBasePageMenuMap - ERROR: Element is not displayed
30/06/2026 11:03:09 AM - NavigationBasePageMenuMap - INFO: Element found with locator : //div[@data-click='searchOpen']and locatortype : xpath
30/06/2026 11:03:09 AM - NavigationBasePageMenuMap - INFO: Element is present with locator: //div[@data-click='searchOpen'] locatorType: xpath
30/06/2026 11:03:09 AM - NavigationBasePageMenuMap - INFO: Element found with locator : //div[@data-click='searchOpen']and locatortype : xpath
30/06/2026 11:03:09 AM - NavigationBasePageMenuMap - INFO: Element exists on the page with locator : //div[@data-click='searchOpen']
30/06/2026 11:03:09 AM - NavigationBasePageMenuMap - INFO: waiting for max :: 10:: second for the element
30/06/2026 11:03:09 AM - NavigationBasePageMenuMap - INFO: Element did not appeard on the webpage ://div[@data-click='searchOpen']
30/06/2026 11:03:09 AM - NavigationBasePageMenuMap - ERROR: Element is not displayed
30/06/2026 11:03:09 AM - NavigationBasePageMenuMap - INFO: Element found with locator : //div[@data-click='searchOpen']and locatortype : xpath
30/06/2026 11:03:09 AM - NavigationBasePageMenuMap - INFO: Element exists on the page with locator : //div[@data-click='searchOpen']
30/06/2026 11:03:09 AM - NavigationBasePageMenuMap - INFO: Element found with locator : //div[@data-click='searchOpen']and locatortype : xpath
30/06/2026 11:03:09 AM - NavigationBasePageMenuMap - INFO: Clicked on element with locator: //div[@data-click='searchOpen'] locatorType: xpath
30/06/2026 11:03:11 AM - NavigationBasePageMenuMap - INFO: Element found with locator : //div[@class='w2ui-field-helper w2ui-list']/following-sibling::input[@placeholder='Select a Status']and locatortype : xpath
30/06/2026 11:03:11 AM - NavigationBasePageMenuMap - ERROR: Element is not displayed
30/06/2026 11:03:11 AM - NavigationBasePageMenuMap - INFO: Element found with locator : //div[@class='w2ui-field-helper w2ui-list']/following-sibling::input[@placeholder='Select a Status']and locatortype : xpath
30/06/2026 11:03:11 AM - NavigationBasePageMenuMap - INFO: Element is present with locator: //div[@class='w2ui-field-helper w2ui-list']/following-sibling::input[@placeholder='Select a Status'] locatorType: xpath
30/06/2026 11:03:11 AM - NavigationBasePageMenuMap - INFO: waiting for max :: 10:: second for the element
30/06/2026 11:03:12 AM - NavigationBasePageMenuMap - INFO: Element did not appeard on the webpage ://div[@class='w2ui-field-helper w2ui-list']/following-sibling::input[@placeholder='Select a Status']
30/06/2026 11:03:12 AM - NavigationBasePageMenuMap - ERROR: Element is not displayed
30/06/2026 11:03:12 AM - NavigationBasePageMenuMap - INFO: Element found with locator : //div[@class='w2ui-field-helper w2ui-list']/following-sibling::input[@placeholder='Select a Status']and locatortype : xpath
30/06/2026 11:03:12 AM - NavigationBasePageMenuMap - INFO: Element exists on the page with locator : //div[@class='w2ui-field-helper w2ui-list']/following-sibling::input[@placeholder='Select a Status']
30/06/2026 11:03:12 AM - NavigationBasePageMenuMap - INFO: Element found with locator : //div[@class='w2ui-field-helper w2ui-list']/following-sibling::input[@placeholder='Select a Status']and locatortype : xpath
30/06/2026 11:03:13 AM - NavigationBasePageMenuMap - ERROR: Cannot click on the element with locator: //div[@class='w2ui-field-helper w2ui-list']/following-sibling::input[@placeholder='Select a Status'] locatorType: xpath
30/06/2026 11:03:13 AM - NavigationBasePageMenuMap - INFO: waiting for max :: 10:: second for the element
30/06/2026 11:03:13 AM - NavigationBasePageMenuMap - INFO: Element did not appeard on the webpage ://div[@class='w2ui-field-helper w2ui-list']/following-sibling::input[@placeholder='Select a Status']
30/06/2026 11:03:13 AM - NavigationBasePageMenuMap - INFO: Element found with locator : //div[@class='w2ui-field-helper w2ui-list']/following-sibling::input[@placeholder='Select a Status']and locatortype : xpath
30/06/2026 11:03:14 AM - NavigationBasePageMenuMap - INFO: Cannot send data on the element with locator: //div[@class='w2ui-field-helper w2ui-list']/following-sibling::input[@placeholder='Select a Status'] locatorType: xpath
30/06/2026 11:03:14 AM - NavigationBasePageMenuMap - INFO: waiting for max :: 10:: second for the element
30/06/2026 11:03:14 AM - NavigationBasePageMenuMap - INFO: Element did not appeard on the webpage ://input[@placeholder='Select a Status']
30/06/2026 11:03:14 AM - NavigationBasePageMenuMap - INFO: Element found with locator : //input[@placeholder='Select a Status']and locatortype : xpath
30/06/2026 11:03:15 AM - NavigationBasePageMenuMap - INFO: Cannot send data on the element with locator: //input[@placeholder='Select a Status'] locatorType: xpath
30/06/2026 11:03:15 AM - NavigationBasePageMenuMap - INFO: Element list found with locator: //div[@id='w2overlay-grid_BlkInventory-Table_field_1_menu']//div[@class='menu-text'] and locatorType: xpath
30/06/2026 11:03:15 AM - NavigationBasePageMenuMap - INFO: Element found with locator : //div[@class='w2ui-field-helper w2ui-list']/following-sibling::input[@placeholder='Select a Source']and locatortype : xpath
30/06/2026 11:03:15 AM - NavigationBasePageMenuMap - ERROR: Element is not displayed
30/06/2026 11:03:15 AM - NavigationBasePageMenuMap - INFO: Element found with locator : //div[@class='w2ui-field-helper w2ui-list']/following-sibling::input[@placeholder='Select a Source']and locatortype : xpath
30/06/2026 11:03:15 AM - NavigationBasePageMenuMap - INFO: Element is present with locator: //div[@class='w2ui-field-helper w2ui-list']/following-sibling::input[@placeholder='Select a Source'] locatorType: xpath
30/06/2026 11:03:15 AM - NavigationBasePageMenuMap - INFO: waiting for max :: 10:: second for the element
30/06/2026 11:03:15 AM - NavigationBasePageMenuMap - INFO: Element did not appeard on the webpage ://div[@class='w2ui-field-helper w2ui-list']/following-sibling::input[@placeholder='Select a Source']
30/06/2026 11:03:15 AM - NavigationBasePageMenuMap - ERROR: Element is not displayed
30/06/2026 11:03:15 AM - NavigationBasePageMenuMap - INFO: Element found with locator : //div[@class='w2ui-field-helper w2ui-list']/following-sibling::input[@placeholder='Select a Source']and locatortype : xpath
30/06/2026 11:03:15 AM - NavigationBasePageMenuMap - INFO: Element exists on the page with locator : //div[@class='w2ui-field-helper w2ui-list']/following-sibling::input[@placeholder='Select a Source']
30/06/2026 11:03:15 AM - NavigationBasePageMenuMap - INFO: Element found with locator : //div[@class='w2ui-field-helper w2ui-list']/following-sibling::input[@placeholder='Select a Source']and locatortype : xpath
30/06/2026 11:03:16 AM - NavigationBasePageMenuMap - ERROR: Cannot click on the element with locator: //div[@class='w2ui-field-helper w2ui-list']/following-sibling::input[@placeholder='Select a Source'] locatorType: xpath
30/06/2026 11:03:16 AM - NavigationBasePageMenuMap - INFO: waiting for max :: 10:: second for the element
30/06/2026 11:03:16 AM - NavigationBasePageMenuMap - INFO: Element did not appeard on the webpage ://div[@class='w2ui-field-helper w2ui-list']/following-sibling::input[@placeholder='Select a Source']
30/06/2026 11:03:16 AM - NavigationBasePageMenuMap - INFO: Element found with locator : //div[@class='w2ui-field-helper w2ui-list']/following-sibling::input[@placeholder='Select a Source']and locatortype : xpath
30/06/2026 11:03:17 AM - NavigationBasePageMenuMap - INFO: Cannot send data on the element with locator: //div[@class='w2ui-field-helper w2ui-list']/following-sibling::input[@placeholder='Select a Source'] locatorType: xpath
30/06/2026 11:03:17 AM - NavigationBasePageMenuMap - INFO: waiting for max :: 10:: second for the element
30/06/2026 11:03:17 AM - NavigationBasePageMenuMap - INFO: Element did not appeard on the webpage ://input[@placeholder='Select a Source']
30/06/2026 11:03:17 AM - NavigationBasePageMenuMap - INFO: Element found with locator : //input[@placeholder='Select a Source']and locatortype : xpath
30/06/2026 11:03:19 AM - NavigationBasePageMenuMap - INFO: Cannot send data on the element with locator: //input[@placeholder='Select a Source'] locatorType: xpath
30/06/2026 11:03:19 AM - NavigationBasePageMenuMap - INFO: Element list found with locator: //div[@id='w2overlay-grid_BlkInventory-Table_field_5_menu']//div[@class='menu-text'] and locatorType: xpath
30/06/2026 11:03:26 AM - NavigationBasePageMenuMap - INFO: waiting for max :: 10:: second for the element
30/06/2026 11:03:26 AM - NavigationBasePageMenuMap - INFO: Element did not appeard on the webpage ://div[@id='grid_BlkInventory-Table_columns']/table/tbody/tr/td//div[2][contains(normalize-space(.), 'Effective Date')]
30/06/2026 11:03:26 AM - NavigationBasePageMenuMap - ERROR: Element is not displayed
30/06/2026 11:03:26 AM - NavigationBasePageMenuMap - INFO: Element found with locator : //div[@id='grid_BlkInventory-Table_columns']/table/tbody/tr/td//div[2][contains(normalize-space(.), 'Effective Date')]and locatortype : xpath
30/06/2026 11:03:26 AM - NavigationBasePageMenuMap - INFO: Element exists on the page with locator : //div[@id='grid_BlkInventory-Table_columns']/table/tbody/tr/td//div[2][contains(normalize-space(.), 'Effective Date')]
30/06/2026 11:03:26 AM - NavigationBasePageMenuMap - INFO: Element found with locator : //div[@id='grid_BlkInventory-Table_columns']/table/tbody/tr/td//div[2][contains(normalize-space(.), 'Effective Date')]and locatortype : xpath
30/06/2026 11:03:26 AM - NavigationBasePageMenuMap - INFO: Clicked on element with locator: //div[@id='grid_BlkInventory-Table_columns']/table/tbody/tr/td//div[2][contains(normalize-space(.), 'Effective Date')] locatorType: xpath
30/06/2026 11:03:28 AM - NavigationBasePageMenuMap - INFO: waiting for max :: 10:: second for the element
30/06/2026 11:03:28 AM - NavigationBasePageMenuMap - INFO: Element did not appeard on the webpage ://div[@id='grid_BlkInventory-Table_columns']/table/tbody/tr/td//div[2][contains(normalize-space(.), 'Effective Date')]
30/06/2026 11:03:28 AM - NavigationBasePageMenuMap - ERROR: Element is not displayed
30/06/2026 11:03:28 AM - NavigationBasePageMenuMap - INFO: Element found with locator : //div[@id='grid_BlkInventory-Table_columns']/table/tbody/tr/td//div[2][contains(normalize-space(.), 'Effective Date')]and locatortype : xpath
30/06/2026 11:03:28 AM - NavigationBasePageMenuMap - INFO: Element exists on the page with locator : //div[@id='grid_BlkInventory-Table_columns']/table/tbody/tr/td//div[2][contains(normalize-space(.), 'Effective Date')]
30/06/2026 11:03:28 AM - NavigationBasePageMenuMap - INFO: Element found with locator : //div[@id='grid_BlkInventory-Table_columns']/table/tbody/tr/td//div[2][contains(normalize-space(.), 'Effective Date')]and locatortype : xpath
30/06/2026 11:03:29 AM - NavigationBasePageMenuMap - ERROR: Cannot click on the element with locator: //div[@id='grid_BlkInventory-Table_columns']/table/tbody/tr/td//div[2][contains(normalize-space(.), 'Effective Date')] locatorType: xpath
30/06/2026 11:03:31 AM - NavigationBasePageMenuMap - INFO: waiting for max :: 10:: second for the element
30/06/2026 11:03:31 AM - NavigationBasePageMenuMap - INFO: Element did not appeard on the webpage ://div[@id='grid_BlkInventory-Table_columns']/table/tbody/tr/td//div[2][contains(normalize-space(.), 'Effective Date')]
30/06/2026 11:03:31 AM - NavigationBasePageMenuMap - ERROR: Element is not displayed
30/06/2026 11:03:31 AM - NavigationBasePageMenuMap - INFO: Element found with locator : //div[@id='grid_BlkInventory-Table_columns']/table/tbody/tr/td//div[2][contains(normalize-space(.), 'Effective Date')]and locatortype : xpath
30/06/2026 11:03:31 AM - NavigationBasePageMenuMap - INFO: Element exists on the page with locator : //div[@id='grid_BlkInventory-Table_columns']/table/tbody/tr/td//div[2][contains(normalize-space(.), 'Effective Date')]
30/06/2026 11:03:31 AM - NavigationBasePageMenuMap - INFO: Element found with locator : //div[@id='grid_BlkInventory-Table_columns']/table/tbody/tr/td//div[2][contains(normalize-space(.), 'Effective Date')]and locatortype : xpath
30/06/2026 11:03:31 AM - NavigationBasePageMenuMap - INFO: Clicked on element with locator: //div[@id='grid_BlkInventory-Table_columns']/table/tbody/tr/td//div[2][contains(normalize-space(.), 'Effective Date')] locatorType: xpath
30/06/2026 11:03:36 AM - NavigationBasePageMenuMap - INFO: waiting for max :: 10:: second for the element
30/06/2026 11:03:36 AM - NavigationBasePageMenuMap - INFO: Element did not appeard on the webpage ://button[@id="BlockDashboard-close"]/i
30/06/2026 11:03:36 AM - NavigationBasePageMenuMap - ERROR: Element is not displayed
30/06/2026 11:03:36 AM - NavigationBasePageMenuMap - INFO: Element found with locator : //button[@id="BlockDashboard-close"]/iand locatortype : xpath
30/06/2026 11:03:36 AM - NavigationBasePageMenuMap - INFO: Element exists on the page with locator : //button[@id="BlockDashboard-close"]/i
30/06/2026 11:03:36 AM - NavigationBasePageMenuMap - INFO: Element found with locator : //button[@id="BlockDashboard-close"]/iand locatortype : xpath
30/06/2026 11:03:36 AM - NavigationBasePageMenuMap - INFO: Clicked on element with locator: //button[@id="BlockDashboard-close"]/i locatorType: xpath
30/06/2026 11:03:40 AM - NavigationBasePageMenuMap - INFO: waiting for max :: 10:: second for the element
30/06/2026 11:03:40 AM - NavigationBasePageMenuMap - INFO: Element did not appeard on the webpage ://a[@id="inventory"]
30/06/2026 11:03:40 AM - NavigationBasePageMenuMap - ERROR: Element is not displayed
30/06/2026 11:03:40 AM - NavigationBasePageMenuMap - INFO: Element found with locator : //a[@id="inventory"]and locatortype : xpath
30/06/2026 11:03:40 AM - NavigationBasePageMenuMap - INFO: Element exists on the page with locator : //a[@id="inventory"]
30/06/2026 11:03:40 AM - NavigationBasePageMenuMap - INFO: Element found with locator : //a[@id="inventory"]and locatortype : xpath
30/06/2026 11:03:40 AM - NavigationBasePageMenuMap - INFO: Clicked on element with locator: //a[@id="inventory"] locatorType: xpath
30/06/2026 11:03:40 AM - NavigationBasePageMenuMap - INFO: waiting for max :: 10:: second for the element
30/06/2026 11:03:40 AM - NavigationBasePageMenuMap - INFO: Element did not appeard on the webpage ://a[contains(text(),"Block Dashboard")]
30/06/2026 11:03:40 AM - NavigationBasePageMenuMap - ERROR: Element is not displayed
30/06/2026 11:03:40 AM - NavigationBasePageMenuMap - INFO: Element found with locator : //a[contains(text(),"Block Dashboard")]and locatortype : xpath
30/06/2026 11:03:40 AM - NavigationBasePageMenuMap - INFO: Element exists on the page with locator : //a[contains(text(),"Block Dashboard")]
30/06/2026 11:03:40 AM - NavigationBasePageMenuMap - INFO: Element found with locator : //a[contains(text(),"Block Dashboard")]and locatortype : xpath
30/06/2026 11:03:41 AM - NavigationBasePageMenuMap - INFO: Clicked on element with locator: //a[contains(text(),"Block Dashboard")] locatorType: xpath
30/06/2026 11:03:43 AM - NavigationBasePageMenuMap - INFO: Element found with locator : //div[@data-click='searchOpen']and locatortype : xpath
30/06/2026 11:03:43 AM - NavigationBasePageMenuMap - ERROR: Element is not displayed
30/06/2026 11:03:43 AM - NavigationBasePageMenuMap - INFO: Element found with locator : //div[@data-click='searchOpen']and locatortype : xpath
30/06/2026 11:03:43 AM - NavigationBasePageMenuMap - INFO: Element is present with locator: //div[@data-click='searchOpen'] locatorType: xpath
30/06/2026 11:03:43 AM - NavigationBasePageMenuMap - INFO: Element found with locator : //div[@data-click='searchOpen']and locatortype : xpath
30/06/2026 11:03:43 AM - NavigationBasePageMenuMap - INFO: Element exists on the page with locator : //div[@data-click='searchOpen']
30/06/2026 11:03:43 AM - NavigationBasePageMenuMap - INFO: waiting for max :: 10:: second for the element
30/06/2026 11:03:43 AM - NavigationBasePageMenuMap - INFO: Element did not appeard on the webpage ://div[@data-click='searchOpen']
30/06/2026 11:03:43 AM - NavigationBasePageMenuMap - ERROR: Element is not displayed
30/06/2026 11:03:43 AM - NavigationBasePageMenuMap - INFO: Element found with locator : //div[@data-click='searchOpen']and locatortype : xpath
30/06/2026 11:03:43 AM - NavigationBasePageMenuMap - INFO: Element exists on the page with locator : //div[@data-click='searchOpen']
30/06/2026 11:03:43 AM - NavigationBasePageMenuMap - INFO: Element found with locator : //div[@data-click='searchOpen']and locatortype : xpath
30/06/2026 11:03:43 AM - NavigationBasePageMenuMap - INFO: Clicked on element with locator: //div[@data-click='searchOpen'] locatorType: xpath
30/06/2026 11:03:45 AM - NavigationBasePageMenuMap - INFO: Element found with locator : //div[@class='w2ui-field-helper w2ui-list']/following-sibling::input[@placeholder='Select a Status']and locatortype : xpath
30/06/2026 11:03:45 AM - NavigationBasePageMenuMap - ERROR: Element is not displayed
30/06/2026 11:03:45 AM - NavigationBasePageMenuMap - INFO: Element found with locator : //div[@class='w2ui-field-helper w2ui-list']/following-sibling::input[@placeholder='Select a Status']and locatortype : xpath
30/06/2026 11:03:45 AM - NavigationBasePageMenuMap - INFO: Element is present with locator: //div[@class='w2ui-field-helper w2ui-list']/following-sibling::input[@placeholder='Select a Status'] locatorType: xpath
30/06/2026 11:03:45 AM - NavigationBasePageMenuMap - INFO: waiting for max :: 10:: second for the element
30/06/2026 11:03:45 AM - NavigationBasePageMenuMap - INFO: Element did not appeard on the webpage ://div[@class='w2ui-field-helper w2ui-list']/following-sibling::input[@placeholder='Select a Status']
30/06/2026 11:03:45 AM - NavigationBasePageMenuMap - ERROR: Element is not displayed
30/06/2026 11:03:45 AM - NavigationBasePageMenuMap - INFO: Element found with locator : //div[@class='w2ui-field-helper w2ui-list']/following-sibling::input[@placeholder='Select a Status']and locatortype : xpath
30/06/2026 11:03:45 AM - NavigationBasePageMenuMap - INFO: Element exists on the page with locator : //div[@class='w2ui-field-helper w2ui-list']/following-sibling::input[@placeholder='Select a Status']
30/06/2026 11:03:45 AM - NavigationBasePageMenuMap - INFO: Element found with locator : //div[@class='w2ui-field-helper w2ui-list']/following-sibling::input[@placeholder='Select a Status']and locatortype : xpath
30/06/2026 11:03:46 AM - NavigationBasePageMenuMap - ERROR: Cannot click on the element with locator: //div[@class='w2ui-field-helper w2ui-list']/following-sibling::input[@placeholder='Select a Status'] locatorType: xpath
30/06/2026 11:03:46 AM - NavigationBasePageMenuMap - INFO: waiting for max :: 10:: second for the element
30/06/2026 11:03:46 AM - NavigationBasePageMenuMap - INFO: Element did not appeard on the webpage ://div[@class='w2ui-field-helper w2ui-list']/following-sibling::input[@placeholder='Select a Status']
30/06/2026 11:03:46 AM - NavigationBasePageMenuMap - INFO: Element found with locator : //div[@class='w2ui-field-helper w2ui-list']/following-sibling::input[@placeholder='Select a Status']and locatortype : xpath
30/06/2026 11:03:47 AM - NavigationBasePageMenuMap - INFO: Cannot send data on the element with locator: //div[@class='w2ui-field-helper w2ui-list']/following-sibling::input[@placeholder='Select a Status'] locatorType: xpath
30/06/2026 11:03:47 AM - NavigationBasePageMenuMap - INFO: waiting for max :: 10:: second for the element
30/06/2026 11:03:47 AM - NavigationBasePageMenuMap - INFO: Element did not appeard on the webpage ://input[@placeholder='Select a Status']
30/06/2026 11:03:47 AM - NavigationBasePageMenuMap - INFO: Element found with locator : //input[@placeholder='Select a Status']and locatortype : xpath
30/06/2026 11:03:48 AM - NavigationBasePageMenuMap - INFO: Cannot send data on the element with locator: //input[@placeholder='Select a Status'] locatorType: xpath
30/06/2026 11:03:48 AM - NavigationBasePageMenuMap - INFO: Element list found with locator: //div[@id='w2overlay-grid_BlkInventory-Table_field_1_menu']//div[@class='menu-text'] and locatorType: xpath
30/06/2026 11:03:49 AM - NavigationBasePageMenuMap - INFO: Element found with locator : //div[@class='w2ui-field-helper w2ui-list']/following-sibling::input[@placeholder='Select a Source']and locatortype : xpath
30/06/2026 11:03:49 AM - NavigationBasePageMenuMap - ERROR: Element is not displayed
30/06/2026 11:03:49 AM - NavigationBasePageMenuMap - INFO: Element found with locator : //div[@class='w2ui-field-helper w2ui-list']/following-sibling::input[@placeholder='Select a Source']and locatortype : xpath
30/06/2026 11:03:49 AM - NavigationBasePageMenuMap - INFO: Element is present with locator: //div[@class='w2ui-field-helper w2ui-list']/following-sibling::input[@placeholder='Select a Source'] locatorType: xpath
30/06/2026 11:03:49 AM - NavigationBasePageMenuMap - INFO: waiting for max :: 10:: second for the element
30/06/2026 11:03:49 AM - NavigationBasePageMenuMap - INFO: Element did not appeard on the webpage ://div[@class='w2ui-field-helper w2ui-list']/following-sibling::input[@placeholder='Select a Source']
30/06/2026 11:03:49 AM - NavigationBasePageMenuMap - ERROR: Element is not displayed
30/06/2026 11:03:49 AM - NavigationBasePageMenuMap - INFO: Element found with locator : //div[@class='w2ui-field-helper w2ui-list']/following-sibling::input[@placeholder='Select a Source']and locatortype : xpath
30/06/2026 11:03:49 AM - NavigationBasePageMenuMap - INFO: Element exists on the page with locator : //div[@class='w2ui-field-helper w2ui-list']/following-sibling::input[@placeholder='Select a Source']
30/06/2026 11:03:49 AM - NavigationBasePageMenuMap - INFO: Element found with locator : //div[@class='w2ui-field-helper w2ui-list']/following-sibling::input[@placeholder='Select a Source']and locatortype : xpath
30/06/2026 11:03:50 AM - NavigationBasePageMenuMap - ERROR: Cannot click on the element with locator: //div[@class='w2ui-field-helper w2ui-list']/following-sibling::input[@placeholder='Select a Source'] locatorType: xpath
30/06/2026 11:03:50 AM - NavigationBasePageMenuMap - INFO: waiting for max :: 10:: second for the element
30/06/2026 11:03:50 AM - NavigationBasePageMenuMap - INFO: Element did not appeard on the webpage ://div[@class='w2ui-field-helper w2ui-list']/following-sibling::input[@placeholder='Select a Source']
30/06/2026 11:03:50 AM - NavigationBasePageMenuMap - INFO: Element found with locator : //div[@class='w2ui-field-helper w2ui-list']/following-sibling::input[@placeholder='Select a Source']and locatortype : xpath
30/06/2026 11:03:51 AM - NavigationBasePageMenuMap - INFO: Cannot send data on the element with locator: //div[@class='w2ui-field-helper w2ui-list']/following-sibling::input[@placeholder='Select a Source'] locatorType: xpath
30/06/2026 11:03:51 AM - NavigationBasePageMenuMap - INFO: waiting for max :: 10:: second for the element
30/06/2026 11:03:51 AM - NavigationBasePageMenuMap - INFO: Element did not appeard on the webpage ://input[@placeholder='Select a Source']
30/06/2026 11:03:51 AM - NavigationBasePageMenuMap - INFO: Element found with locator : //input[@placeholder='Select a Source']and locatortype : xpath
30/06/2026 11:03:52 AM - NavigationBasePageMenuMap - INFO: Cannot send data on the element with locator: //input[@placeholder='Select a Source'] locatorType: xpath
30/06/2026 11:03:52 AM - NavigationBasePageMenuMap - INFO: Element list found with locator: //div[@id='w2overlay-grid_BlkInventory-Table_field_5_menu']//div[@class='menu-text'] and locatorType: xpath
30/06/2026 11:03:59 AM - NavigationBasePageMenuMap - INFO: waiting for max :: 10:: second for the element
30/06/2026 11:03:59 AM - NavigationBasePageMenuMap - INFO: Element did not appeard on the webpage ://div[@id='grid_BlkInventory-Table_columns']/table/tbody/tr/td//div[2][contains(normalize-space(.), 'Effective Date')]
30/06/2026 11:03:59 AM - NavigationBasePageMenuMap - ERROR: Element is not displayed
30/06/2026 11:03:59 AM - NavigationBasePageMenuMap - INFO: Element found with locator : //div[@id='grid_BlkInventory-Table_columns']/table/tbody/tr/td//div[2][contains(normalize-space(.), 'Effective Date')]and locatortype : xpath
30/06/2026 11:03:59 AM - NavigationBasePageMenuMap - INFO: Element exists on the page with locator : //div[@id='grid_BlkInventory-Table_columns']/table/tbody/tr/td//div[2][contains(normalize-space(.), 'Effective Date')]
30/06/2026 11:03:59 AM - NavigationBasePageMenuMap - INFO: Element found with locator : //div[@id='grid_BlkInventory-Table_columns']/table/tbody/tr/td//div[2][contains(normalize-space(.), 'Effective Date')]and locatortype : xpath
30/06/2026 11:04:00 AM - NavigationBasePageMenuMap - INFO: Clicked on element with locator: //div[@id='grid_BlkInventory-Table_columns']/table/tbody/tr/td//div[2][contains(normalize-space(.), 'Effective Date')] locatorType: xpath
30/06/2026 11:04:02 AM - NavigationBasePageMenuMap - INFO: waiting for max :: 10:: second for the element
30/06/2026 11:04:02 AM - NavigationBasePageMenuMap - INFO: Element did not appeard on the webpage ://div[@id='grid_BlkInventory-Table_columns']/table/tbody/tr/td//div[2][contains(normalize-space(.), 'Effective Date')]
30/06/2026 11:04:02 AM - NavigationBasePageMenuMap - ERROR: Element is not displayed
30/06/2026 11:04:02 AM - NavigationBasePageMenuMap - INFO: Element found with locator : //div[@id='grid_BlkInventory-Table_columns']/table/tbody/tr/td//div[2][contains(normalize-space(.), 'Effective Date')]and locatortype : xpath
30/06/2026 11:04:02 AM - NavigationBasePageMenuMap - INFO: Element exists on the page with locator : //div[@id='grid_BlkInventory-Table_columns']/table/tbody/tr/td//div[2][contains(normalize-space(.), 'Effective Date')]
30/06/2026 11:04:02 AM - NavigationBasePageMenuMap - INFO: Element found with locator : //div[@id='grid_BlkInventory-Table_columns']/table/tbody/tr/td//div[2][contains(normalize-space(.), 'Effective Date')]and locatortype : xpath
30/06/2026 11:04:02 AM - NavigationBasePageMenuMap - INFO: Clicked on element with locator: //div[@id='grid_BlkInventory-Table_columns']/table/tbody/tr/td//div[2][contains(normalize-space(.), 'Effective Date')] locatorType: xpath
30/06/2026 11:04:04 AM - NavigationBasePageMenuMap - INFO: waiting for max :: 10:: second for the element
30/06/2026 11:04:04 AM - NavigationBasePageMenuMap - INFO: Element did not appeard on the webpage ://div[@id='grid_BlkInventory-Table_columns']/table/tbody/tr/td//div[2][contains(normalize-space(.), 'Effective Date')]
30/06/2026 11:04:04 AM - NavigationBasePageMenuMap - ERROR: Element is not displayed
30/06/2026 11:04:04 AM - NavigationBasePageMenuMap - INFO: Element found with locator : //div[@id='grid_BlkInventory-Table_columns']/table/tbody/tr/td//div[2][contains(normalize-space(.), 'Effective Date')]and locatortype : xpath
30/06/2026 11:04:04 AM - NavigationBasePageMenuMap - INFO: Element exists on the page with locator : //div[@id='grid_BlkInventory-Table_columns']/table/tbody/tr/td//div[2][contains(normalize-space(.), 'Effective Date')]
30/06/2026 11:04:04 AM - NavigationBasePageMenuMap - INFO: Element found with locator : //div[@id='grid_BlkInventory-Table_columns']/table/tbody/tr/td//div[2][contains(normalize-space(.), 'Effective Date')]and locatortype : xpath
30/06/2026 11:04:04 AM - NavigationBasePageMenuMap - INFO: Clicked on element with locator: //div[@id='grid_BlkInventory-Table_columns']/table/tbody/tr/td//div[2][contains(normalize-space(.), 'Effective Date')] locatorType: xpath
30/06/2026 11:04:09 AM - NavigationBasePageMenuMap - INFO: waiting for max :: 10:: second for the element
30/06/2026 11:04:09 AM - NavigationBasePageMenuMap - INFO: Element did not appeard on the webpage ://button[@id="BlockDashboard-close"]/i
30/06/2026 11:04:09 AM - NavigationBasePageMenuMap - ERROR: Element is not displayed
30/06/2026 11:04:09 AM - NavigationBasePageMenuMap - INFO: Element found with locator : //button[@id="BlockDashboard-close"]/iand locatortype : xpath
30/06/2026 11:04:09 AM - NavigationBasePageMenuMap - INFO: Element exists on the page with locator : //button[@id="BlockDashboard-close"]/i
30/06/2026 11:04:09 AM - NavigationBasePageMenuMap - INFO: Element found with locator : //button[@id="BlockDashboard-close"]/iand locatortype : xpath
30/06/2026 11:04:09 AM - NavigationBasePageMenuMap - INFO: Clicked on element with locator: //button[@id="BlockDashboard-close"]/i locatorType: xpath
30/06/2026 11:04:13 AM - NavigationBasePageMenuMap - INFO: waiting for max :: 10:: second for the element
30/06/2026 11:04:13 AM - NavigationBasePageMenuMap - INFO: Element did not appeard on the webpage ://a[@id="inventory"]
30/06/2026 11:04:13 AM - NavigationBasePageMenuMap - ERROR: Element is not displayed
30/06/2026 11:04:13 AM - NavigationBasePageMenuMap - INFO: Element found with locator : //a[@id="inventory"]and locatortype : xpath
30/06/2026 11:04:13 AM - NavigationBasePageMenuMap - INFO: Element exists on the page with locator : //a[@id="inventory"]
30/06/2026 11:04:13 AM - NavigationBasePageMenuMap - INFO: Element found with locator : //a[@id="inventory"]and locatortype : xpath
30/06/2026 11:04:13 AM - NavigationBasePageMenuMap - INFO: Clicked on element with locator: //a[@id="inventory"] locatorType: xpath
30/06/2026 11:04:13 AM - NavigationBasePageMenuMap - INFO: waiting for max :: 10:: second for the element
30/06/2026 11:04:13 AM - NavigationBasePageMenuMap - INFO: Element did not appeard on the webpage ://a[contains(text(),"Block Dashboard")]
30/06/2026 11:04:13 AM - NavigationBasePageMenuMap - ERROR: Element is not displayed
30/06/2026 11:04:13 AM - NavigationBasePageMenuMap - INFO: Element found with locator : //a[contains(text(),"Block Dashboard")]and locatortype : xpath
30/06/2026 11:04:13 AM - NavigationBasePageMenuMap - INFO: Element exists on the page with locator : //a[contains(text(),"Block Dashboard")]
30/06/2026 11:04:13 AM - NavigationBasePageMenuMap - INFO: Element found with locator : //a[contains(text(),"Block Dashboard")]and locatortype : xpath
30/06/2026 11:04:13 AM - NavigationBasePageMenuMap - INFO: Clicked on element with locator: //a[contains(text(),"Block Dashboard")] locatorType: xpath
30/06/2026 11:04:15 AM - NavigationBasePageMenuMap - INFO: Element found with locator : //div[@data-click='searchOpen']and locatortype : xpath
30/06/2026 11:04:15 AM - NavigationBasePageMenuMap - ERROR: Element is not displayed
30/06/2026 11:04:15 AM - NavigationBasePageMenuMap - INFO: Element found with locator : //div[@data-click='searchOpen']and locatortype : xpath
30/06/2026 11:04:15 AM - NavigationBasePageMenuMap - INFO: Element is present with locator: //div[@data-click='searchOpen'] locatorType: xpath
30/06/2026 11:04:15 AM - NavigationBasePageMenuMap - INFO: Element found with locator : //div[@data-click='searchOpen']and locatortype : xpath
30/06/2026 11:04:15 AM - NavigationBasePageMenuMap - INFO: Element exists on the page with locator : //div[@data-click='searchOpen']
30/06/2026 11:04:15 AM - NavigationBasePageMenuMap - INFO: waiting for max :: 10:: second for the element
30/06/2026 11:04:15 AM - NavigationBasePageMenuMap - INFO: Element did not appeard on the webpage ://div[@data-click='searchOpen']
30/06/2026 11:04:15 AM - NavigationBasePageMenuMap - ERROR: Element is not displayed
30/06/2026 11:04:15 AM - NavigationBasePageMenuMap - INFO: Element found with locator : //div[@data-click='searchOpen']and locatortype : xpath
30/06/2026 11:04:15 AM - NavigationBasePageMenuMap - INFO: Element exists on the page with locator : //div[@data-click='searchOpen']
30/06/2026 11:04:15 AM - NavigationBasePageMenuMap - INFO: Element found with locator : //div[@data-click='searchOpen']and locatortype : xpath
30/06/2026 11:04:16 AM - NavigationBasePageMenuMap - INFO: Clicked on element with locator: //div[@data-click='searchOpen'] locatorType: xpath
30/06/2026 11:04:18 AM - NavigationBasePageMenuMap - INFO: Element found with locator : //div[@class='w2ui-field-helper w2ui-list']/following-sibling::input[@placeholder='Select a Status']and locatortype : xpath
30/06/2026 11:04:18 AM - NavigationBasePageMenuMap - ERROR: Element is not displayed
30/06/2026 11:04:18 AM - NavigationBasePageMenuMap - INFO: Element found with locator : //div[@class='w2ui-field-helper w2ui-list']/following-sibling::input[@placeholder='Select a Status']and locatortype : xpath
30/06/2026 11:04:18 AM - NavigationBasePageMenuMap - INFO: Element is present with locator: //div[@class='w2ui-field-helper w2ui-list']/following-sibling::input[@placeholder='Select a Status'] locatorType: xpath
30/06/2026 11:04:18 AM - NavigationBasePageMenuMap - INFO: waiting for max :: 10:: second for the element
30/06/2026 11:04:18 AM - NavigationBasePageMenuMap - INFO: Element did not appeard on the webpage ://div[@class='w2ui-field-helper w2ui-list']/following-sibling::input[@placeholder='Select a Status']
30/06/2026 11:04:18 AM - NavigationBasePageMenuMap - ERROR: Element is not displayed
30/06/2026 11:04:18 AM - NavigationBasePageMenuMap - INFO: Element found with locator : //div[@class='w2ui-field-helper w2ui-list']/following-sibling::input[@placeholder='Select a Status']and locatortype : xpath
30/06/2026 11:04:18 AM - NavigationBasePageMenuMap - INFO: Element exists on the page with locator : //div[@class='w2ui-field-helper w2ui-list']/following-sibling::input[@placeholder='Select a Status']
30/06/2026 11:04:18 AM - NavigationBasePageMenuMap - INFO: Element found with locator : //div[@class='w2ui-field-helper w2ui-list']/following-sibling::input[@placeholder='Select a Status']and locatortype : xpath
30/06/2026 11:04:19 AM - NavigationBasePageMenuMap - ERROR: Cannot click on the element with locator: //div[@class='w2ui-field-helper w2ui-list']/following-sibling::input[@placeholder='Select a Status'] locatorType: xpath
30/06/2026 11:04:19 AM - NavigationBasePageMenuMap - INFO: waiting for max :: 10:: second for the element
30/06/2026 11:04:19 AM - NavigationBasePageMenuMap - INFO: Element did not appeard on the webpage ://div[@class='w2ui-field-helper w2ui-list']/following-sibling::input[@placeholder='Select a Status']
30/06/2026 11:04:19 AM - NavigationBasePageMenuMap - INFO: Element found with locator : //div[@class='w2ui-field-helper w2ui-list']/following-sibling::input[@placeholder='Select a Status']and locatortype : xpath
30/06/2026 11:04:20 AM - NavigationBasePageMenuMap - INFO: Cannot send data on the element with locator: //div[@class='w2ui-field-helper w2ui-list']/following-sibling::input[@placeholder='Select a Status'] locatorType: xpath
30/06/2026 11:04:20 AM - NavigationBasePageMenuMap - INFO: waiting for max :: 10:: second for the element
30/06/2026 11:04:20 AM - NavigationBasePageMenuMap - INFO: Element did not appeard on the webpage ://input[@placeholder='Select a Status']
30/06/2026 11:04:20 AM - NavigationBasePageMenuMap - INFO: Element found with locator : //input[@placeholder='Select a Status']and locatortype : xpath
30/06/2026 11:04:21 AM - NavigationBasePageMenuMap - INFO: Cannot send data on the element with locator: //input[@placeholder='Select a Status'] locatorType: xpath
30/06/2026 11:04:21 AM - NavigationBasePageMenuMap - INFO: Element list found with locator: //div[@id='w2overlay-grid_BlkInventory-Table_field_1_menu']//div[@class='menu-text'] and locatorType: xpath
30/06/2026 11:04:21 AM - NavigationBasePageMenuMap - INFO: Element found with locator : //div[@class='w2ui-field-helper w2ui-list']/following-sibling::input[@placeholder='Select a Source']and locatortype : xpath
30/06/2026 11:04:21 AM - NavigationBasePageMenuMap - ERROR: Element is not displayed
30/06/2026 11:04:21 AM - NavigationBasePageMenuMap - INFO: Element found with locator : //div[@class='w2ui-field-helper w2ui-list']/following-sibling::input[@placeholder='Select a Source']and locatortype : xpath
30/06/2026 11:04:21 AM - NavigationBasePageMenuMap - INFO: Element is present with locator: //div[@class='w2ui-field-helper w2ui-list']/following-sibling::input[@placeholder='Select a Source'] locatorType: xpath
30/06/2026 11:04:21 AM - NavigationBasePageMenuMap - INFO: waiting for max :: 10:: second for the element
30/06/2026 11:04:21 AM - NavigationBasePageMenuMap - INFO: Element did not appeard on the webpage ://div[@class='w2ui-field-helper w2ui-list']/following-sibling::input[@placeholder='Select a Source']
30/06/2026 11:04:21 AM - NavigationBasePageMenuMap - ERROR: Element is not displayed
30/06/2026 11:04:21 AM - NavigationBasePageMenuMap - INFO: Element found with locator : //div[@class='w2ui-field-helper w2ui-list']/following-sibling::input[@placeholder='Select a Source']and locatortype : xpath
30/06/2026 11:04:21 AM - NavigationBasePageMenuMap - INFO: Element exists on the page with locator : //div[@class='w2ui-field-helper w2ui-list']/following-sibling::input[@placeholder='Select a Source']
30/06/2026 11:04:21 AM - NavigationBasePageMenuMap - INFO: Element found with locator : //div[@class='w2ui-field-helper w2ui-list']/following-sibling::input[@placeholder='Select a Source']and locatortype : xpath
30/06/2026 11:04:22 AM - NavigationBasePageMenuMap - ERROR: Cannot click on the element with locator: //div[@class='w2ui-field-helper w2ui-list']/following-sibling::input[@placeholder='Select a Source'] locatorType: xpath
30/06/2026 11:04:22 AM - NavigationBasePageMenuMap - INFO: waiting for max :: 10:: second for the element
30/06/2026 11:04:22 AM - NavigationBasePageMenuMap - INFO: Element did not appeard on the webpage ://div[@class='w2ui-field-helper w2ui-list']/following-sibling::input[@placeholder='Select a Source']
30/06/2026 11:04:22 AM - NavigationBasePageMenuMap - INFO: Element found with locator : //div[@class='w2ui-field-helper w2ui-list']/following-sibling::input[@placeholder='Select a Source']and locatortype : xpath
30/06/2026 11:04:23 AM - NavigationBasePageMenuMap - INFO: Cannot send data on the element with locator: //div[@class='w2ui-field-helper w2ui-list']/following-sibling::input[@placeholder='Select a Source'] locatorType: xpath
30/06/2026 11:04:23 AM - NavigationBasePageMenuMap - INFO: waiting for max :: 10:: second for the element
30/06/2026 11:04:24 AM - NavigationBasePageMenuMap - INFO: Element did not appeard on the webpage ://input[@placeholder='Select a Source']
30/06/2026 11:04:24 AM - NavigationBasePageMenuMap - INFO: Element found with locator : //input[@placeholder='Select a Source']and locatortype : xpath
30/06/2026 11:04:25 AM - NavigationBasePageMenuMap - INFO: Cannot send data on the element with locator: //input[@placeholder='Select a Source'] locatorType: xpath
30/06/2026 11:04:25 AM - NavigationBasePageMenuMap - INFO: Element list found with locator: //div[@id='w2overlay-grid_BlkInventory-Table_field_5_menu']//div[@class='menu-text'] and locatorType: xpath
30/06/2026 11:04:32 AM - NavigationBasePageMenuMap - INFO: waiting for max :: 10:: second for the element
30/06/2026 11:04:32 AM - NavigationBasePageMenuMap - INFO: Element did not appeard on the webpage ://div[@id='grid_BlkInventory-Table_columns']/table/tbody/tr/td//div[2][contains(normalize-space(.), 'Effective Date')]
30/06/2026 11:04:32 AM - NavigationBasePageMenuMap - ERROR: Element is not displayed
30/06/2026 11:04:32 AM - NavigationBasePageMenuMap - INFO: Element found with locator : //div[@id='grid_BlkInventory-Table_columns']/table/tbody/tr/td//div[2][contains(normalize-space(.), 'Effective Date')]and locatortype : xpath
30/06/2026 11:04:32 AM - NavigationBasePageMenuMap - INFO: Element exists on the page with locator : //div[@id='grid_BlkInventory-Table_columns']/table/tbody/tr/td//div[2][contains(normalize-space(.), 'Effective Date')]
30/06/2026 11:04:32 AM - NavigationBasePageMenuMap - INFO: Element found with locator : //div[@id='grid_BlkInventory-Table_columns']/table/tbody/tr/td//div[2][contains(normalize-space(.), 'Effective Date')]and locatortype : xpath
30/06/2026 11:04:32 AM - NavigationBasePageMenuMap - INFO: Clicked on element with locator: //div[@id='grid_BlkInventory-Table_columns']/table/tbody/tr/td//div[2][contains(normalize-space(.), 'Effective Date')] locatorType: xpath
30/06/2026 11:04:34 AM - NavigationBasePageMenuMap - INFO: waiting for max :: 10:: second for the element
30/06/2026 11:04:34 AM - NavigationBasePageMenuMap - INFO: Element did not appeard on the webpage ://div[@id='grid_BlkInventory-Table_columns']/table/tbody/tr/td//div[2][contains(normalize-space(.), 'Effective Date')]
30/06/2026 11:04:34 AM - NavigationBasePageMenuMap - ERROR: Element is not displayed
30/06/2026 11:04:34 AM - NavigationBasePageMenuMap - INFO: Element found with locator : //div[@id='grid_BlkInventory-Table_columns']/table/tbody/tr/td//div[2][contains(normalize-space(.), 'Effective Date')]and locatortype : xpath
30/06/2026 11:04:34 AM - NavigationBasePageMenuMap - INFO: Element exists on the page with locator : //div[@id='grid_BlkInventory-Table_columns']/table/tbody/tr/td//div[2][contains(normalize-space(.), 'Effective Date')]
30/06/2026 11:04:34 AM - NavigationBasePageMenuMap - INFO: Element found with locator : //div[@id='grid_BlkInventory-Table_columns']/table/tbody/tr/td//div[2][contains(normalize-space(.), 'Effective Date')]and locatortype : xpath
30/06/2026 11:04:34 AM - NavigationBasePageMenuMap - INFO: Clicked on element with locator: //div[@id='grid_BlkInventory-Table_columns']/table/tbody/tr/td//div[2][contains(normalize-space(.), 'Effective Date')] locatorType: xpath
30/06/2026 11:04:36 AM - NavigationBasePageMenuMap - INFO: waiting for max :: 10:: second for the element
30/06/2026 11:04:36 AM - NavigationBasePageMenuMap - INFO: Element did not appeard on the webpage ://div[@id='grid_BlkInventory-Table_columns']/table/tbody/tr/td//div[2][contains(normalize-space(.), 'Effective Date')]
30/06/2026 11:04:36 AM - NavigationBasePageMenuMap - ERROR: Element is not displayed
30/06/2026 11:04:36 AM - NavigationBasePageMenuMap - INFO: Element found with locator : //div[@id='grid_BlkInventory-Table_columns']/table/tbody/tr/td//div[2][contains(normalize-space(.), 'Effective Date')]and locatortype : xpath
30/06/2026 11:04:36 AM - NavigationBasePageMenuMap - INFO: Element exists on the page with locator : //div[@id='grid_BlkInventory-Table_columns']/table/tbody/tr/td//div[2][contains(normalize-space(.), 'Effective Date')]
30/06/2026 11:04:36 AM - NavigationBasePageMenuMap - INFO: Element found with locator : //div[@id='grid_BlkInventory-Table_columns']/table/tbody/tr/td//div[2][contains(normalize-space(.), 'Effective Date')]and locatortype : xpath
30/06/2026 11:04:36 AM - NavigationBasePageMenuMap - INFO: Clicked on element with locator: //div[@id='grid_BlkInventory-Table_columns']/table/tbody/tr/td//div[2][contains(normalize-space(.), 'Effective Date')] locatorType: xpath
30/06/2026 11:04:41 AM - NavigationBasePageMenuMap - INFO: waiting for max :: 10:: second for the element
30/06/2026 11:04:41 AM - NavigationBasePageMenuMap - INFO: Element did not appeard on the webpage ://button[@id="BlockDashboard-close"]/i
30/06/2026 11:04:41 AM - NavigationBasePageMenuMap - ERROR: Element is not displayed
30/06/2026 11:04:41 AM - NavigationBasePageMenuMap - INFO: Element found with locator : //button[@id="BlockDashboard-close"]/iand locatortype : xpath
30/06/2026 11:04:41 AM - NavigationBasePageMenuMap - INFO: Element exists on the page with locator : //button[@id="BlockDashboard-close"]/i
30/06/2026 11:04:41 AM - NavigationBasePageMenuMap - INFO: Element found with locator : //button[@id="BlockDashboard-close"]/iand locatortype : xpath
30/06/2026 11:04:41 AM - NavigationBasePageMenuMap - INFO: Clicked on element with locator: //button[@id="BlockDashboard-close"]/i locatorType: xpath
30/06/2026 11:04:45 AM - NavigationBasePageMenuMap - INFO: waiting for max :: 10:: second for the element
30/06/2026 11:04:45 AM - NavigationBasePageMenuMap - INFO: Element did not appeard on the webpage ://a[@id="inventory"]
30/06/2026 11:04:45 AM - NavigationBasePageMenuMap - ERROR: Element is not displayed
30/06/2026 11:04:45 AM - NavigationBasePageMenuMap - INFO: Element found with locator : //a[@id="inventory"]and locatortype : xpath
30/06/2026 11:04:45 AM - NavigationBasePageMenuMap - INFO: Element exists on the page with locator : //a[@id="inventory"]
30/06/2026 11:04:45 AM - NavigationBasePageMenuMap - INFO: Element found with locator : //a[@id="inventory"]and locatortype : xpath
30/06/2026 11:04:45 AM - NavigationBasePageMenuMap - INFO: Clicked on element with locator: //a[@id="inventory"] locatorType: xpath
30/06/2026 11:04:45 AM - NavigationBasePageMenuMap - INFO: waiting for max :: 10:: second for the element
30/06/2026 11:04:46 AM - NavigationBasePageMenuMap - INFO: Element did not appeard on the webpage ://a[contains(text(),"TN Dashboard")]
30/06/2026 11:04:46 AM - NavigationBasePageMenuMap - ERROR: Element is not displayed
30/06/2026 11:04:46 AM - NavigationBasePageMenuMap - INFO: Element found with locator : //a[contains(text(),"TN Dashboard")]and locatortype : xpath
30/06/2026 11:04:46 AM - NavigationBasePageMenuMap - INFO: Element exists on the page with locator : //a[contains(text(),"TN Dashboard")]
30/06/2026 11:04:46 AM - NavigationBasePageMenuMap - INFO: Element found with locator : //a[contains(text(),"TN Dashboard")]and locatortype : xpath
30/06/2026 11:04:46 AM - NavigationBasePageMenuMap - INFO: Clicked on element with locator: //a[contains(text(),"TN Dashboard")] locatorType: xpath
30/06/2026 11:04:48 AM - NavigationBasePageMenuMap - INFO: Element found with locator : //div[@id='tb_TnInventory-Table_toolbar_item_w2ui-search-advanced']/div/spanand locatortype : xpath
30/06/2026 11:04:48 AM - NavigationBasePageMenuMap - ERROR: Element is not displayed
30/06/2026 11:04:48 AM - NavigationBasePageMenuMap - INFO: Element found with locator : //div[@id='tb_TnInventory-Table_toolbar_item_w2ui-search-advanced']/div/spanand locatortype : xpath
30/06/2026 11:04:48 AM - NavigationBasePageMenuMap - INFO: Element is present with locator: //div[@id='tb_TnInventory-Table_toolbar_item_w2ui-search-advanced']/div/span locatorType: xpath
30/06/2026 11:04:48 AM - NavigationBasePageMenuMap - INFO: Element found with locator : //div[@id='tb_TnInventory-Table_toolbar_item_w2ui-search-advanced']/div/spanand locatortype : xpath
30/06/2026 11:04:48 AM - NavigationBasePageMenuMap - INFO: Element exists on the page with locator : //div[@id='tb_TnInventory-Table_toolbar_item_w2ui-search-advanced']/div/span
30/06/2026 11:04:48 AM - NavigationBasePageMenuMap - INFO: waiting for max :: 10:: second for the element
30/06/2026 11:04:48 AM - NavigationBasePageMenuMap - INFO: Element did not appeard on the webpage ://div[@id='tb_TnInventory-Table_toolbar_item_w2ui-search-advanced']/div/span
30/06/2026 11:04:48 AM - NavigationBasePageMenuMap - ERROR: Element is not displayed
30/06/2026 11:04:48 AM - NavigationBasePageMenuMap - INFO: Element found with locator : //div[@id='tb_TnInventory-Table_toolbar_item_w2ui-search-advanced']/div/spanand locatortype : xpath
30/06/2026 11:04:48 AM - NavigationBasePageMenuMap - INFO: Element exists on the page with locator : //div[@id='tb_TnInventory-Table_toolbar_item_w2ui-search-advanced']/div/span
30/06/2026 11:04:48 AM - NavigationBasePageMenuMap - INFO: Element found with locator : //div[@id='tb_TnInventory-Table_toolbar_item_w2ui-search-advanced']/div/spanand locatortype : xpath
30/06/2026 11:04:48 AM - NavigationBasePageMenuMap - INFO: Clicked on element with locator: //div[@id='tb_TnInventory-Table_toolbar_item_w2ui-search-advanced']/div/span locatorType: xpath
30/06/2026 11:04:50 AM - NavigationBasePageMenuMap - INFO: Element found with locator : //tr[1]/td/input[@rel='search']and locatortype : xpath
30/06/2026 11:04:50 AM - NavigationBasePageMenuMap - ERROR: Element is not displayed
30/06/2026 11:04:50 AM - NavigationBasePageMenuMap - INFO: Element found with locator : //tr[1]/td/input[@rel='search']and locatortype : xpath
30/06/2026 11:04:50 AM - NavigationBasePageMenuMap - INFO: Element is present with locator: //tr[1]/td/input[@rel='search'] locatorType: xpath
30/06/2026 11:04:50 AM - NavigationBasePageMenuMap - INFO: waiting for max :: 10:: second for the element
30/06/2026 11:04:50 AM - NavigationBasePageMenuMap - INFO: Element did not appeard on the webpage ://tr[1]/td/input[@rel='search']
30/06/2026 11:04:50 AM - NavigationBasePageMenuMap - INFO: Element found with locator : //tr[1]/td/input[@rel='search']and locatortype : xpath
30/06/2026 11:04:51 AM - NavigationBasePageMenuMap - INFO: Sent data on element with locator: //tr[1]/td/input[@rel='search'] locatorType: xpath
30/06/2026 11:04:51 AM - NavigationBasePageMenuMap - INFO: Element found with locator : //td[contains(text(),'Requester')]/following-sibling::td/selectand locatortype : xpath
30/06/2026 11:04:51 AM - NavigationBasePageMenuMap - INFO: waiting for max :: 10:: second for the element
30/06/2026 11:04:51 AM - NavigationBasePageMenuMap - INFO: Element did not appeard on the webpage ://td[contains(text(),'Requester')]/following-sibling::td/select
30/06/2026 11:04:51 AM - NavigationBasePageMenuMap - INFO: Element found with locator : //td[contains(text(),'Requester')]/following-sibling::td/selectand locatortype : xpath
30/06/2026 11:04:51 AM - NavigationBasePageMenuMap - INFO: element is selected : //td[contains(text(),'Requester')]/following-sibling::td/select value: contains
30/06/2026 11:04:52 AM - NavigationBasePageMenuMap - INFO: Element found with locator : //td[contains(text(),'Requester')]/following-sibling::td/input[@rel='search']and locatortype : xpath
30/06/2026 11:04:57 AM - NavigationBasePageMenuMap - INFO: Element found with locator : //tr[@id='grid_TnInventory-Table_rec_1']/td[2]/divand locatortype : xpath
30/06/2026 11:04:57 AM - NavigationBasePageMenuMap - INFO: Getting text on element :: 
30/06/2026 11:04:57 AM - NavigationBasePageMenuMap - INFO: The text is :: '464-221-3997'
30/06/2026 11:04:57 AM - NavigationBasePageMenuMap - INFO: Element found with locator : //tr[@id='grid_TnInventory-Table_rec_1']/td[9]/divand locatortype : xpath
30/06/2026 11:04:57 AM - NavigationBasePageMenuMap - INFO: Getting text on element :: 
30/06/2026 11:04:57 AM - NavigationBasePageMenuMap - INFO: The text is :: 'CHICAGO ILLINOIS'
30/06/2026 11:04:58 AM - NavigationBasePageMenuMap - INFO: Element found with locator : //td[@id='grid_TnInventory-Table_data_0_17']/div/divand locatortype : xpath
30/06/2026 11:04:58 AM - NavigationBasePageMenuMap - INFO: waiting for max :: 10:: second for the element
30/06/2026 11:04:58 AM - NavigationBasePageMenuMap - INFO: Element did not appeard on the webpage ://button[@id="TnDashboard-close"]/i
30/06/2026 11:04:58 AM - NavigationBasePageMenuMap - ERROR: Element is not displayed
30/06/2026 11:04:58 AM - NavigationBasePageMenuMap - INFO: Element found with locator : //button[@id="TnDashboard-close"]/iand locatortype : xpath
30/06/2026 11:04:58 AM - NavigationBasePageMenuMap - INFO: Element exists on the page with locator : //button[@id="TnDashboard-close"]/i
30/06/2026 11:04:58 AM - NavigationBasePageMenuMap - INFO: Element found with locator : //button[@id="TnDashboard-close"]/iand locatortype : xpath
30/06/2026 11:04:59 AM - NavigationBasePageMenuMap - ERROR: Cannot click on the element with locator: //button[@id="TnDashboard-close"]/i locatorType: xpath
30/06/2026 11:05:01 AM - NavigationBasePageMenuMap - INFO: waiting for max :: 10:: second for the element
30/06/2026 11:05:01 AM - NavigationBasePageMenuMap - INFO: Element did not appeard on the webpage ://a[@id="inventory"]
30/06/2026 11:05:01 AM - NavigationBasePageMenuMap - ERROR: Element is not displayed
30/06/2026 11:05:01 AM - NavigationBasePageMenuMap - INFO: Element found with locator : //a[@id="inventory"]and locatortype : xpath
30/06/2026 11:05:01 AM - NavigationBasePageMenuMap - INFO: Element exists on the page with locator : //a[@id="inventory"]
30/06/2026 11:05:01 AM - NavigationBasePageMenuMap - INFO: Element found with locator : //a[@id="inventory"]and locatortype : xpath
30/06/2026 11:05:01 AM - NavigationBasePageMenuMap - INFO: Clicked on element with locator: //a[@id="inventory"] locatorType: xpath
30/06/2026 11:05:01 AM - NavigationBasePageMenuMap - INFO: waiting for max :: 10:: second for the element
30/06/2026 11:05:02 AM - NavigationBasePageMenuMap - INFO: Element did not appeard on the webpage ://a[contains(text(),"TN Dashboard")]
30/06/2026 11:05:02 AM - NavigationBasePageMenuMap - ERROR: Element is not displayed
30/06/2026 11:05:02 AM - NavigationBasePageMenuMap - INFO: Element found with locator : //a[contains(text(),"TN Dashboard")]and locatortype : xpath
30/06/2026 11:05:02 AM - NavigationBasePageMenuMap - INFO: Element exists on the page with locator : //a[contains(text(),"TN Dashboard")]
30/06/2026 11:05:02 AM - NavigationBasePageMenuMap - INFO: Element found with locator : //a[contains(text(),"TN Dashboard")]and locatortype : xpath
30/06/2026 11:05:02 AM - NavigationBasePageMenuMap - INFO: Clicked on element with locator: //a[contains(text(),"TN Dashboard")] locatorType: xpath
30/06/2026 11:05:04 AM - NavigationBasePageMenuMap - INFO: Element found with locator : //div[@id='tb_TnInventory-Table_toolbar_item_w2ui-search-advanced']/div/spanand locatortype : xpath
30/06/2026 11:05:04 AM - NavigationBasePageMenuMap - ERROR: Element is not displayed
30/06/2026 11:05:04 AM - NavigationBasePageMenuMap - INFO: Element found with locator : //div[@id='tb_TnInventory-Table_toolbar_item_w2ui-search-advanced']/div/spanand locatortype : xpath
30/06/2026 11:05:04 AM - NavigationBasePageMenuMap - INFO: Element is present with locator: //div[@id='tb_TnInventory-Table_toolbar_item_w2ui-search-advanced']/div/span locatorType: xpath
30/06/2026 11:05:04 AM - NavigationBasePageMenuMap - INFO: Element found with locator : //div[@id='tb_TnInventory-Table_toolbar_item_w2ui-search-advanced']/div/spanand locatortype : xpath
30/06/2026 11:05:04 AM - NavigationBasePageMenuMap - INFO: Element exists on the page with locator : //div[@id='tb_TnInventory-Table_toolbar_item_w2ui-search-advanced']/div/span
30/06/2026 11:05:04 AM - NavigationBasePageMenuMap - INFO: waiting for max :: 10:: second for the element
30/06/2026 11:05:04 AM - NavigationBasePageMenuMap - INFO: Element did not appeard on the webpage ://div[@id='tb_TnInventory-Table_toolbar_item_w2ui-search-advanced']/div/span
30/06/2026 11:05:04 AM - NavigationBasePageMenuMap - ERROR: Element is not displayed
30/06/2026 11:05:04 AM - NavigationBasePageMenuMap - INFO: Element found with locator : //div[@id='tb_TnInventory-Table_toolbar_item_w2ui-search-advanced']/div/spanand locatortype : xpath
30/06/2026 11:05:04 AM - NavigationBasePageMenuMap - INFO: Element exists on the page with locator : //div[@id='tb_TnInventory-Table_toolbar_item_w2ui-search-advanced']/div/span
30/06/2026 11:05:04 AM - NavigationBasePageMenuMap - INFO: Element found with locator : //div[@id='tb_TnInventory-Table_toolbar_item_w2ui-search-advanced']/div/spanand locatortype : xpath
30/06/2026 11:05:04 AM - NavigationBasePageMenuMap - INFO: Clicked on element with locator: //div[@id='tb_TnInventory-Table_toolbar_item_w2ui-search-advanced']/div/span locatorType: xpath
30/06/2026 11:05:06 AM - NavigationBasePageMenuMap - INFO: Element found with locator : //tr[1]/td/input[@rel='search']and locatortype : xpath
30/06/2026 11:05:06 AM - NavigationBasePageMenuMap - ERROR: Element is not displayed
30/06/2026 11:05:06 AM - NavigationBasePageMenuMap - INFO: Element found with locator : //tr[1]/td/input[@rel='search']and locatortype : xpath
30/06/2026 11:05:06 AM - NavigationBasePageMenuMap - INFO: Element is present with locator: //tr[1]/td/input[@rel='search'] locatorType: xpath
30/06/2026 11:05:06 AM - NavigationBasePageMenuMap - INFO: waiting for max :: 10:: second for the element
30/06/2026 11:05:06 AM - NavigationBasePageMenuMap - INFO: Element did not appeard on the webpage ://tr[1]/td/input[@rel='search']
30/06/2026 11:05:06 AM - NavigationBasePageMenuMap - INFO: Element found with locator : //tr[1]/td/input[@rel='search']and locatortype : xpath
30/06/2026 11:05:07 AM - NavigationBasePageMenuMap - INFO: Sent data on element with locator: //tr[1]/td/input[@rel='search'] locatorType: xpath
30/06/2026 11:05:07 AM - NavigationBasePageMenuMap - INFO: Element found with locator : //td[contains(text(),'Requester')]/following-sibling::td/selectand locatortype : xpath
30/06/2026 11:05:07 AM - NavigationBasePageMenuMap - INFO: waiting for max :: 10:: second for the element
30/06/2026 11:05:07 AM - NavigationBasePageMenuMap - INFO: Element did not appeard on the webpage ://td[contains(text(),'Requester')]/following-sibling::td/select
30/06/2026 11:05:07 AM - NavigationBasePageMenuMap - INFO: Element found with locator : //td[contains(text(),'Requester')]/following-sibling::td/selectand locatortype : xpath
30/06/2026 11:05:07 AM - NavigationBasePageMenuMap - INFO: element is selected : //td[contains(text(),'Requester')]/following-sibling::td/select value: contains
30/06/2026 11:05:08 AM - NavigationBasePageMenuMap - INFO: Element found with locator : //td[contains(text(),'Requester')]/following-sibling::td/input[@rel='search']and locatortype : xpath
30/06/2026 11:05:13 AM - NavigationBasePageMenuMap - INFO: Element found with locator : //tr[@id='grid_TnInventory-Table_rec_1']/td[2]/divand locatortype : xpath
30/06/2026 11:05:13 AM - NavigationBasePageMenuMap - INFO: Getting text on element :: 
30/06/2026 11:05:13 AM - NavigationBasePageMenuMap - INFO: The text is :: '313-620-0997'
30/06/2026 11:05:13 AM - NavigationBasePageMenuMap - INFO: Element found with locator : //tr[@id='grid_TnInventory-Table_rec_1']/td[9]/divand locatortype : xpath
30/06/2026 11:05:13 AM - NavigationBasePageMenuMap - INFO: Getting text on element :: 
30/06/2026 11:05:13 AM - NavigationBasePageMenuMap - INFO: The text is :: 'DETROIT MICHIGAN'
30/06/2026 11:05:14 AM - NavigationBasePageMenuMap - INFO: Element found with locator : //td[@id='grid_TnInventory-Table_data_0_17']/div/divand locatortype : xpath
30/06/2026 11:05:14 AM - NavigationBasePageMenuMap - INFO: Getting text on element :: 
30/06/2026 11:05:14 AM - NavigationBasePageMenuMap - INFO: The text is :: 'NEW CODE'
30/06/2026 11:05:14 AM - NavigationBasePageMenuMap - INFO: waiting for max :: 10:: second for the element
30/06/2026 11:05:14 AM - NavigationBasePageMenuMap - INFO: Element did not appeard on the webpage ://button[@id="TnDashboard-close"]/i
30/06/2026 11:05:14 AM - NavigationBasePageMenuMap - ERROR: Element is not displayed
30/06/2026 11:05:14 AM - NavigationBasePageMenuMap - INFO: Element found with locator : //button[@id="TnDashboard-close"]/iand locatortype : xpath
30/06/2026 11:05:14 AM - NavigationBasePageMenuMap - INFO: Element exists on the page with locator : //button[@id="TnDashboard-close"]/i
30/06/2026 11:05:14 AM - NavigationBasePageMenuMap - INFO: Element found with locator : //button[@id="TnDashboard-close"]/iand locatortype : xpath
30/06/2026 11:05:15 AM - NavigationBasePageMenuMap - ERROR: Cannot click on the element with locator: //button[@id="TnDashboard-close"]/i locatorType: xpath
30/06/2026 11:05:17 AM - NavigationBasePageMenuMap - INFO: waiting for max :: 10:: second for the element
30/06/2026 11:05:17 AM - NavigationBasePageMenuMap - INFO: Element did not appeard on the webpage ://a[@id="inventory"]
30/06/2026 11:05:17 AM - NavigationBasePageMenuMap - ERROR: Element is not displayed
30/06/2026 11:05:17 AM - NavigationBasePageMenuMap - INFO: Element found with locator : //a[@id="inventory"]and locatortype : xpath
30/06/2026 11:05:17 AM - NavigationBasePageMenuMap - INFO: Element exists on the page with locator : //a[@id="inventory"]
30/06/2026 11:05:17 AM - NavigationBasePageMenuMap - INFO: Element found with locator : //a[@id="inventory"]and locatortype : xpath
30/06/2026 11:05:17 AM - NavigationBasePageMenuMap - INFO: Clicked on element with locator: //a[@id="inventory"] locatorType: xpath
30/06/2026 11:05:17 AM - NavigationBasePageMenuMap - INFO: waiting for max :: 10:: second for the element
30/06/2026 11:05:17 AM - NavigationBasePageMenuMap - INFO: Element did not appeard on the webpage ://a[contains(text(),"TN Dashboard")]
30/06/2026 11:05:17 AM - NavigationBasePageMenuMap - ERROR: Element is not displayed
30/06/2026 11:05:17 AM - NavigationBasePageMenuMap - INFO: Element found with locator : //a[contains(text(),"TN Dashboard")]and locatortype : xpath
30/06/2026 11:05:17 AM - NavigationBasePageMenuMap - INFO: Element exists on the page with locator : //a[contains(text(),"TN Dashboard")]
30/06/2026 11:05:17 AM - NavigationBasePageMenuMap - INFO: Element found with locator : //a[contains(text(),"TN Dashboard")]and locatortype : xpath
30/06/2026 11:05:17 AM - NavigationBasePageMenuMap - INFO: Clicked on element with locator: //a[contains(text(),"TN Dashboard")] locatorType: xpath
30/06/2026 11:05:19 AM - NavigationBasePageMenuMap - INFO: Element found with locator : //div[@id='tb_TnInventory-Table_toolbar_item_w2ui-search-advanced']/div/spanand locatortype : xpath
30/06/2026 11:05:19 AM - NavigationBasePageMenuMap - ERROR: Element is not displayed
30/06/2026 11:05:20 AM - NavigationBasePageMenuMap - INFO: Element found with locator : //div[@id='tb_TnInventory-Table_toolbar_item_w2ui-search-advanced']/div/spanand locatortype : xpath
30/06/2026 11:05:20 AM - NavigationBasePageMenuMap - INFO: Element is present with locator: //div[@id='tb_TnInventory-Table_toolbar_item_w2ui-search-advanced']/div/span locatorType: xpath
30/06/2026 11:05:20 AM - NavigationBasePageMenuMap - INFO: Element found with locator : //div[@id='tb_TnInventory-Table_toolbar_item_w2ui-search-advanced']/div/spanand locatortype : xpath
30/06/2026 11:05:20 AM - NavigationBasePageMenuMap - INFO: Element exists on the page with locator : //div[@id='tb_TnInventory-Table_toolbar_item_w2ui-search-advanced']/div/span
30/06/2026 11:05:20 AM - NavigationBasePageMenuMap - INFO: waiting for max :: 10:: second for the element
30/06/2026 11:05:20 AM - NavigationBasePageMenuMap - INFO: Element did not appeard on the webpage ://div[@id='tb_TnInventory-Table_toolbar_item_w2ui-search-advanced']/div/span
30/06/2026 11:05:20 AM - NavigationBasePageMenuMap - ERROR: Element is not displayed
30/06/2026 11:05:20 AM - NavigationBasePageMenuMap - INFO: Element found with locator : //div[@id='tb_TnInventory-Table_toolbar_item_w2ui-search-advanced']/div/spanand locatortype : xpath
30/06/2026 11:05:20 AM - NavigationBasePageMenuMap - INFO: Element exists on the page with locator : //div[@id='tb_TnInventory-Table_toolbar_item_w2ui-search-advanced']/div/span
30/06/2026 11:05:20 AM - NavigationBasePageMenuMap - INFO: Element found with locator : //div[@id='tb_TnInventory-Table_toolbar_item_w2ui-search-advanced']/div/spanand locatortype : xpath
30/06/2026 11:05:20 AM - NavigationBasePageMenuMap - INFO: Clicked on element with locator: //div[@id='tb_TnInventory-Table_toolbar_item_w2ui-search-advanced']/div/span locatorType: xpath
30/06/2026 11:05:22 AM - NavigationBasePageMenuMap - INFO: Element found with locator : //tr[1]/td/input[@rel='search']and locatortype : xpath
30/06/2026 11:05:22 AM - NavigationBasePageMenuMap - ERROR: Element is not displayed
30/06/2026 11:05:22 AM - NavigationBasePageMenuMap - INFO: Element found with locator : //tr[1]/td/input[@rel='search']and locatortype : xpath
30/06/2026 11:05:22 AM - NavigationBasePageMenuMap - INFO: Element is present with locator: //tr[1]/td/input[@rel='search'] locatorType: xpath
30/06/2026 11:05:22 AM - NavigationBasePageMenuMap - INFO: waiting for max :: 10:: second for the element
30/06/2026 11:05:22 AM - NavigationBasePageMenuMap - INFO: Element did not appeard on the webpage ://tr[1]/td/input[@rel='search']
30/06/2026 11:05:22 AM - NavigationBasePageMenuMap - INFO: Element found with locator : //tr[1]/td/input[@rel='search']and locatortype : xpath
30/06/2026 11:05:23 AM - NavigationBasePageMenuMap - INFO: Sent data on element with locator: //tr[1]/td/input[@rel='search'] locatorType: xpath
30/06/2026 11:05:23 AM - NavigationBasePageMenuMap - INFO: Element found with locator : //td[contains(text(),'Requester')]/following-sibling::td/selectand locatortype : xpath
30/06/2026 11:05:23 AM - NavigationBasePageMenuMap - INFO: waiting for max :: 10:: second for the element
30/06/2026 11:05:23 AM - NavigationBasePageMenuMap - INFO: Element did not appeard on the webpage ://td[contains(text(),'Requester')]/following-sibling::td/select
30/06/2026 11:05:23 AM - NavigationBasePageMenuMap - INFO: Element found with locator : //td[contains(text(),'Requester')]/following-sibling::td/selectand locatortype : xpath
30/06/2026 11:05:23 AM - NavigationBasePageMenuMap - INFO: element is selected : //td[contains(text(),'Requester')]/following-sibling::td/select value: contains
30/06/2026 11:05:24 AM - NavigationBasePageMenuMap - INFO: Element found with locator : //td[contains(text(),'Requester')]/following-sibling::td/input[@rel='search']and locatortype : xpath
30/06/2026 11:05:29 AM - NavigationBasePageMenuMap - INFO: Element found with locator : //tr[@id='grid_TnInventory-Table_rec_1']/td[2]/divand locatortype : xpath
30/06/2026 11:05:29 AM - NavigationBasePageMenuMap - INFO: Getting text on element :: 
30/06/2026 11:05:29 AM - NavigationBasePageMenuMap - INFO: The text is :: '984-404-1997'
30/06/2026 11:05:29 AM - NavigationBasePageMenuMap - INFO: Element found with locator : //tr[@id='grid_TnInventory-Table_rec_1']/td[9]/divand locatortype : xpath
30/06/2026 11:05:29 AM - NavigationBasePageMenuMap - INFO: Getting text on element :: 
30/06/2026 11:05:29 AM - NavigationBasePageMenuMap - INFO: The text is :: 'RALEIGH N CAROLINA'
30/06/2026 11:05:30 AM - NavigationBasePageMenuMap - INFO: Element found with locator : //td[@id='grid_TnInventory-Table_data_0_17']/div/divand locatortype : xpath
30/06/2026 11:05:30 AM - NavigationBasePageMenuMap - INFO: waiting for max :: 10:: second for the element
30/06/2026 11:05:30 AM - NavigationBasePageMenuMap - INFO: Element did not appeard on the webpage ://button[@id="TnDashboard-close"]/i
30/06/2026 11:05:30 AM - NavigationBasePageMenuMap - ERROR: Element is not displayed
30/06/2026 11:05:30 AM - NavigationBasePageMenuMap - INFO: Element found with locator : //button[@id="TnDashboard-close"]/iand locatortype : xpath
30/06/2026 11:05:30 AM - NavigationBasePageMenuMap - INFO: Element exists on the page with locator : //button[@id="TnDashboard-close"]/i
30/06/2026 11:05:30 AM - NavigationBasePageMenuMap - INFO: Element found with locator : //button[@id="TnDashboard-close"]/iand locatortype : xpath
30/06/2026 11:05:31 AM - NavigationBasePageMenuMap - ERROR: Cannot click on the element with locator: //button[@id="TnDashboard-close"]/i locatorType: xpath
30/06/2026 11:05:33 AM - NavigationBasePageMenuMap - INFO: waiting for max :: 10:: second for the element
30/06/2026 11:05:33 AM - NavigationBasePageMenuMap - INFO: Element did not appeard on the webpage ://a[@id="inventory"]
30/06/2026 11:05:33 AM - NavigationBasePageMenuMap - ERROR: Element is not displayed
30/06/2026 11:05:33 AM - NavigationBasePageMenuMap - INFO: Element found with locator : //a[@id="inventory"]and locatortype : xpath
30/06/2026 11:05:33 AM - NavigationBasePageMenuMap - INFO: Element exists on the page with locator : //a[@id="inventory"]
30/06/2026 11:05:33 AM - NavigationBasePageMenuMap - INFO: Element found with locator : //a[@id="inventory"]and locatortype : xpath
30/06/2026 11:05:33 AM - NavigationBasePageMenuMap - INFO: Clicked on element with locator: //a[@id="inventory"] locatorType: xpath
30/06/2026 11:05:33 AM - NavigationBasePageMenuMap - INFO: waiting for max :: 10:: second for the element
30/06/2026 11:05:33 AM - NavigationBasePageMenuMap - INFO: Element did not appeard on the webpage ://a[contains(text(),"TN Dashboard")]
30/06/2026 11:05:33 AM - NavigationBasePageMenuMap - ERROR: Element is not displayed
30/06/2026 11:05:33 AM - NavigationBasePageMenuMap - INFO: Element found with locator : //a[contains(text(),"TN Dashboard")]and locatortype : xpath
30/06/2026 11:05:33 AM - NavigationBasePageMenuMap - INFO: Element exists on the page with locator : //a[contains(text(),"TN Dashboard")]
30/06/2026 11:05:33 AM - NavigationBasePageMenuMap - INFO: Element found with locator : //a[contains(text(),"TN Dashboard")]and locatortype : xpath
30/06/2026 11:05:34 AM - NavigationBasePageMenuMap - INFO: Clicked on element with locator: //a[contains(text(),"TN Dashboard")] locatorType: xpath
30/06/2026 11:05:36 AM - NavigationBasePageMenuMap - INFO: Element found with locator : //div[@id='tb_TnInventory-Table_toolbar_item_w2ui-search-advanced']/div/spanand locatortype : xpath
30/06/2026 11:05:36 AM - NavigationBasePageMenuMap - ERROR: Element is not displayed
30/06/2026 11:05:36 AM - NavigationBasePageMenuMap - INFO: Element found with locator : //div[@id='tb_TnInventory-Table_toolbar_item_w2ui-search-advanced']/div/spanand locatortype : xpath
30/06/2026 11:05:36 AM - NavigationBasePageMenuMap - INFO: Element is present with locator: //div[@id='tb_TnInventory-Table_toolbar_item_w2ui-search-advanced']/div/span locatorType: xpath
30/06/2026 11:05:36 AM - NavigationBasePageMenuMap - INFO: Element found with locator : //div[@id='tb_TnInventory-Table_toolbar_item_w2ui-search-advanced']/div/spanand locatortype : xpath
30/06/2026 11:05:36 AM - NavigationBasePageMenuMap - INFO: Element exists on the page with locator : //div[@id='tb_TnInventory-Table_toolbar_item_w2ui-search-advanced']/div/span
30/06/2026 11:05:36 AM - NavigationBasePageMenuMap - INFO: waiting for max :: 10:: second for the element
30/06/2026 11:05:36 AM - NavigationBasePageMenuMap - INFO: Element did not appeard on the webpage ://div[@id='tb_TnInventory-Table_toolbar_item_w2ui-search-advanced']/div/span
30/06/2026 11:05:36 AM - NavigationBasePageMenuMap - ERROR: Element is not displayed
30/06/2026 11:05:36 AM - NavigationBasePageMenuMap - INFO: Element found with locator : //div[@id='tb_TnInventory-Table_toolbar_item_w2ui-search-advanced']/div/spanand locatortype : xpath
30/06/2026 11:05:36 AM - NavigationBasePageMenuMap - INFO: Element exists on the page with locator : //div[@id='tb_TnInventory-Table_toolbar_item_w2ui-search-advanced']/div/span
30/06/2026 11:05:36 AM - NavigationBasePageMenuMap - INFO: Element found with locator : //div[@id='tb_TnInventory-Table_toolbar_item_w2ui-search-advanced']/div/spanand locatortype : xpath
30/06/2026 11:05:36 AM - NavigationBasePageMenuMap - INFO: Clicked on element with locator: //div[@id='tb_TnInventory-Table_toolbar_item_w2ui-search-advanced']/div/span locatorType: xpath
30/06/2026 11:05:38 AM - NavigationBasePageMenuMap - INFO: Element found with locator : //tr[1]/td/input[@rel='search']and locatortype : xpath
30/06/2026 11:05:38 AM - NavigationBasePageMenuMap - ERROR: Element is not displayed
30/06/2026 11:05:38 AM - NavigationBasePageMenuMap - INFO: Element found with locator : //tr[1]/td/input[@rel='search']and locatortype : xpath
30/06/2026 11:05:38 AM - NavigationBasePageMenuMap - INFO: Element is present with locator: //tr[1]/td/input[@rel='search'] locatorType: xpath
30/06/2026 11:05:38 AM - NavigationBasePageMenuMap - INFO: waiting for max :: 10:: second for the element
30/06/2026 11:05:38 AM - NavigationBasePageMenuMap - INFO: Element did not appeard on the webpage ://tr[1]/td/input[@rel='search']
30/06/2026 11:05:38 AM - NavigationBasePageMenuMap - INFO: Element found with locator : //tr[1]/td/input[@rel='search']and locatortype : xpath
30/06/2026 11:05:39 AM - NavigationBasePageMenuMap - INFO: Sent data on element with locator: //tr[1]/td/input[@rel='search'] locatorType: xpath
30/06/2026 11:05:39 AM - NavigationBasePageMenuMap - INFO: Element found with locator : //td[contains(text(),'Requester')]/following-sibling::td/selectand locatortype : xpath
30/06/2026 11:05:39 AM - NavigationBasePageMenuMap - INFO: waiting for max :: 10:: second for the element
30/06/2026 11:05:39 AM - NavigationBasePageMenuMap - INFO: Element did not appeard on the webpage ://td[contains(text(),'Requester')]/following-sibling::td/select
30/06/2026 11:05:39 AM - NavigationBasePageMenuMap - INFO: Element found with locator : //td[contains(text(),'Requester')]/following-sibling::td/selectand locatortype : xpath
30/06/2026 11:05:39 AM - NavigationBasePageMenuMap - INFO: element is selected : //td[contains(text(),'Requester')]/following-sibling::td/select value: contains
30/06/2026 11:05:40 AM - NavigationBasePageMenuMap - INFO: Element found with locator : //td[contains(text(),'Requester')]/following-sibling::td/input[@rel='search']and locatortype : xpath
30/06/2026 11:05:45 AM - NavigationBasePageMenuMap - INFO: Element found with locator : //tr[@id='grid_TnInventory-Table_rec_1']/td[2]/divand locatortype : xpath
30/06/2026 11:05:45 AM - NavigationBasePageMenuMap - INFO: Getting text on element :: 
30/06/2026 11:05:45 AM - NavigationBasePageMenuMap - INFO: The text is :: '470-947-9997'
30/06/2026 11:05:45 AM - NavigationBasePageMenuMap - INFO: Element found with locator : //tr[@id='grid_TnInventory-Table_rec_1']/td[9]/divand locatortype : xpath
30/06/2026 11:05:45 AM - NavigationBasePageMenuMap - INFO: Getting text on element :: 
30/06/2026 11:05:45 AM - NavigationBasePageMenuMap - INFO: The text is :: 'ATLANTA GEORGIA'
30/06/2026 11:05:46 AM - NavigationBasePageMenuMap - INFO: Element found with locator : //td[@id='grid_TnInventory-Table_data_0_17']/div/divand locatortype : xpath
30/06/2026 11:05:46 AM - NavigationBasePageMenuMap - INFO: waiting for max :: 10:: second for the element
30/06/2026 11:05:46 AM - NavigationBasePageMenuMap - INFO: Element did not appeard on the webpage ://button[@id="TnDashboard-close"]/i
30/06/2026 11:05:46 AM - NavigationBasePageMenuMap - ERROR: Element is not displayed
30/06/2026 11:05:46 AM - NavigationBasePageMenuMap - INFO: Element found with locator : //button[@id="TnDashboard-close"]/iand locatortype : xpath
30/06/2026 11:05:46 AM - NavigationBasePageMenuMap - INFO: Element exists on the page with locator : //button[@id="TnDashboard-close"]/i
30/06/2026 11:05:46 AM - NavigationBasePageMenuMap - INFO: Element found with locator : //button[@id="TnDashboard-close"]/iand locatortype : xpath
30/06/2026 11:05:47 AM - NavigationBasePageMenuMap - ERROR: Cannot click on the element with locator: //button[@id="TnDashboard-close"]/i locatorType: xpath
30/06/2026 11:05:49 AM - Util - INFO: Wait :: '4' seconds for 
