14/07/2026 01:47:41 PM - NavigationBasePageMenuMap - INFO: Element found with locator : //button[@id="modal-cancel-btn"]and locatortype : xpath
14/07/2026 01:47:41 PM - NavigationBasePageMenuMap - ERROR: Element is not displayed
14/07/2026 01:47:41 PM - NavigationBasePageMenuMap - INFO: Element found with locator : //button[@id="modal-cancel-btn"]and locatortype : xpath
14/07/2026 01:47:41 PM - NavigationBasePageMenuMap - INFO: Element is present with locator: //button[@id="modal-cancel-btn"] locatorType: xpath
14/07/2026 01:47:42 PM - NavigationBasePageMenuMap - INFO: Element found with locator : //button[@id="modal-cancel-btn"]and locatortype : xpath
14/07/2026 01:47:42 PM - NavigationBasePageMenuMap - INFO: Element exists on the page with locator : //button[@id="modal-cancel-btn"]
14/07/2026 01:47:42 PM - NavigationBasePageMenuMap - INFO: waiting for max :: 10:: second for the element
14/07/2026 01:47:42 PM - NavigationBasePageMenuMap - INFO: Element did not appeard on the webpage ://button[@id="modal-cancel-btn"]
14/07/2026 01:47:42 PM - NavigationBasePageMenuMap - ERROR: Element is not displayed
14/07/2026 01:47:42 PM - NavigationBasePageMenuMap - INFO: Element found with locator : //button[@id="modal-cancel-btn"]and locatortype : xpath
14/07/2026 01:47:42 PM - NavigationBasePageMenuMap - INFO: Element exists on the page with locator : //button[@id="modal-cancel-btn"]
14/07/2026 01:47:42 PM - NavigationBasePageMenuMap - INFO: Element found with locator : //button[@id="modal-cancel-btn"]and locatortype : xpath
14/07/2026 01:47:42 PM - NavigationBasePageMenuMap - INFO: Clicked on element with locator: //button[@id="modal-cancel-btn"] locatorType: xpath
14/07/2026 01:47:45 PM - Util - INFO: Wait :: '5' seconds for 
14/07/2026 01:47:50 PM - NavigationBasePageMenuMap - INFO: waiting for max :: 10:: second for the element
14/07/2026 01:47:50 PM - NavigationBasePageMenuMap - INFO: Element did not appeard on the webpage ://a[@id="inventory"]
14/07/2026 01:47:50 PM - NavigationBasePageMenuMap - ERROR: Element is not displayed
14/07/2026 01:47:50 PM - NavigationBasePageMenuMap - INFO: Element found with locator : //a[@id="inventory"]and locatortype : xpath
14/07/2026 01:47:50 PM - NavigationBasePageMenuMap - INFO: Element exists on the page with locator : //a[@id="inventory"]
14/07/2026 01:47:50 PM - NavigationBasePageMenuMap - INFO: Element found with locator : //a[@id="inventory"]and locatortype : xpath
14/07/2026 01:47:50 PM - NavigationBasePageMenuMap - INFO: Clicked on element with locator: //a[@id="inventory"] locatorType: xpath
14/07/2026 01:47:50 PM - NavigationBasePageMenuMap - INFO: waiting for max :: 10:: second for the element
14/07/2026 01:47:50 PM - NavigationBasePageMenuMap - INFO: Element did not appeard on the webpage ://a[contains(text(),"Block Dashboard")]
14/07/2026 01:47:50 PM - NavigationBasePageMenuMap - ERROR: Element is not displayed
14/07/2026 01:47:50 PM - NavigationBasePageMenuMap - INFO: Element found with locator : //a[contains(text(),"Block Dashboard")]and locatortype : xpath
14/07/2026 01:47:50 PM - NavigationBasePageMenuMap - INFO: Element exists on the page with locator : //a[contains(text(),"Block Dashboard")]
14/07/2026 01:47:50 PM - NavigationBasePageMenuMap - INFO: Element found with locator : //a[contains(text(),"Block Dashboard")]and locatortype : xpath
14/07/2026 01:47:51 PM - NavigationBasePageMenuMap - INFO: Clicked on element with locator: //a[contains(text(),"Block Dashboard")] locatorType: xpath
14/07/2026 01:47:53 PM - NavigationBasePageMenuMap - INFO: waiting for max :: 10:: second for the element
14/07/2026 01:47:53 PM - NavigationBasePageMenuMap - INFO: Element did not appeard on the webpage ://button[@id="BlockDashboard-maximize"]
14/07/2026 01:47:53 PM - NavigationBasePageMenuMap - ERROR: Element is not displayed
14/07/2026 01:47:53 PM - NavigationBasePageMenuMap - INFO: Element found with locator : //button[@id="BlockDashboard-maximize"]and locatortype : xpath
14/07/2026 01:47:53 PM - NavigationBasePageMenuMap - INFO: Element exists on the page with locator : //button[@id="BlockDashboard-maximize"]
14/07/2026 01:47:53 PM - NavigationBasePageMenuMap - INFO: Element found with locator : //button[@id="BlockDashboard-maximize"]and locatortype : xpath
14/07/2026 01:47:53 PM - NavigationBasePageMenuMap - INFO: Clicked on element with locator: //button[@id="BlockDashboard-maximize"] locatorType: xpath
14/07/2026 01:47:55 PM - NavigationBasePageMenuMap - INFO: Element found with locator : //div[@data-click='searchOpen']and locatortype : xpath
14/07/2026 01:47:55 PM - NavigationBasePageMenuMap - ERROR: Element is not displayed
14/07/2026 01:47:55 PM - NavigationBasePageMenuMap - INFO: Element found with locator : //div[@data-click='searchOpen']and locatortype : xpath
14/07/2026 01:47:55 PM - NavigationBasePageMenuMap - INFO: Element is present with locator: //div[@data-click='searchOpen'] locatorType: xpath
14/07/2026 01:47:55 PM - NavigationBasePageMenuMap - INFO: Element found with locator : //div[@data-click='searchOpen']and locatortype : xpath
14/07/2026 01:47:55 PM - NavigationBasePageMenuMap - INFO: Element exists on the page with locator : //div[@data-click='searchOpen']
14/07/2026 01:47:55 PM - NavigationBasePageMenuMap - INFO: waiting for max :: 10:: second for the element
14/07/2026 01:47:55 PM - NavigationBasePageMenuMap - INFO: Element did not appeard on the webpage ://div[@data-click='searchOpen']
14/07/2026 01:47:55 PM - NavigationBasePageMenuMap - ERROR: Element is not displayed
14/07/2026 01:47:55 PM - NavigationBasePageMenuMap - INFO: Element found with locator : //div[@data-click='searchOpen']and locatortype : xpath
14/07/2026 01:47:55 PM - NavigationBasePageMenuMap - INFO: Element exists on the page with locator : //div[@data-click='searchOpen']
14/07/2026 01:47:55 PM - NavigationBasePageMenuMap - INFO: Element found with locator : //div[@data-click='searchOpen']and locatortype : xpath
14/07/2026 01:47:55 PM - NavigationBasePageMenuMap - INFO: Clicked on element with locator: //div[@data-click='searchOpen'] locatorType: xpath
14/07/2026 01:47:57 PM - NavigationBasePageMenuMap - INFO: Element found with locator : //div[@class='w2ui-field-helper w2ui-list']/following-sibling::input[@placeholder='Select a Status']and locatortype : xpath
14/07/2026 01:47:57 PM - NavigationBasePageMenuMap - ERROR: Element is not displayed
14/07/2026 01:47:57 PM - NavigationBasePageMenuMap - INFO: Element found with locator : //div[@class='w2ui-field-helper w2ui-list']/following-sibling::input[@placeholder='Select a Status']and locatortype : xpath
14/07/2026 01:47:57 PM - NavigationBasePageMenuMap - INFO: Element is present with locator: //div[@class='w2ui-field-helper w2ui-list']/following-sibling::input[@placeholder='Select a Status'] locatorType: xpath
14/07/2026 01:47:57 PM - NavigationBasePageMenuMap - INFO: waiting for max :: 10:: second for the element
14/07/2026 01:47:57 PM - NavigationBasePageMenuMap - INFO: Element did not appeard on the webpage ://div[@class='w2ui-field-helper w2ui-list']/following-sibling::input[@placeholder='Select a Status']
14/07/2026 01:47:57 PM - NavigationBasePageMenuMap - ERROR: Element is not displayed
14/07/2026 01:47:57 PM - NavigationBasePageMenuMap - INFO: Element found with locator : //div[@class='w2ui-field-helper w2ui-list']/following-sibling::input[@placeholder='Select a Status']and locatortype : xpath
14/07/2026 01:47:57 PM - NavigationBasePageMenuMap - INFO: Element exists on the page with locator : //div[@class='w2ui-field-helper w2ui-list']/following-sibling::input[@placeholder='Select a Status']
14/07/2026 01:47:57 PM - NavigationBasePageMenuMap - INFO: Element found with locator : //div[@class='w2ui-field-helper w2ui-list']/following-sibling::input[@placeholder='Select a Status']and locatortype : xpath
14/07/2026 01:47:58 PM - NavigationBasePageMenuMap - ERROR: Cannot click on the element with locator: //div[@class='w2ui-field-helper w2ui-list']/following-sibling::input[@placeholder='Select a Status'] locatorType: xpath
14/07/2026 01:47:58 PM - NavigationBasePageMenuMap - INFO: waiting for max :: 10:: second for the element
14/07/2026 01:47:58 PM - NavigationBasePageMenuMap - INFO: Element did not appeard on the webpage ://div[@class='w2ui-field-helper w2ui-list']/following-sibling::input[@placeholder='Select a Status']
14/07/2026 01:47:58 PM - NavigationBasePageMenuMap - INFO: Element found with locator : //div[@class='w2ui-field-helper w2ui-list']/following-sibling::input[@placeholder='Select a Status']and locatortype : xpath
14/07/2026 01:47:59 PM - NavigationBasePageMenuMap - INFO: Cannot send data on the element with locator: //div[@class='w2ui-field-helper w2ui-list']/following-sibling::input[@placeholder='Select a Status'] locatorType: xpath
14/07/2026 01:47:59 PM - NavigationBasePageMenuMap - INFO: waiting for max :: 10:: second for the element
14/07/2026 01:47:59 PM - NavigationBasePageMenuMap - INFO: Element did not appeard on the webpage ://input[@placeholder='Select a Status']
14/07/2026 01:47:59 PM - NavigationBasePageMenuMap - INFO: Element found with locator : //input[@placeholder='Select a Status']and locatortype : xpath
14/07/2026 01:48:00 PM - NavigationBasePageMenuMap - INFO: Cannot send data on the element with locator: //input[@placeholder='Select a Status'] locatorType: xpath
14/07/2026 01:48:00 PM - NavigationBasePageMenuMap - INFO: Element list found with locator: //div[@id='w2overlay-grid_BlkInventory-Table_field_1_menu']//div[@class='menu-text'] and locatorType: xpath
14/07/2026 01:48:00 PM - NavigationBasePageMenuMap - INFO: Element found with locator : //div[@class='w2ui-field-helper w2ui-list']/following-sibling::input[@placeholder='Select a Source']and locatortype : xpath
14/07/2026 01:48:00 PM - NavigationBasePageMenuMap - ERROR: Element is not displayed
14/07/2026 01:48:00 PM - NavigationBasePageMenuMap - INFO: Element found with locator : //div[@class='w2ui-field-helper w2ui-list']/following-sibling::input[@placeholder='Select a Source']and locatortype : xpath
14/07/2026 01:48:00 PM - NavigationBasePageMenuMap - INFO: Element is present with locator: //div[@class='w2ui-field-helper w2ui-list']/following-sibling::input[@placeholder='Select a Source'] locatorType: xpath
14/07/2026 01:48:00 PM - NavigationBasePageMenuMap - INFO: waiting for max :: 10:: second for the element
14/07/2026 01:48:00 PM - NavigationBasePageMenuMap - INFO: Element did not appeard on the webpage ://div[@class='w2ui-field-helper w2ui-list']/following-sibling::input[@placeholder='Select a Source']
14/07/2026 01:48:00 PM - NavigationBasePageMenuMap - ERROR: Element is not displayed
14/07/2026 01:48:01 PM - NavigationBasePageMenuMap - INFO: Element found with locator : //div[@class='w2ui-field-helper w2ui-list']/following-sibling::input[@placeholder='Select a Source']and locatortype : xpath
14/07/2026 01:48:01 PM - NavigationBasePageMenuMap - INFO: Element exists on the page with locator : //div[@class='w2ui-field-helper w2ui-list']/following-sibling::input[@placeholder='Select a Source']
14/07/2026 01:48:01 PM - NavigationBasePageMenuMap - INFO: Element found with locator : //div[@class='w2ui-field-helper w2ui-list']/following-sibling::input[@placeholder='Select a Source']and locatortype : xpath
14/07/2026 01:48:02 PM - NavigationBasePageMenuMap - ERROR: Cannot click on the element with locator: //div[@class='w2ui-field-helper w2ui-list']/following-sibling::input[@placeholder='Select a Source'] locatorType: xpath
14/07/2026 01:48:02 PM - NavigationBasePageMenuMap - INFO: waiting for max :: 10:: second for the element
14/07/2026 01:48:02 PM - NavigationBasePageMenuMap - INFO: Element did not appeard on the webpage ://div[@class='w2ui-field-helper w2ui-list']/following-sibling::input[@placeholder='Select a Source']
14/07/2026 01:48:02 PM - NavigationBasePageMenuMap - INFO: Element found with locator : //div[@class='w2ui-field-helper w2ui-list']/following-sibling::input[@placeholder='Select a Source']and locatortype : xpath
14/07/2026 01:48:03 PM - NavigationBasePageMenuMap - INFO: Cannot send data on the element with locator: //div[@class='w2ui-field-helper w2ui-list']/following-sibling::input[@placeholder='Select a Source'] locatorType: xpath
14/07/2026 01:48:03 PM - NavigationBasePageMenuMap - INFO: waiting for max :: 10:: second for the element
14/07/2026 01:48:03 PM - NavigationBasePageMenuMap - INFO: Element did not appeard on the webpage ://input[@placeholder='Select a Source']
14/07/2026 01:48:03 PM - NavigationBasePageMenuMap - INFO: Element found with locator : //input[@placeholder='Select a Source']and locatortype : xpath
14/07/2026 01:48:04 PM - NavigationBasePageMenuMap - INFO: Cannot send data on the element with locator: //input[@placeholder='Select a Source'] locatorType: xpath
14/07/2026 01:48:04 PM - NavigationBasePageMenuMap - INFO: Element list found with locator: //div[@id='w2overlay-grid_BlkInventory-Table_field_5_menu']//div[@class='menu-text'] and locatorType: xpath
14/07/2026 01:48:11 PM - NavigationBasePageMenuMap - INFO: waiting for max :: 10:: second for the element
14/07/2026 01:48:11 PM - NavigationBasePageMenuMap - INFO: Element did not appeard on the webpage ://div[@id='grid_BlkInventory-Table_columns']/table/tbody/tr/td//div[2][contains(normalize-space(.), 'Effective Date')]
14/07/2026 01:48:11 PM - NavigationBasePageMenuMap - ERROR: Element is not displayed
14/07/2026 01:48:11 PM - NavigationBasePageMenuMap - INFO: Element found with locator : //div[@id='grid_BlkInventory-Table_columns']/table/tbody/tr/td//div[2][contains(normalize-space(.), 'Effective Date')]and locatortype : xpath
14/07/2026 01:48:11 PM - NavigationBasePageMenuMap - INFO: Element exists on the page with locator : //div[@id='grid_BlkInventory-Table_columns']/table/tbody/tr/td//div[2][contains(normalize-space(.), 'Effective Date')]
14/07/2026 01:48:11 PM - NavigationBasePageMenuMap - INFO: Element found with locator : //div[@id='grid_BlkInventory-Table_columns']/table/tbody/tr/td//div[2][contains(normalize-space(.), 'Effective Date')]and locatortype : xpath
14/07/2026 01:48:11 PM - NavigationBasePageMenuMap - INFO: Clicked on element with locator: //div[@id='grid_BlkInventory-Table_columns']/table/tbody/tr/td//div[2][contains(normalize-space(.), 'Effective Date')] locatorType: xpath
14/07/2026 01:48:13 PM - NavigationBasePageMenuMap - INFO: waiting for max :: 10:: second for the element
14/07/2026 01:48:13 PM - NavigationBasePageMenuMap - INFO: Element did not appeard on the webpage ://div[@id='grid_BlkInventory-Table_columns']/table/tbody/tr/td//div[2][contains(normalize-space(.), 'Effective Date')]
14/07/2026 01:48:13 PM - NavigationBasePageMenuMap - ERROR: Element is not displayed
14/07/2026 01:48:13 PM - NavigationBasePageMenuMap - INFO: Element found with locator : //div[@id='grid_BlkInventory-Table_columns']/table/tbody/tr/td//div[2][contains(normalize-space(.), 'Effective Date')]and locatortype : xpath
14/07/2026 01:48:13 PM - NavigationBasePageMenuMap - INFO: Element exists on the page with locator : //div[@id='grid_BlkInventory-Table_columns']/table/tbody/tr/td//div[2][contains(normalize-space(.), 'Effective Date')]
14/07/2026 01:48:13 PM - NavigationBasePageMenuMap - INFO: Element found with locator : //div[@id='grid_BlkInventory-Table_columns']/table/tbody/tr/td//div[2][contains(normalize-space(.), 'Effective Date')]and locatortype : xpath
14/07/2026 01:48:14 PM - NavigationBasePageMenuMap - ERROR: Cannot click on the element with locator: //div[@id='grid_BlkInventory-Table_columns']/table/tbody/tr/td//div[2][contains(normalize-space(.), 'Effective Date')] locatorType: xpath
14/07/2026 01:48:16 PM - NavigationBasePageMenuMap - INFO: waiting for max :: 10:: second for the element
14/07/2026 01:48:16 PM - NavigationBasePageMenuMap - INFO: Element did not appeard on the webpage ://div[@id='grid_BlkInventory-Table_columns']/table/tbody/tr/td//div[2][contains(normalize-space(.), 'Effective Date')]
14/07/2026 01:48:16 PM - NavigationBasePageMenuMap - ERROR: Element is not displayed
14/07/2026 01:48:16 PM - NavigationBasePageMenuMap - INFO: Element found with locator : //div[@id='grid_BlkInventory-Table_columns']/table/tbody/tr/td//div[2][contains(normalize-space(.), 'Effective Date')]and locatortype : xpath
14/07/2026 01:48:16 PM - NavigationBasePageMenuMap - INFO: Element exists on the page with locator : //div[@id='grid_BlkInventory-Table_columns']/table/tbody/tr/td//div[2][contains(normalize-space(.), 'Effective Date')]
14/07/2026 01:48:16 PM - NavigationBasePageMenuMap - INFO: Element found with locator : //div[@id='grid_BlkInventory-Table_columns']/table/tbody/tr/td//div[2][contains(normalize-space(.), 'Effective Date')]and locatortype : xpath
14/07/2026 01:48:17 PM - NavigationBasePageMenuMap - ERROR: Cannot click on the element with locator: //div[@id='grid_BlkInventory-Table_columns']/table/tbody/tr/td//div[2][contains(normalize-space(.), 'Effective Date')] locatorType: xpath
14/07/2026 01:48:22 PM - NavigationBasePageMenuMap - INFO: waiting for max :: 10:: second for the element
14/07/2026 01:48:22 PM - NavigationBasePageMenuMap - INFO: Element did not appeard on the webpage ://button[@id="BlockDashboard-close"]/i
14/07/2026 01:48:22 PM - NavigationBasePageMenuMap - ERROR: Element is not displayed
14/07/2026 01:48:22 PM - NavigationBasePageMenuMap - INFO: Element found with locator : //button[@id="BlockDashboard-close"]/iand locatortype : xpath
14/07/2026 01:48:22 PM - NavigationBasePageMenuMap - INFO: Element exists on the page with locator : //button[@id="BlockDashboard-close"]/i
14/07/2026 01:48:22 PM - NavigationBasePageMenuMap - INFO: Element found with locator : //button[@id="BlockDashboard-close"]/iand locatortype : xpath
14/07/2026 01:48:22 PM - NavigationBasePageMenuMap - INFO: Clicked on element with locator: //button[@id="BlockDashboard-close"]/i locatorType: xpath
14/07/2026 01:48:26 PM - NavigationBasePageMenuMap - INFO: waiting for max :: 10:: second for the element
14/07/2026 01:48:26 PM - NavigationBasePageMenuMap - INFO: Element did not appeard on the webpage ://a[@id="inventory"]
14/07/2026 01:48:26 PM - NavigationBasePageMenuMap - ERROR: Element is not displayed
14/07/2026 01:48:26 PM - NavigationBasePageMenuMap - INFO: Element found with locator : //a[@id="inventory"]and locatortype : xpath
14/07/2026 01:48:26 PM - NavigationBasePageMenuMap - INFO: Element exists on the page with locator : //a[@id="inventory"]
14/07/2026 01:48:26 PM - NavigationBasePageMenuMap - INFO: Element found with locator : //a[@id="inventory"]and locatortype : xpath
14/07/2026 01:48:26 PM - NavigationBasePageMenuMap - INFO: Clicked on element with locator: //a[@id="inventory"] locatorType: xpath
14/07/2026 01:48:26 PM - NavigationBasePageMenuMap - INFO: waiting for max :: 10:: second for the element
14/07/2026 01:48:26 PM - NavigationBasePageMenuMap - INFO: Element did not appeard on the webpage ://a[contains(text(),"Block Dashboard")]
14/07/2026 01:48:26 PM - NavigationBasePageMenuMap - ERROR: Element is not displayed
14/07/2026 01:48:26 PM - NavigationBasePageMenuMap - INFO: Element found with locator : //a[contains(text(),"Block Dashboard")]and locatortype : xpath
14/07/2026 01:48:26 PM - NavigationBasePageMenuMap - INFO: Element exists on the page with locator : //a[contains(text(),"Block Dashboard")]
14/07/2026 01:48:26 PM - NavigationBasePageMenuMap - INFO: Element found with locator : //a[contains(text(),"Block Dashboard")]and locatortype : xpath
14/07/2026 01:48:26 PM - NavigationBasePageMenuMap - INFO: Clicked on element with locator: //a[contains(text(),"Block Dashboard")] locatorType: xpath
14/07/2026 01:48:28 PM - NavigationBasePageMenuMap - INFO: waiting for max :: 10:: second for the element
14/07/2026 01:48:28 PM - NavigationBasePageMenuMap - INFO: Element did not appeard on the webpage ://button[@id="BlockDashboard-maximize"]
14/07/2026 01:48:28 PM - NavigationBasePageMenuMap - ERROR: Element is not displayed
14/07/2026 01:48:28 PM - NavigationBasePageMenuMap - INFO: Element found with locator : //button[@id="BlockDashboard-maximize"]and locatortype : xpath
14/07/2026 01:48:28 PM - NavigationBasePageMenuMap - INFO: Element exists on the page with locator : //button[@id="BlockDashboard-maximize"]
14/07/2026 01:48:28 PM - NavigationBasePageMenuMap - INFO: Element found with locator : //button[@id="BlockDashboard-maximize"]and locatortype : xpath
14/07/2026 01:48:29 PM - NavigationBasePageMenuMap - ERROR: Cannot click on the element with locator: //button[@id="BlockDashboard-maximize"] locatorType: xpath
14/07/2026 01:48:31 PM - NavigationBasePageMenuMap - INFO: Element found with locator : //div[@data-click='searchOpen']and locatortype : xpath
14/07/2026 01:48:31 PM - NavigationBasePageMenuMap - ERROR: Element is not displayed
14/07/2026 01:48:31 PM - NavigationBasePageMenuMap - INFO: Element found with locator : //div[@data-click='searchOpen']and locatortype : xpath
14/07/2026 01:48:31 PM - NavigationBasePageMenuMap - INFO: Element is present with locator: //div[@data-click='searchOpen'] locatorType: xpath
14/07/2026 01:48:31 PM - NavigationBasePageMenuMap - INFO: Element found with locator : //div[@data-click='searchOpen']and locatortype : xpath
14/07/2026 01:48:31 PM - NavigationBasePageMenuMap - INFO: Element exists on the page with locator : //div[@data-click='searchOpen']
14/07/2026 01:48:31 PM - NavigationBasePageMenuMap - INFO: waiting for max :: 10:: second for the element
14/07/2026 01:48:31 PM - NavigationBasePageMenuMap - INFO: Element did not appeard on the webpage ://div[@data-click='searchOpen']
14/07/2026 01:48:31 PM - NavigationBasePageMenuMap - ERROR: Element is not displayed
14/07/2026 01:48:31 PM - NavigationBasePageMenuMap - INFO: Element found with locator : //div[@data-click='searchOpen']and locatortype : xpath
14/07/2026 01:48:31 PM - NavigationBasePageMenuMap - INFO: Element exists on the page with locator : //div[@data-click='searchOpen']
14/07/2026 01:48:31 PM - NavigationBasePageMenuMap - INFO: Element found with locator : //div[@data-click='searchOpen']and locatortype : xpath
14/07/2026 01:48:31 PM - NavigationBasePageMenuMap - INFO: Clicked on element with locator: //div[@data-click='searchOpen'] locatorType: xpath
14/07/2026 01:48:33 PM - NavigationBasePageMenuMap - INFO: Element found with locator : //div[@class='w2ui-field-helper w2ui-list']/following-sibling::input[@placeholder='Select a Status']and locatortype : xpath
14/07/2026 01:48:33 PM - NavigationBasePageMenuMap - ERROR: Element is not displayed
14/07/2026 01:48:33 PM - NavigationBasePageMenuMap - INFO: Element found with locator : //div[@class='w2ui-field-helper w2ui-list']/following-sibling::input[@placeholder='Select a Status']and locatortype : xpath
14/07/2026 01:48:33 PM - NavigationBasePageMenuMap - INFO: Element is present with locator: //div[@class='w2ui-field-helper w2ui-list']/following-sibling::input[@placeholder='Select a Status'] locatorType: xpath
14/07/2026 01:48:33 PM - NavigationBasePageMenuMap - INFO: waiting for max :: 10:: second for the element
14/07/2026 01:48:33 PM - NavigationBasePageMenuMap - INFO: Element did not appeard on the webpage ://div[@class='w2ui-field-helper w2ui-list']/following-sibling::input[@placeholder='Select a Status']
14/07/2026 01:48:33 PM - NavigationBasePageMenuMap - ERROR: Element is not displayed
14/07/2026 01:48:33 PM - NavigationBasePageMenuMap - INFO: Element found with locator : //div[@class='w2ui-field-helper w2ui-list']/following-sibling::input[@placeholder='Select a Status']and locatortype : xpath
14/07/2026 01:48:33 PM - NavigationBasePageMenuMap - INFO: Element exists on the page with locator : //div[@class='w2ui-field-helper w2ui-list']/following-sibling::input[@placeholder='Select a Status']
14/07/2026 01:48:33 PM - NavigationBasePageMenuMap - INFO: Element found with locator : //div[@class='w2ui-field-helper w2ui-list']/following-sibling::input[@placeholder='Select a Status']and locatortype : xpath
14/07/2026 01:48:34 PM - NavigationBasePageMenuMap - ERROR: Cannot click on the element with locator: //div[@class='w2ui-field-helper w2ui-list']/following-sibling::input[@placeholder='Select a Status'] locatorType: xpath
14/07/2026 01:48:34 PM - NavigationBasePageMenuMap - INFO: waiting for max :: 10:: second for the element
14/07/2026 01:48:34 PM - NavigationBasePageMenuMap - INFO: Element did not appeard on the webpage ://div[@class='w2ui-field-helper w2ui-list']/following-sibling::input[@placeholder='Select a Status']
14/07/2026 01:48:34 PM - NavigationBasePageMenuMap - INFO: Element found with locator : //div[@class='w2ui-field-helper w2ui-list']/following-sibling::input[@placeholder='Select a Status']and locatortype : xpath
14/07/2026 01:48:36 PM - NavigationBasePageMenuMap - INFO: Cannot send data on the element with locator: //div[@class='w2ui-field-helper w2ui-list']/following-sibling::input[@placeholder='Select a Status'] locatorType: xpath
14/07/2026 01:48:36 PM - NavigationBasePageMenuMap - INFO: waiting for max :: 10:: second for the element
14/07/2026 01:48:36 PM - NavigationBasePageMenuMap - INFO: Element did not appeard on the webpage ://input[@placeholder='Select a Status']
14/07/2026 01:48:36 PM - NavigationBasePageMenuMap - INFO: Element found with locator : //input[@placeholder='Select a Status']and locatortype : xpath
14/07/2026 01:48:37 PM - NavigationBasePageMenuMap - INFO: Cannot send data on the element with locator: //input[@placeholder='Select a Status'] locatorType: xpath
14/07/2026 01:48:37 PM - NavigationBasePageMenuMap - INFO: Element list found with locator: //div[@id='w2overlay-grid_BlkInventory-Table_field_1_menu']//div[@class='menu-text'] and locatorType: xpath
14/07/2026 01:48:37 PM - NavigationBasePageMenuMap - INFO: Element found with locator : //div[@class='w2ui-field-helper w2ui-list']/following-sibling::input[@placeholder='Select a Source']and locatortype : xpath
14/07/2026 01:48:37 PM - NavigationBasePageMenuMap - ERROR: Element is not displayed
14/07/2026 01:48:37 PM - NavigationBasePageMenuMap - INFO: Element found with locator : //div[@class='w2ui-field-helper w2ui-list']/following-sibling::input[@placeholder='Select a Source']and locatortype : xpath
14/07/2026 01:48:37 PM - NavigationBasePageMenuMap - INFO: Element is present with locator: //div[@class='w2ui-field-helper w2ui-list']/following-sibling::input[@placeholder='Select a Source'] locatorType: xpath
14/07/2026 01:48:37 PM - NavigationBasePageMenuMap - INFO: waiting for max :: 10:: second for the element
14/07/2026 01:48:37 PM - NavigationBasePageMenuMap - INFO: Element did not appeard on the webpage ://div[@class='w2ui-field-helper w2ui-list']/following-sibling::input[@placeholder='Select a Source']
14/07/2026 01:48:37 PM - NavigationBasePageMenuMap - ERROR: Element is not displayed
14/07/2026 01:48:37 PM - NavigationBasePageMenuMap - INFO: Element found with locator : //div[@class='w2ui-field-helper w2ui-list']/following-sibling::input[@placeholder='Select a Source']and locatortype : xpath
14/07/2026 01:48:37 PM - NavigationBasePageMenuMap - INFO: Element exists on the page with locator : //div[@class='w2ui-field-helper w2ui-list']/following-sibling::input[@placeholder='Select a Source']
14/07/2026 01:48:37 PM - NavigationBasePageMenuMap - INFO: Element found with locator : //div[@class='w2ui-field-helper w2ui-list']/following-sibling::input[@placeholder='Select a Source']and locatortype : xpath
14/07/2026 01:48:38 PM - NavigationBasePageMenuMap - ERROR: Cannot click on the element with locator: //div[@class='w2ui-field-helper w2ui-list']/following-sibling::input[@placeholder='Select a Source'] locatorType: xpath
14/07/2026 01:48:38 PM - NavigationBasePageMenuMap - INFO: waiting for max :: 10:: second for the element
14/07/2026 01:48:38 PM - NavigationBasePageMenuMap - INFO: Element did not appeard on the webpage ://div[@class='w2ui-field-helper w2ui-list']/following-sibling::input[@placeholder='Select a Source']
14/07/2026 01:48:38 PM - NavigationBasePageMenuMap - INFO: Element found with locator : //div[@class='w2ui-field-helper w2ui-list']/following-sibling::input[@placeholder='Select a Source']and locatortype : xpath
14/07/2026 01:48:39 PM - NavigationBasePageMenuMap - INFO: Cannot send data on the element with locator: //div[@class='w2ui-field-helper w2ui-list']/following-sibling::input[@placeholder='Select a Source'] locatorType: xpath
14/07/2026 01:48:39 PM - NavigationBasePageMenuMap - INFO: waiting for max :: 10:: second for the element
14/07/2026 01:48:39 PM - NavigationBasePageMenuMap - INFO: Element did not appeard on the webpage ://input[@placeholder='Select a Source']
14/07/2026 01:48:39 PM - NavigationBasePageMenuMap - INFO: Element found with locator : //input[@placeholder='Select a Source']and locatortype : xpath
14/07/2026 01:48:40 PM - NavigationBasePageMenuMap - INFO: Cannot send data on the element with locator: //input[@placeholder='Select a Source'] locatorType: xpath
14/07/2026 01:48:40 PM - NavigationBasePageMenuMap - INFO: Element list found with locator: //div[@id='w2overlay-grid_BlkInventory-Table_field_5_menu']//div[@class='menu-text'] and locatorType: xpath
14/07/2026 01:48:48 PM - NavigationBasePageMenuMap - INFO: waiting for max :: 10:: second for the element
14/07/2026 01:48:48 PM - NavigationBasePageMenuMap - INFO: Element did not appeard on the webpage ://div[@id='grid_BlkInventory-Table_columns']/table/tbody/tr/td//div[2][contains(normalize-space(.), 'Effective Date')]
14/07/2026 01:48:48 PM - NavigationBasePageMenuMap - ERROR: Element is not displayed
14/07/2026 01:48:48 PM - NavigationBasePageMenuMap - INFO: Element found with locator : //div[@id='grid_BlkInventory-Table_columns']/table/tbody/tr/td//div[2][contains(normalize-space(.), 'Effective Date')]and locatortype : xpath
14/07/2026 01:48:48 PM - NavigationBasePageMenuMap - INFO: Element exists on the page with locator : //div[@id='grid_BlkInventory-Table_columns']/table/tbody/tr/td//div[2][contains(normalize-space(.), 'Effective Date')]
14/07/2026 01:48:48 PM - NavigationBasePageMenuMap - INFO: Element found with locator : //div[@id='grid_BlkInventory-Table_columns']/table/tbody/tr/td//div[2][contains(normalize-space(.), 'Effective Date')]and locatortype : xpath
14/07/2026 01:48:48 PM - NavigationBasePageMenuMap - INFO: Clicked on element with locator: //div[@id='grid_BlkInventory-Table_columns']/table/tbody/tr/td//div[2][contains(normalize-space(.), 'Effective Date')] locatorType: xpath
14/07/2026 01:48:50 PM - NavigationBasePageMenuMap - INFO: waiting for max :: 10:: second for the element
14/07/2026 01:48:50 PM - NavigationBasePageMenuMap - INFO: Element did not appeard on the webpage ://div[@id='grid_BlkInventory-Table_columns']/table/tbody/tr/td//div[2][contains(normalize-space(.), 'Effective Date')]
14/07/2026 01:48:50 PM - NavigationBasePageMenuMap - ERROR: Element is not displayed
14/07/2026 01:48:50 PM - NavigationBasePageMenuMap - INFO: Element found with locator : //div[@id='grid_BlkInventory-Table_columns']/table/tbody/tr/td//div[2][contains(normalize-space(.), 'Effective Date')]and locatortype : xpath
14/07/2026 01:48:50 PM - NavigationBasePageMenuMap - INFO: Element exists on the page with locator : //div[@id='grid_BlkInventory-Table_columns']/table/tbody/tr/td//div[2][contains(normalize-space(.), 'Effective Date')]
14/07/2026 01:48:50 PM - NavigationBasePageMenuMap - INFO: Element found with locator : //div[@id='grid_BlkInventory-Table_columns']/table/tbody/tr/td//div[2][contains(normalize-space(.), 'Effective Date')]and locatortype : xpath
14/07/2026 01:48:50 PM - NavigationBasePageMenuMap - INFO: Clicked on element with locator: //div[@id='grid_BlkInventory-Table_columns']/table/tbody/tr/td//div[2][contains(normalize-space(.), 'Effective Date')] locatorType: xpath
14/07/2026 01:48:52 PM - NavigationBasePageMenuMap - INFO: waiting for max :: 10:: second for the element
14/07/2026 01:48:52 PM - NavigationBasePageMenuMap - INFO: Element did not appeard on the webpage ://div[@id='grid_BlkInventory-Table_columns']/table/tbody/tr/td//div[2][contains(normalize-space(.), 'Effective Date')]
14/07/2026 01:48:52 PM - NavigationBasePageMenuMap - ERROR: Element is not displayed
14/07/2026 01:48:52 PM - NavigationBasePageMenuMap - INFO: Element found with locator : //div[@id='grid_BlkInventory-Table_columns']/table/tbody/tr/td//div[2][contains(normalize-space(.), 'Effective Date')]and locatortype : xpath
14/07/2026 01:48:52 PM - NavigationBasePageMenuMap - INFO: Element exists on the page with locator : //div[@id='grid_BlkInventory-Table_columns']/table/tbody/tr/td//div[2][contains(normalize-space(.), 'Effective Date')]
14/07/2026 01:48:52 PM - NavigationBasePageMenuMap - INFO: Element found with locator : //div[@id='grid_BlkInventory-Table_columns']/table/tbody/tr/td//div[2][contains(normalize-space(.), 'Effective Date')]and locatortype : xpath
14/07/2026 01:48:52 PM - NavigationBasePageMenuMap - INFO: Clicked on element with locator: //div[@id='grid_BlkInventory-Table_columns']/table/tbody/tr/td//div[2][contains(normalize-space(.), 'Effective Date')] locatorType: xpath
14/07/2026 01:48:57 PM - NavigationBasePageMenuMap - INFO: waiting for max :: 10:: second for the element
14/07/2026 01:48:57 PM - NavigationBasePageMenuMap - INFO: Element did not appeard on the webpage ://button[@id="BlockDashboard-close"]/i
14/07/2026 01:48:57 PM - NavigationBasePageMenuMap - ERROR: Element is not displayed
14/07/2026 01:48:57 PM - NavigationBasePageMenuMap - INFO: Element found with locator : //button[@id="BlockDashboard-close"]/iand locatortype : xpath
14/07/2026 01:48:57 PM - NavigationBasePageMenuMap - INFO: Element exists on the page with locator : //button[@id="BlockDashboard-close"]/i
14/07/2026 01:48:57 PM - NavigationBasePageMenuMap - INFO: Element found with locator : //button[@id="BlockDashboard-close"]/iand locatortype : xpath
14/07/2026 01:48:57 PM - NavigationBasePageMenuMap - INFO: Clicked on element with locator: //button[@id="BlockDashboard-close"]/i locatorType: xpath
14/07/2026 01:49:01 PM - NavigationBasePageMenuMap - INFO: waiting for max :: 10:: second for the element
14/07/2026 01:49:01 PM - NavigationBasePageMenuMap - INFO: Element did not appeard on the webpage ://a[@id="inventory"]
14/07/2026 01:49:01 PM - NavigationBasePageMenuMap - ERROR: Element is not displayed
14/07/2026 01:49:01 PM - NavigationBasePageMenuMap - INFO: Element found with locator : //a[@id="inventory"]and locatortype : xpath
14/07/2026 01:49:01 PM - NavigationBasePageMenuMap - INFO: Element exists on the page with locator : //a[@id="inventory"]
14/07/2026 01:49:01 PM - NavigationBasePageMenuMap - INFO: Element found with locator : //a[@id="inventory"]and locatortype : xpath
14/07/2026 01:49:01 PM - NavigationBasePageMenuMap - INFO: Clicked on element with locator: //a[@id="inventory"] locatorType: xpath
14/07/2026 01:49:01 PM - NavigationBasePageMenuMap - INFO: waiting for max :: 10:: second for the element
14/07/2026 01:49:01 PM - NavigationBasePageMenuMap - INFO: Element did not appeard on the webpage ://a[contains(text(),"Block Dashboard")]
14/07/2026 01:49:02 PM - NavigationBasePageMenuMap - ERROR: Element is not displayed
14/07/2026 01:49:02 PM - NavigationBasePageMenuMap - INFO: Element found with locator : //a[contains(text(),"Block Dashboard")]and locatortype : xpath
14/07/2026 01:49:02 PM - NavigationBasePageMenuMap - INFO: Element exists on the page with locator : //a[contains(text(),"Block Dashboard")]
14/07/2026 01:49:02 PM - NavigationBasePageMenuMap - INFO: Element found with locator : //a[contains(text(),"Block Dashboard")]and locatortype : xpath
14/07/2026 01:49:02 PM - NavigationBasePageMenuMap - INFO: Clicked on element with locator: //a[contains(text(),"Block Dashboard")] locatorType: xpath
14/07/2026 01:49:04 PM - NavigationBasePageMenuMap - INFO: waiting for max :: 10:: second for the element
14/07/2026 01:49:04 PM - NavigationBasePageMenuMap - INFO: Element did not appeard on the webpage ://button[@id="BlockDashboard-maximize"]
14/07/2026 01:49:04 PM - NavigationBasePageMenuMap - ERROR: Element is not displayed
14/07/2026 01:49:04 PM - NavigationBasePageMenuMap - INFO: Element found with locator : //button[@id="BlockDashboard-maximize"]and locatortype : xpath
14/07/2026 01:49:04 PM - NavigationBasePageMenuMap - INFO: Element exists on the page with locator : //button[@id="BlockDashboard-maximize"]
14/07/2026 01:49:04 PM - NavigationBasePageMenuMap - INFO: Element found with locator : //button[@id="BlockDashboard-maximize"]and locatortype : xpath
14/07/2026 01:49:05 PM - NavigationBasePageMenuMap - ERROR: Cannot click on the element with locator: //button[@id="BlockDashboard-maximize"] locatorType: xpath
14/07/2026 01:49:07 PM - NavigationBasePageMenuMap - INFO: Element found with locator : //div[@data-click='searchOpen']and locatortype : xpath
14/07/2026 01:49:07 PM - NavigationBasePageMenuMap - ERROR: Element is not displayed
14/07/2026 01:49:07 PM - NavigationBasePageMenuMap - INFO: Element found with locator : //div[@data-click='searchOpen']and locatortype : xpath
14/07/2026 01:49:07 PM - NavigationBasePageMenuMap - INFO: Element is present with locator: //div[@data-click='searchOpen'] locatorType: xpath
14/07/2026 01:49:07 PM - NavigationBasePageMenuMap - INFO: Element found with locator : //div[@data-click='searchOpen']and locatortype : xpath
14/07/2026 01:49:07 PM - NavigationBasePageMenuMap - INFO: Element exists on the page with locator : //div[@data-click='searchOpen']
14/07/2026 01:49:07 PM - NavigationBasePageMenuMap - INFO: waiting for max :: 10:: second for the element
14/07/2026 01:49:07 PM - NavigationBasePageMenuMap - INFO: Element did not appeard on the webpage ://div[@data-click='searchOpen']
14/07/2026 01:49:07 PM - NavigationBasePageMenuMap - ERROR: Element is not displayed
14/07/2026 01:49:07 PM - NavigationBasePageMenuMap - INFO: Element found with locator : //div[@data-click='searchOpen']and locatortype : xpath
14/07/2026 01:49:07 PM - NavigationBasePageMenuMap - INFO: Element exists on the page with locator : //div[@data-click='searchOpen']
14/07/2026 01:49:07 PM - NavigationBasePageMenuMap - INFO: Element found with locator : //div[@data-click='searchOpen']and locatortype : xpath
14/07/2026 01:49:07 PM - NavigationBasePageMenuMap - INFO: Clicked on element with locator: //div[@data-click='searchOpen'] locatorType: xpath
14/07/2026 01:49:09 PM - NavigationBasePageMenuMap - INFO: Element found with locator : //div[@class='w2ui-field-helper w2ui-list']/following-sibling::input[@placeholder='Select a Status']and locatortype : xpath
14/07/2026 01:49:09 PM - NavigationBasePageMenuMap - ERROR: Element is not displayed
14/07/2026 01:49:09 PM - NavigationBasePageMenuMap - INFO: Element found with locator : //div[@class='w2ui-field-helper w2ui-list']/following-sibling::input[@placeholder='Select a Status']and locatortype : xpath
14/07/2026 01:49:09 PM - NavigationBasePageMenuMap - INFO: Element is present with locator: //div[@class='w2ui-field-helper w2ui-list']/following-sibling::input[@placeholder='Select a Status'] locatorType: xpath
14/07/2026 01:49:09 PM - NavigationBasePageMenuMap - INFO: waiting for max :: 10:: second for the element
14/07/2026 01:49:09 PM - NavigationBasePageMenuMap - INFO: Element did not appeard on the webpage ://div[@class='w2ui-field-helper w2ui-list']/following-sibling::input[@placeholder='Select a Status']
14/07/2026 01:49:09 PM - NavigationBasePageMenuMap - ERROR: Element is not displayed
14/07/2026 01:49:09 PM - NavigationBasePageMenuMap - INFO: Element found with locator : //div[@class='w2ui-field-helper w2ui-list']/following-sibling::input[@placeholder='Select a Status']and locatortype : xpath
14/07/2026 01:49:09 PM - NavigationBasePageMenuMap - INFO: Element exists on the page with locator : //div[@class='w2ui-field-helper w2ui-list']/following-sibling::input[@placeholder='Select a Status']
14/07/2026 01:49:09 PM - NavigationBasePageMenuMap - INFO: Element found with locator : //div[@class='w2ui-field-helper w2ui-list']/following-sibling::input[@placeholder='Select a Status']and locatortype : xpath
14/07/2026 01:49:10 PM - NavigationBasePageMenuMap - ERROR: Cannot click on the element with locator: //div[@class='w2ui-field-helper w2ui-list']/following-sibling::input[@placeholder='Select a Status'] locatorType: xpath
14/07/2026 01:49:10 PM - NavigationBasePageMenuMap - INFO: waiting for max :: 10:: second for the element
14/07/2026 01:49:10 PM - NavigationBasePageMenuMap - INFO: Element did not appeard on the webpage ://div[@class='w2ui-field-helper w2ui-list']/following-sibling::input[@placeholder='Select a Status']
14/07/2026 01:49:10 PM - NavigationBasePageMenuMap - INFO: Element found with locator : //div[@class='w2ui-field-helper w2ui-list']/following-sibling::input[@placeholder='Select a Status']and locatortype : xpath
14/07/2026 01:49:11 PM - NavigationBasePageMenuMap - INFO: Cannot send data on the element with locator: //div[@class='w2ui-field-helper w2ui-list']/following-sibling::input[@placeholder='Select a Status'] locatorType: xpath
14/07/2026 01:49:11 PM - NavigationBasePageMenuMap - INFO: waiting for max :: 10:: second for the element
14/07/2026 01:49:11 PM - NavigationBasePageMenuMap - INFO: Element did not appeard on the webpage ://input[@placeholder='Select a Status']
14/07/2026 01:49:11 PM - NavigationBasePageMenuMap - INFO: Element found with locator : //input[@placeholder='Select a Status']and locatortype : xpath
14/07/2026 01:49:12 PM - NavigationBasePageMenuMap - INFO: Cannot send data on the element with locator: //input[@placeholder='Select a Status'] locatorType: xpath
14/07/2026 01:49:12 PM - NavigationBasePageMenuMap - INFO: Element list found with locator: //div[@id='w2overlay-grid_BlkInventory-Table_field_1_menu']//div[@class='menu-text'] and locatorType: xpath
14/07/2026 01:49:13 PM - NavigationBasePageMenuMap - INFO: Element found with locator : //div[@class='w2ui-field-helper w2ui-list']/following-sibling::input[@placeholder='Select a Source']and locatortype : xpath
14/07/2026 01:49:13 PM - NavigationBasePageMenuMap - ERROR: Element is not displayed
14/07/2026 01:49:13 PM - NavigationBasePageMenuMap - INFO: Element found with locator : //div[@class='w2ui-field-helper w2ui-list']/following-sibling::input[@placeholder='Select a Source']and locatortype : xpath
14/07/2026 01:49:13 PM - NavigationBasePageMenuMap - INFO: Element is present with locator: //div[@class='w2ui-field-helper w2ui-list']/following-sibling::input[@placeholder='Select a Source'] locatorType: xpath
14/07/2026 01:49:13 PM - NavigationBasePageMenuMap - INFO: waiting for max :: 10:: second for the element
14/07/2026 01:49:13 PM - NavigationBasePageMenuMap - INFO: Element did not appeard on the webpage ://div[@class='w2ui-field-helper w2ui-list']/following-sibling::input[@placeholder='Select a Source']
14/07/2026 01:49:13 PM - NavigationBasePageMenuMap - ERROR: Element is not displayed
14/07/2026 01:49:13 PM - NavigationBasePageMenuMap - INFO: Element found with locator : //div[@class='w2ui-field-helper w2ui-list']/following-sibling::input[@placeholder='Select a Source']and locatortype : xpath
14/07/2026 01:49:13 PM - NavigationBasePageMenuMap - INFO: Element exists on the page with locator : //div[@class='w2ui-field-helper w2ui-list']/following-sibling::input[@placeholder='Select a Source']
14/07/2026 01:49:13 PM - NavigationBasePageMenuMap - INFO: Element found with locator : //div[@class='w2ui-field-helper w2ui-list']/following-sibling::input[@placeholder='Select a Source']and locatortype : xpath
14/07/2026 01:49:14 PM - NavigationBasePageMenuMap - ERROR: Cannot click on the element with locator: //div[@class='w2ui-field-helper w2ui-list']/following-sibling::input[@placeholder='Select a Source'] locatorType: xpath
14/07/2026 01:49:14 PM - NavigationBasePageMenuMap - INFO: waiting for max :: 10:: second for the element
14/07/2026 01:49:14 PM - NavigationBasePageMenuMap - INFO: Element did not appeard on the webpage ://div[@class='w2ui-field-helper w2ui-list']/following-sibling::input[@placeholder='Select a Source']
14/07/2026 01:49:14 PM - NavigationBasePageMenuMap - INFO: Element found with locator : //div[@class='w2ui-field-helper w2ui-list']/following-sibling::input[@placeholder='Select a Source']and locatortype : xpath
14/07/2026 01:49:15 PM - NavigationBasePageMenuMap - INFO: Cannot send data on the element with locator: //div[@class='w2ui-field-helper w2ui-list']/following-sibling::input[@placeholder='Select a Source'] locatorType: xpath
14/07/2026 01:49:15 PM - NavigationBasePageMenuMap - INFO: waiting for max :: 10:: second for the element
14/07/2026 01:49:15 PM - NavigationBasePageMenuMap - INFO: Element did not appeard on the webpage ://input[@placeholder='Select a Source']
14/07/2026 01:49:15 PM - NavigationBasePageMenuMap - INFO: Element found with locator : //input[@placeholder='Select a Source']and locatortype : xpath
14/07/2026 01:49:16 PM - NavigationBasePageMenuMap - INFO: Cannot send data on the element with locator: //input[@placeholder='Select a Source'] locatorType: xpath
14/07/2026 01:49:16 PM - NavigationBasePageMenuMap - INFO: Element list found with locator: //div[@id='w2overlay-grid_BlkInventory-Table_field_5_menu']//div[@class='menu-text'] and locatorType: xpath
14/07/2026 01:49:23 PM - NavigationBasePageMenuMap - INFO: waiting for max :: 10:: second for the element
14/07/2026 01:49:23 PM - NavigationBasePageMenuMap - INFO: Element did not appeard on the webpage ://div[@id='grid_BlkInventory-Table_columns']/table/tbody/tr/td//div[2][contains(normalize-space(.), 'Effective Date')]
14/07/2026 01:49:23 PM - NavigationBasePageMenuMap - ERROR: Element is not displayed
14/07/2026 01:49:23 PM - NavigationBasePageMenuMap - INFO: Element found with locator : //div[@id='grid_BlkInventory-Table_columns']/table/tbody/tr/td//div[2][contains(normalize-space(.), 'Effective Date')]and locatortype : xpath
14/07/2026 01:49:23 PM - NavigationBasePageMenuMap - INFO: Element exists on the page with locator : //div[@id='grid_BlkInventory-Table_columns']/table/tbody/tr/td//div[2][contains(normalize-space(.), 'Effective Date')]
14/07/2026 01:49:23 PM - NavigationBasePageMenuMap - INFO: Element found with locator : //div[@id='grid_BlkInventory-Table_columns']/table/tbody/tr/td//div[2][contains(normalize-space(.), 'Effective Date')]and locatortype : xpath
14/07/2026 01:49:23 PM - NavigationBasePageMenuMap - INFO: Clicked on element with locator: //div[@id='grid_BlkInventory-Table_columns']/table/tbody/tr/td//div[2][contains(normalize-space(.), 'Effective Date')] locatorType: xpath
14/07/2026 01:49:25 PM - NavigationBasePageMenuMap - INFO: waiting for max :: 10:: second for the element
14/07/2026 01:49:25 PM - NavigationBasePageMenuMap - INFO: Element did not appeard on the webpage ://div[@id='grid_BlkInventory-Table_columns']/table/tbody/tr/td//div[2][contains(normalize-space(.), 'Effective Date')]
14/07/2026 01:49:25 PM - NavigationBasePageMenuMap - ERROR: Element is not displayed
14/07/2026 01:49:25 PM - NavigationBasePageMenuMap - INFO: Element found with locator : //div[@id='grid_BlkInventory-Table_columns']/table/tbody/tr/td//div[2][contains(normalize-space(.), 'Effective Date')]and locatortype : xpath
14/07/2026 01:49:25 PM - NavigationBasePageMenuMap - INFO: Element exists on the page with locator : //div[@id='grid_BlkInventory-Table_columns']/table/tbody/tr/td//div[2][contains(normalize-space(.), 'Effective Date')]
14/07/2026 01:49:25 PM - NavigationBasePageMenuMap - INFO: Element found with locator : //div[@id='grid_BlkInventory-Table_columns']/table/tbody/tr/td//div[2][contains(normalize-space(.), 'Effective Date')]and locatortype : xpath
14/07/2026 01:49:26 PM - NavigationBasePageMenuMap - INFO: Clicked on element with locator: //div[@id='grid_BlkInventory-Table_columns']/table/tbody/tr/td//div[2][contains(normalize-space(.), 'Effective Date')] locatorType: xpath
14/07/2026 01:49:28 PM - NavigationBasePageMenuMap - INFO: waiting for max :: 10:: second for the element
14/07/2026 01:49:28 PM - NavigationBasePageMenuMap - INFO: Element did not appeard on the webpage ://div[@id='grid_BlkInventory-Table_columns']/table/tbody/tr/td//div[2][contains(normalize-space(.), 'Effective Date')]
14/07/2026 01:49:28 PM - NavigationBasePageMenuMap - ERROR: Element is not displayed
14/07/2026 01:49:28 PM - NavigationBasePageMenuMap - INFO: Element found with locator : //div[@id='grid_BlkInventory-Table_columns']/table/tbody/tr/td//div[2][contains(normalize-space(.), 'Effective Date')]and locatortype : xpath
14/07/2026 01:49:28 PM - NavigationBasePageMenuMap - INFO: Element exists on the page with locator : //div[@id='grid_BlkInventory-Table_columns']/table/tbody/tr/td//div[2][contains(normalize-space(.), 'Effective Date')]
14/07/2026 01:49:28 PM - NavigationBasePageMenuMap - INFO: Element found with locator : //div[@id='grid_BlkInventory-Table_columns']/table/tbody/tr/td//div[2][contains(normalize-space(.), 'Effective Date')]and locatortype : xpath
14/07/2026 01:49:28 PM - NavigationBasePageMenuMap - INFO: Clicked on element with locator: //div[@id='grid_BlkInventory-Table_columns']/table/tbody/tr/td//div[2][contains(normalize-space(.), 'Effective Date')] locatorType: xpath
14/07/2026 01:49:33 PM - NavigationBasePageMenuMap - INFO: waiting for max :: 10:: second for the element
14/07/2026 01:49:33 PM - NavigationBasePageMenuMap - INFO: Element did not appeard on the webpage ://button[@id="BlockDashboard-close"]/i
14/07/2026 01:49:33 PM - NavigationBasePageMenuMap - ERROR: Element is not displayed
14/07/2026 01:49:33 PM - NavigationBasePageMenuMap - INFO: Element found with locator : //button[@id="BlockDashboard-close"]/iand locatortype : xpath
14/07/2026 01:49:33 PM - NavigationBasePageMenuMap - INFO: Element exists on the page with locator : //button[@id="BlockDashboard-close"]/i
14/07/2026 01:49:33 PM - NavigationBasePageMenuMap - INFO: Element found with locator : //button[@id="BlockDashboard-close"]/iand locatortype : xpath
14/07/2026 01:49:33 PM - NavigationBasePageMenuMap - INFO: Clicked on element with locator: //button[@id="BlockDashboard-close"]/i locatorType: xpath
14/07/2026 01:49:37 PM - NavigationBasePageMenuMap - INFO: waiting for max :: 10:: second for the element
14/07/2026 01:49:37 PM - NavigationBasePageMenuMap - INFO: Element did not appeard on the webpage ://a[@id="inventory"]
14/07/2026 01:49:37 PM - NavigationBasePageMenuMap - ERROR: Element is not displayed
14/07/2026 01:49:37 PM - NavigationBasePageMenuMap - INFO: Element found with locator : //a[@id="inventory"]and locatortype : xpath
14/07/2026 01:49:37 PM - NavigationBasePageMenuMap - INFO: Element exists on the page with locator : //a[@id="inventory"]
14/07/2026 01:49:37 PM - NavigationBasePageMenuMap - INFO: Element found with locator : //a[@id="inventory"]and locatortype : xpath
14/07/2026 01:49:37 PM - NavigationBasePageMenuMap - INFO: Clicked on element with locator: //a[@id="inventory"] locatorType: xpath
14/07/2026 01:49:37 PM - NavigationBasePageMenuMap - INFO: waiting for max :: 10:: second for the element
14/07/2026 01:49:37 PM - NavigationBasePageMenuMap - INFO: Element did not appeard on the webpage ://a[contains(text(),"TN Dashboard")]
14/07/2026 01:49:37 PM - NavigationBasePageMenuMap - ERROR: Element is not displayed
14/07/2026 01:49:37 PM - NavigationBasePageMenuMap - INFO: Element found with locator : //a[contains(text(),"TN Dashboard")]and locatortype : xpath
14/07/2026 01:49:37 PM - NavigationBasePageMenuMap - INFO: Element exists on the page with locator : //a[contains(text(),"TN Dashboard")]
14/07/2026 01:49:37 PM - NavigationBasePageMenuMap - INFO: Element found with locator : //a[contains(text(),"TN Dashboard")]and locatortype : xpath
14/07/2026 01:49:37 PM - NavigationBasePageMenuMap - INFO: Clicked on element with locator: //a[contains(text(),"TN Dashboard")] locatorType: xpath
14/07/2026 01:49:39 PM - NavigationBasePageMenuMap - INFO: Element found with locator : //div[@id='tb_TnInventory-Table_toolbar_item_w2ui-search-advanced']/div/spanand locatortype : xpath
14/07/2026 01:49:39 PM - NavigationBasePageMenuMap - ERROR: Element is not displayed
14/07/2026 01:49:39 PM - NavigationBasePageMenuMap - INFO: Element found with locator : //div[@id='tb_TnInventory-Table_toolbar_item_w2ui-search-advanced']/div/spanand locatortype : xpath
14/07/2026 01:49:39 PM - NavigationBasePageMenuMap - INFO: Element is present with locator: //div[@id='tb_TnInventory-Table_toolbar_item_w2ui-search-advanced']/div/span locatorType: xpath
14/07/2026 01:49:39 PM - NavigationBasePageMenuMap - INFO: Element found with locator : //div[@id='tb_TnInventory-Table_toolbar_item_w2ui-search-advanced']/div/spanand locatortype : xpath
14/07/2026 01:49:39 PM - NavigationBasePageMenuMap - INFO: Element exists on the page with locator : //div[@id='tb_TnInventory-Table_toolbar_item_w2ui-search-advanced']/div/span
14/07/2026 01:49:39 PM - NavigationBasePageMenuMap - INFO: waiting for max :: 10:: second for the element
14/07/2026 01:49:39 PM - NavigationBasePageMenuMap - INFO: Element did not appeard on the webpage ://div[@id='tb_TnInventory-Table_toolbar_item_w2ui-search-advanced']/div/span
14/07/2026 01:49:39 PM - NavigationBasePageMenuMap - ERROR: Element is not displayed
14/07/2026 01:49:39 PM - NavigationBasePageMenuMap - INFO: Element found with locator : //div[@id='tb_TnInventory-Table_toolbar_item_w2ui-search-advanced']/div/spanand locatortype : xpath
14/07/2026 01:49:39 PM - NavigationBasePageMenuMap - INFO: Element exists on the page with locator : //div[@id='tb_TnInventory-Table_toolbar_item_w2ui-search-advanced']/div/span
14/07/2026 01:49:39 PM - NavigationBasePageMenuMap - INFO: Element found with locator : //div[@id='tb_TnInventory-Table_toolbar_item_w2ui-search-advanced']/div/spanand locatortype : xpath
14/07/2026 01:49:39 PM - NavigationBasePageMenuMap - INFO: Clicked on element with locator: //div[@id='tb_TnInventory-Table_toolbar_item_w2ui-search-advanced']/div/span locatorType: xpath
14/07/2026 01:49:41 PM - NavigationBasePageMenuMap - INFO: Element found with locator : //tr[1]/td/input[@rel='search']and locatortype : xpath
14/07/2026 01:49:41 PM - NavigationBasePageMenuMap - ERROR: Element is not displayed
14/07/2026 01:49:41 PM - NavigationBasePageMenuMap - INFO: Element found with locator : //tr[1]/td/input[@rel='search']and locatortype : xpath
14/07/2026 01:49:41 PM - NavigationBasePageMenuMap - INFO: Element is present with locator: //tr[1]/td/input[@rel='search'] locatorType: xpath
14/07/2026 01:49:41 PM - NavigationBasePageMenuMap - INFO: waiting for max :: 10:: second for the element
14/07/2026 01:49:41 PM - NavigationBasePageMenuMap - INFO: Element did not appeard on the webpage ://tr[1]/td/input[@rel='search']
14/07/2026 01:49:41 PM - NavigationBasePageMenuMap - INFO: Element found with locator : //tr[1]/td/input[@rel='search']and locatortype : xpath
14/07/2026 01:49:42 PM - NavigationBasePageMenuMap - INFO: Sent data on element with locator: //tr[1]/td/input[@rel='search'] locatorType: xpath
14/07/2026 01:49:42 PM - NavigationBasePageMenuMap - INFO: Element found with locator : //td[contains(text(),'Requester')]/following-sibling::td/selectand locatortype : xpath
14/07/2026 01:49:42 PM - NavigationBasePageMenuMap - INFO: waiting for max :: 10:: second for the element
14/07/2026 01:49:42 PM - NavigationBasePageMenuMap - INFO: Element did not appeard on the webpage ://td[contains(text(),'Requester')]/following-sibling::td/select
14/07/2026 01:49:42 PM - NavigationBasePageMenuMap - INFO: Element found with locator : //td[contains(text(),'Requester')]/following-sibling::td/selectand locatortype : xpath
14/07/2026 01:49:42 PM - NavigationBasePageMenuMap - INFO: element is selected : //td[contains(text(),'Requester')]/following-sibling::td/select value: contains
14/07/2026 01:49:43 PM - NavigationBasePageMenuMap - INFO: Element found with locator : //td[contains(text(),'Requester')]/following-sibling::td/input[@rel='search']and locatortype : xpath
14/07/2026 01:49:48 PM - NavigationBasePageMenuMap - INFO: Element found with locator : //tr[@id='grid_TnInventory-Table_rec_1']/td[2]/divand locatortype : xpath
14/07/2026 01:49:48 PM - NavigationBasePageMenuMap - INFO: Getting text on element :: 
14/07/2026 01:49:48 PM - NavigationBasePageMenuMap - INFO: The text is :: '972-328-0997'
14/07/2026 01:49:48 PM - NavigationBasePageMenuMap - INFO: Element found with locator : //tr[@id='grid_TnInventory-Table_rec_1']/td[9]/divand locatortype : xpath
14/07/2026 01:49:48 PM - NavigationBasePageMenuMap - INFO: Getting text on element :: 
14/07/2026 01:49:48 PM - NavigationBasePageMenuMap - INFO: The text is :: 'DALLAS TEXAS'
14/07/2026 01:49:50 PM - NavigationBasePageMenuMap - INFO: Element found with locator : //td[@id='grid_TnInventory-Table_data_0_17']/div/divand locatortype : xpath
14/07/2026 01:49:50 PM - NavigationBasePageMenuMap - INFO: waiting for max :: 10:: second for the element
14/07/2026 01:49:50 PM - NavigationBasePageMenuMap - INFO: Element did not appeard on the webpage ://button[@id="TnDashboard-close"]/i
14/07/2026 01:49:50 PM - NavigationBasePageMenuMap - ERROR: Element is not displayed
14/07/2026 01:49:50 PM - NavigationBasePageMenuMap - INFO: Element found with locator : //button[@id="TnDashboard-close"]/iand locatortype : xpath
14/07/2026 01:49:50 PM - NavigationBasePageMenuMap - INFO: Element exists on the page with locator : //button[@id="TnDashboard-close"]/i
14/07/2026 01:49:50 PM - NavigationBasePageMenuMap - INFO: Element found with locator : //button[@id="TnDashboard-close"]/iand locatortype : xpath
14/07/2026 01:49:51 PM - NavigationBasePageMenuMap - ERROR: Cannot click on the element with locator: //button[@id="TnDashboard-close"]/i locatorType: xpath
14/07/2026 01:49:53 PM - NavigationBasePageMenuMap - INFO: waiting for max :: 10:: second for the element
14/07/2026 01:49:53 PM - NavigationBasePageMenuMap - INFO: Element did not appeard on the webpage ://a[@id="inventory"]
14/07/2026 01:49:53 PM - NavigationBasePageMenuMap - ERROR: Element is not displayed
14/07/2026 01:49:53 PM - NavigationBasePageMenuMap - INFO: Element found with locator : //a[@id="inventory"]and locatortype : xpath
14/07/2026 01:49:53 PM - NavigationBasePageMenuMap - INFO: Element exists on the page with locator : //a[@id="inventory"]
14/07/2026 01:49:53 PM - NavigationBasePageMenuMap - INFO: Element found with locator : //a[@id="inventory"]and locatortype : xpath
14/07/2026 01:49:53 PM - NavigationBasePageMenuMap - INFO: Clicked on element with locator: //a[@id="inventory"] locatorType: xpath
14/07/2026 01:49:53 PM - NavigationBasePageMenuMap - INFO: waiting for max :: 10:: second for the element
14/07/2026 01:49:53 PM - NavigationBasePageMenuMap - INFO: Element did not appeard on the webpage ://a[contains(text(),"TN Dashboard")]
14/07/2026 01:49:53 PM - NavigationBasePageMenuMap - ERROR: Element is not displayed
14/07/2026 01:49:53 PM - NavigationBasePageMenuMap - INFO: Element found with locator : //a[contains(text(),"TN Dashboard")]and locatortype : xpath
14/07/2026 01:49:53 PM - NavigationBasePageMenuMap - INFO: Element exists on the page with locator : //a[contains(text(),"TN Dashboard")]
14/07/2026 01:49:53 PM - NavigationBasePageMenuMap - INFO: Element found with locator : //a[contains(text(),"TN Dashboard")]and locatortype : xpath
14/07/2026 01:49:53 PM - NavigationBasePageMenuMap - INFO: Clicked on element with locator: //a[contains(text(),"TN Dashboard")] locatorType: xpath
14/07/2026 01:49:55 PM - NavigationBasePageMenuMap - INFO: Element found with locator : //div[@id='tb_TnInventory-Table_toolbar_item_w2ui-search-advanced']/div/spanand locatortype : xpath
14/07/2026 01:49:55 PM - NavigationBasePageMenuMap - ERROR: Element is not displayed
14/07/2026 01:49:55 PM - NavigationBasePageMenuMap - INFO: Element found with locator : //div[@id='tb_TnInventory-Table_toolbar_item_w2ui-search-advanced']/div/spanand locatortype : xpath
14/07/2026 01:49:55 PM - NavigationBasePageMenuMap - INFO: Element is present with locator: //div[@id='tb_TnInventory-Table_toolbar_item_w2ui-search-advanced']/div/span locatorType: xpath
14/07/2026 01:49:55 PM - NavigationBasePageMenuMap - INFO: Element found with locator : //div[@id='tb_TnInventory-Table_toolbar_item_w2ui-search-advanced']/div/spanand locatortype : xpath
14/07/2026 01:49:55 PM - NavigationBasePageMenuMap - INFO: Element exists on the page with locator : //div[@id='tb_TnInventory-Table_toolbar_item_w2ui-search-advanced']/div/span
14/07/2026 01:49:55 PM - NavigationBasePageMenuMap - INFO: waiting for max :: 10:: second for the element
14/07/2026 01:49:55 PM - NavigationBasePageMenuMap - INFO: Element did not appeard on the webpage ://div[@id='tb_TnInventory-Table_toolbar_item_w2ui-search-advanced']/div/span
14/07/2026 01:49:55 PM - NavigationBasePageMenuMap - ERROR: Element is not displayed
14/07/2026 01:49:55 PM - NavigationBasePageMenuMap - INFO: Element found with locator : //div[@id='tb_TnInventory-Table_toolbar_item_w2ui-search-advanced']/div/spanand locatortype : xpath
14/07/2026 01:49:55 PM - NavigationBasePageMenuMap - INFO: Element exists on the page with locator : //div[@id='tb_TnInventory-Table_toolbar_item_w2ui-search-advanced']/div/span
14/07/2026 01:49:55 PM - NavigationBasePageMenuMap - INFO: Element found with locator : //div[@id='tb_TnInventory-Table_toolbar_item_w2ui-search-advanced']/div/spanand locatortype : xpath
14/07/2026 01:49:55 PM - NavigationBasePageMenuMap - INFO: Clicked on element with locator: //div[@id='tb_TnInventory-Table_toolbar_item_w2ui-search-advanced']/div/span locatorType: xpath
14/07/2026 01:49:57 PM - NavigationBasePageMenuMap - INFO: Element found with locator : //tr[1]/td/input[@rel='search']and locatortype : xpath
14/07/2026 01:49:57 PM - NavigationBasePageMenuMap - ERROR: Element is not displayed
14/07/2026 01:49:57 PM - NavigationBasePageMenuMap - INFO: Element found with locator : //tr[1]/td/input[@rel='search']and locatortype : xpath
14/07/2026 01:49:57 PM - NavigationBasePageMenuMap - INFO: Element is present with locator: //tr[1]/td/input[@rel='search'] locatorType: xpath
14/07/2026 01:49:57 PM - NavigationBasePageMenuMap - INFO: waiting for max :: 10:: second for the element
14/07/2026 01:49:57 PM - NavigationBasePageMenuMap - INFO: Element did not appeard on the webpage ://tr[1]/td/input[@rel='search']
14/07/2026 01:49:57 PM - NavigationBasePageMenuMap - INFO: Element found with locator : //tr[1]/td/input[@rel='search']and locatortype : xpath
14/07/2026 01:49:58 PM - NavigationBasePageMenuMap - INFO: Sent data on element with locator: //tr[1]/td/input[@rel='search'] locatorType: xpath
14/07/2026 01:49:58 PM - NavigationBasePageMenuMap - INFO: Element found with locator : //td[contains(text(),'Requester')]/following-sibling::td/selectand locatortype : xpath
14/07/2026 01:49:58 PM - NavigationBasePageMenuMap - INFO: waiting for max :: 10:: second for the element
14/07/2026 01:49:58 PM - NavigationBasePageMenuMap - INFO: Element did not appeard on the webpage ://td[contains(text(),'Requester')]/following-sibling::td/select
14/07/2026 01:49:58 PM - NavigationBasePageMenuMap - INFO: Element found with locator : //td[contains(text(),'Requester')]/following-sibling::td/selectand locatortype : xpath
14/07/2026 01:49:58 PM - NavigationBasePageMenuMap - INFO: element is selected : //td[contains(text(),'Requester')]/following-sibling::td/select value: contains
14/07/2026 01:49:59 PM - NavigationBasePageMenuMap - INFO: Element found with locator : //td[contains(text(),'Requester')]/following-sibling::td/input[@rel='search']and locatortype : xpath
14/07/2026 01:50:04 PM - NavigationBasePageMenuMap - INFO: Element found with locator : //tr[@id='grid_TnInventory-Table_rec_1']/td[2]/divand locatortype : xpath
14/07/2026 01:50:04 PM - NavigationBasePageMenuMap - INFO: Getting text on element :: 
14/07/2026 01:50:04 PM - NavigationBasePageMenuMap - INFO: The text is :: '346-928-8997'
14/07/2026 01:50:04 PM - NavigationBasePageMenuMap - INFO: Element found with locator : //tr[@id='grid_TnInventory-Table_rec_1']/td[9]/divand locatortype : xpath
14/07/2026 01:50:04 PM - NavigationBasePageMenuMap - INFO: Getting text on element :: 
14/07/2026 01:50:04 PM - NavigationBasePageMenuMap - INFO: The text is :: 'HOUSTON TEXAS'
14/07/2026 01:50:05 PM - NavigationBasePageMenuMap - INFO: Element found with locator : //td[@id='grid_TnInventory-Table_data_0_17']/div/divand locatortype : xpath
14/07/2026 01:50:05 PM - NavigationBasePageMenuMap - INFO: waiting for max :: 10:: second for the element
14/07/2026 01:50:05 PM - NavigationBasePageMenuMap - INFO: Element did not appeard on the webpage ://button[@id="TnDashboard-close"]/i
14/07/2026 01:50:05 PM - NavigationBasePageMenuMap - ERROR: Element is not displayed
14/07/2026 01:50:05 PM - NavigationBasePageMenuMap - INFO: Element found with locator : //button[@id="TnDashboard-close"]/iand locatortype : xpath
14/07/2026 01:50:05 PM - NavigationBasePageMenuMap - INFO: Element exists on the page with locator : //button[@id="TnDashboard-close"]/i
14/07/2026 01:50:05 PM - NavigationBasePageMenuMap - INFO: Element found with locator : //button[@id="TnDashboard-close"]/iand locatortype : xpath
14/07/2026 01:50:07 PM - NavigationBasePageMenuMap - ERROR: Cannot click on the element with locator: //button[@id="TnDashboard-close"]/i locatorType: xpath
14/07/2026 01:50:09 PM - Util - INFO: Wait :: '4' seconds for 
14/07/2026 01:50:15 PM - NavigationBasePageMenuMap - INFO: waiting for max :: 10:: second for the element
14/07/2026 01:50:45 PM - NavigationBasePageMenuMap - INFO: Element did not appeard on the webpage ://button[@id="BlockDashboard-close"]/i
14/07/2026 01:50:45 PM - NavigationBasePageMenuMap - ERROR: Element is not displayed
14/07/2026 01:51:15 PM - NavigationBasePageMenuMap - ERROR: Element not found with locator : //button[@id="BlockDashboard-close"]/iand locatortype : xpath
14/07/2026 01:51:15 PM - NavigationBasePageMenuMap - ERROR: Element did not found on the page with locator : //button[@id="BlockDashboard-close"]/i
14/07/2026 01:51:45 PM - NavigationBasePageMenuMap - ERROR: Element not found with locator : //button[@id="BlockDashboard-close"]/iand locatortype : xpath
14/07/2026 01:51:45 PM - NavigationBasePageMenuMap - ERROR: Cannot click on the element with locator: //button[@id="BlockDashboard-close"]/i locatorType: xpath
14/07/2026 01:51:45 PM - NavigationBasePageMenuMap - INFO: waiting for max :: 10:: second for the element
14/07/2026 01:51:45 PM - NavigationBasePageMenuMap - INFO: Element did not appeard on the webpage ://button[@id="TnDashboard-close"]/i
14/07/2026 01:51:45 PM - NavigationBasePageMenuMap - ERROR: Element is not displayed
14/07/2026 01:51:45 PM - NavigationBasePageMenuMap - INFO: Element found with locator : //button[@id="TnDashboard-close"]/iand locatortype : xpath
14/07/2026 01:51:45 PM - NavigationBasePageMenuMap - INFO: Element exists on the page with locator : //button[@id="TnDashboard-close"]/i
14/07/2026 01:51:45 PM - NavigationBasePageMenuMap - INFO: Element found with locator : //button[@id="TnDashboard-close"]/iand locatortype : xpath
14/07/2026 01:51:46 PM - NavigationBasePageMenuMap - ERROR: Cannot click on the element with locator: //button[@id="TnDashboard-close"]/i locatorType: xpath
14/07/2026 01:51:46 PM - Util - INFO: Wait :: '2' seconds for 
