14/07/2026 03:38:47 PM - LoginPage - INFO: Element found with locator : //button[@id="login-submit"]and locatortype : xpath
14/07/2026 03:38:47 PM - LoginPage - INFO: Element is present with locator: //button[@id="login-submit"] locatorType: xpath
14/07/2026 03:38:47 PM - LoginPage - INFO: Element found with locator : //span[contains(text(),"SIGN IN")]and locatortype : xpath
14/07/2026 03:38:47 PM - LoginPage - ERROR: Element is not displayed
14/07/2026 03:38:47 PM - LoginPage - INFO: Element found with locator : //span[contains(text(),"SIGN IN")]and locatortype : xpath
14/07/2026 03:38:47 PM - LoginPage - INFO: Element is present with locator: //span[contains(text(),"SIGN IN")] locatorType: xpath
14/07/2026 03:38:47 PM - LoginPage - INFO: WebUrl is accessible
14/07/2026 03:38:48 PM - LoginPage - INFO: waiting for max :: 10:: second for the element
14/07/2026 03:38:48 PM - LoginPage - INFO: Element did not appeard on the webpage ://input[@name="username"]
14/07/2026 03:38:48 PM - LoginPage - INFO: Element found with locator : //input[@name="username"]and locatortype : xpath
14/07/2026 03:38:49 PM - LoginPage - INFO: Sent data on element with locator: //input[@name="username"] locatorType: xpath
14/07/2026 03:38:50 PM - LoginPage - INFO: waiting for max :: 10:: second for the element
14/07/2026 03:38:50 PM - LoginPage - INFO: Element did not appeard on the webpage ://input[@name="password"]
14/07/2026 03:38:50 PM - LoginPage - INFO: Element found with locator : //input[@name="password"]and locatortype : xpath
14/07/2026 03:38:51 PM - LoginPage - INFO: Sent data on element with locator: //input[@name="password"] locatorType: xpath
14/07/2026 03:38:51 PM - LoginPage - INFO: waiting for max :: 6:: second for the element
14/07/2026 03:38:51 PM - LoginPage - INFO: Element did not appeard on the webpage ://button[@id="login-submit"]
14/07/2026 03:38:51 PM - LoginPage - INFO: waiting for max :: 10:: second for the element
14/07/2026 03:38:51 PM - LoginPage - INFO: Element did not appeard on the webpage ://button[@id="login-submit"]
14/07/2026 03:38:51 PM - LoginPage - ERROR: Element is not displayed
14/07/2026 03:38:51 PM - LoginPage - INFO: Element found with locator : //button[@id="login-submit"]and locatortype : xpath
14/07/2026 03:38:51 PM - LoginPage - INFO: Element exists on the page with locator : //button[@id="login-submit"]
14/07/2026 03:38:51 PM - LoginPage - INFO: Element found with locator : //button[@id="login-submit"]and locatortype : xpath
14/07/2026 03:38:51 PM - LoginPage - INFO: Clicked on element with locator: //button[@id="login-submit"] locatorType: xpath
14/07/2026 03:38:51 PM - LoginPage - INFO: Element found with locator : //a/i[@title="Sign out"]and locatortype : xpath
14/07/2026 03:38:51 PM - LoginPage - INFO: Element is present with locator: //a/i[@title="Sign out"] locatorType: xpath
14/07/2026 03:38:51 PM - NavigationBasePageMenuMap - INFO: Element found with locator : //button[@id="modal-cancel-btn"]and locatortype : xpath
14/07/2026 03:38:51 PM - NavigationBasePageMenuMap - ERROR: Element is not displayed
14/07/2026 03:38:51 PM - NavigationBasePageMenuMap - INFO: Element found with locator : //button[@id="modal-cancel-btn"]and locatortype : xpath
14/07/2026 03:38:51 PM - NavigationBasePageMenuMap - INFO: Element is present with locator: //button[@id="modal-cancel-btn"] locatorType: xpath
14/07/2026 03:38:51 PM - NavigationBasePageMenuMap - INFO: Element found with locator : //button[@id="modal-cancel-btn"]and locatortype : xpath
14/07/2026 03:38:51 PM - NavigationBasePageMenuMap - INFO: Element exists on the page with locator : //button[@id="modal-cancel-btn"]
14/07/2026 03:38:52 PM - NavigationBasePageMenuMap - INFO: waiting for max :: 10:: second for the element
14/07/2026 03:38:52 PM - NavigationBasePageMenuMap - INFO: Element did not appeard on the webpage ://button[@id="modal-cancel-btn"]
14/07/2026 03:38:52 PM - NavigationBasePageMenuMap - ERROR: Element is not displayed
14/07/2026 03:38:52 PM - NavigationBasePageMenuMap - INFO: Element found with locator : //button[@id="modal-cancel-btn"]and locatortype : xpath
14/07/2026 03:38:52 PM - NavigationBasePageMenuMap - INFO: Element exists on the page with locator : //button[@id="modal-cancel-btn"]
14/07/2026 03:38:52 PM - NavigationBasePageMenuMap - INFO: Element found with locator : //button[@id="modal-cancel-btn"]and locatortype : xpath
14/07/2026 03:38:52 PM - NavigationBasePageMenuMap - INFO: Clicked on element with locator: //button[@id="modal-cancel-btn"] locatorType: xpath
14/07/2026 03:38:52 PM - Util - INFO: Wait :: '5' seconds for 
14/07/2026 03:38:57 PM - NavigationBasePageMenuMap - INFO: waiting for max :: 10:: second for the element
14/07/2026 03:38:57 PM - NavigationBasePageMenuMap - INFO: Element did not appeard on the webpage ://a[@id="inventory"]
14/07/2026 03:38:57 PM - NavigationBasePageMenuMap - ERROR: Element is not displayed
14/07/2026 03:38:57 PM - NavigationBasePageMenuMap - INFO: Element found with locator : //a[@id="inventory"]and locatortype : xpath
14/07/2026 03:38:57 PM - NavigationBasePageMenuMap - INFO: Element exists on the page with locator : //a[@id="inventory"]
14/07/2026 03:38:57 PM - NavigationBasePageMenuMap - INFO: Element found with locator : //a[@id="inventory"]and locatortype : xpath
14/07/2026 03:38:57 PM - NavigationBasePageMenuMap - INFO: Clicked on element with locator: //a[@id="inventory"] locatorType: xpath
14/07/2026 03:38:57 PM - NavigationBasePageMenuMap - INFO: waiting for max :: 10:: second for the element
14/07/2026 03:38:57 PM - NavigationBasePageMenuMap - INFO: Element did not appeard on the webpage ://a[contains(text(),"Block Dashboard")]
14/07/2026 03:38:57 PM - NavigationBasePageMenuMap - ERROR: Element is not displayed
14/07/2026 03:38:57 PM - NavigationBasePageMenuMap - INFO: Element found with locator : //a[contains(text(),"Block Dashboard")]and locatortype : xpath
14/07/2026 03:38:57 PM - NavigationBasePageMenuMap - INFO: Element exists on the page with locator : //a[contains(text(),"Block Dashboard")]
14/07/2026 03:38:57 PM - NavigationBasePageMenuMap - INFO: Element found with locator : //a[contains(text(),"Block Dashboard")]and locatortype : xpath
14/07/2026 03:38:57 PM - NavigationBasePageMenuMap - INFO: Clicked on element with locator: //a[contains(text(),"Block Dashboard")] locatorType: xpath
14/07/2026 03:38:59 PM - NavigationBasePageMenuMap - INFO: waiting for max :: 10:: second for the element
14/07/2026 03:38:59 PM - NavigationBasePageMenuMap - INFO: Element did not appeard on the webpage ://button[@id="BlockDashboard-maximize"]
14/07/2026 03:38:59 PM - NavigationBasePageMenuMap - ERROR: Element is not displayed
14/07/2026 03:38:59 PM - NavigationBasePageMenuMap - INFO: Element found with locator : //button[@id="BlockDashboard-maximize"]and locatortype : xpath
14/07/2026 03:38:59 PM - NavigationBasePageMenuMap - INFO: Element exists on the page with locator : //button[@id="BlockDashboard-maximize"]
14/07/2026 03:38:59 PM - NavigationBasePageMenuMap - INFO: Element found with locator : //button[@id="BlockDashboard-maximize"]and locatortype : xpath
14/07/2026 03:38:59 PM - NavigationBasePageMenuMap - INFO: Clicked on element with locator: //button[@id="BlockDashboard-maximize"] locatorType: xpath
14/07/2026 03:39:01 PM - NavigationBasePageMenuMap - INFO: Element found with locator : //div[@data-click='searchOpen']and locatortype : xpath
14/07/2026 03:39:01 PM - NavigationBasePageMenuMap - ERROR: Element is not displayed
14/07/2026 03:39:01 PM - NavigationBasePageMenuMap - INFO: Element found with locator : //div[@data-click='searchOpen']and locatortype : xpath
14/07/2026 03:39:01 PM - NavigationBasePageMenuMap - INFO: Element is present with locator: //div[@data-click='searchOpen'] locatorType: xpath
14/07/2026 03:39:01 PM - NavigationBasePageMenuMap - INFO: Element found with locator : //div[@data-click='searchOpen']and locatortype : xpath
14/07/2026 03:39:01 PM - NavigationBasePageMenuMap - INFO: Element exists on the page with locator : //div[@data-click='searchOpen']
14/07/2026 03:39:01 PM - NavigationBasePageMenuMap - INFO: waiting for max :: 10:: second for the element
14/07/2026 03:39:01 PM - NavigationBasePageMenuMap - INFO: Element did not appeard on the webpage ://div[@data-click='searchOpen']
14/07/2026 03:39:01 PM - NavigationBasePageMenuMap - ERROR: Element is not displayed
14/07/2026 03:39:01 PM - NavigationBasePageMenuMap - INFO: Element found with locator : //div[@data-click='searchOpen']and locatortype : xpath
14/07/2026 03:39:01 PM - NavigationBasePageMenuMap - INFO: Element exists on the page with locator : //div[@data-click='searchOpen']
14/07/2026 03:39:01 PM - NavigationBasePageMenuMap - INFO: Element found with locator : //div[@data-click='searchOpen']and locatortype : xpath
14/07/2026 03:39:02 PM - NavigationBasePageMenuMap - INFO: Clicked on element with locator: //div[@data-click='searchOpen'] locatorType: xpath
14/07/2026 03:39:04 PM - NavigationBasePageMenuMap - INFO: Element found with locator : //div[@class='w2ui-field-helper w2ui-list']/following-sibling::input[@placeholder='Select a Status']and locatortype : xpath
14/07/2026 03:39:04 PM - NavigationBasePageMenuMap - ERROR: Element is not displayed
14/07/2026 03:39:04 PM - NavigationBasePageMenuMap - INFO: Element found with locator : //div[@class='w2ui-field-helper w2ui-list']/following-sibling::input[@placeholder='Select a Status']and locatortype : xpath
14/07/2026 03:39:04 PM - NavigationBasePageMenuMap - INFO: Element is present with locator: //div[@class='w2ui-field-helper w2ui-list']/following-sibling::input[@placeholder='Select a Status'] locatorType: xpath
14/07/2026 03:39:04 PM - NavigationBasePageMenuMap - INFO: waiting for max :: 10:: second for the element
14/07/2026 03:39:04 PM - NavigationBasePageMenuMap - INFO: Element did not appeard on the webpage ://div[@class='w2ui-field-helper w2ui-list']/following-sibling::input[@placeholder='Select a Status']
14/07/2026 03:39:04 PM - NavigationBasePageMenuMap - ERROR: Element is not displayed
14/07/2026 03:39:04 PM - NavigationBasePageMenuMap - INFO: Element found with locator : //div[@class='w2ui-field-helper w2ui-list']/following-sibling::input[@placeholder='Select a Status']and locatortype : xpath
14/07/2026 03:39:04 PM - NavigationBasePageMenuMap - INFO: Element exists on the page with locator : //div[@class='w2ui-field-helper w2ui-list']/following-sibling::input[@placeholder='Select a Status']
14/07/2026 03:39:04 PM - NavigationBasePageMenuMap - INFO: Element found with locator : //div[@class='w2ui-field-helper w2ui-list']/following-sibling::input[@placeholder='Select a Status']and locatortype : xpath
14/07/2026 03:39:05 PM - NavigationBasePageMenuMap - ERROR: Cannot click on the element with locator: //div[@class='w2ui-field-helper w2ui-list']/following-sibling::input[@placeholder='Select a Status'] locatorType: xpath
14/07/2026 03:39:05 PM - NavigationBasePageMenuMap - INFO: waiting for max :: 10:: second for the element
14/07/2026 03:39:05 PM - NavigationBasePageMenuMap - INFO: Element did not appeard on the webpage ://div[@class='w2ui-field-helper w2ui-list']/following-sibling::input[@placeholder='Select a Status']
14/07/2026 03:39:05 PM - NavigationBasePageMenuMap - INFO: Element found with locator : //div[@class='w2ui-field-helper w2ui-list']/following-sibling::input[@placeholder='Select a Status']and locatortype : xpath
14/07/2026 03:39:06 PM - NavigationBasePageMenuMap - INFO: Cannot send data on the element with locator: //div[@class='w2ui-field-helper w2ui-list']/following-sibling::input[@placeholder='Select a Status'] locatorType: xpath
14/07/2026 03:39:06 PM - NavigationBasePageMenuMap - INFO: waiting for max :: 10:: second for the element
14/07/2026 03:39:06 PM - NavigationBasePageMenuMap - INFO: Element did not appeard on the webpage ://input[@placeholder='Select a Status']
14/07/2026 03:39:06 PM - NavigationBasePageMenuMap - INFO: Element found with locator : //input[@placeholder='Select a Status']and locatortype : xpath
14/07/2026 03:39:07 PM - NavigationBasePageMenuMap - INFO: Cannot send data on the element with locator: //input[@placeholder='Select a Status'] locatorType: xpath
14/07/2026 03:39:07 PM - NavigationBasePageMenuMap - INFO: Element list found with locator: //div[@id='w2overlay-grid_BlkInventory-Table_field_1_menu']//div[@class='menu-text'] and locatorType: xpath
14/07/2026 03:39:07 PM - NavigationBasePageMenuMap - INFO: Element found with locator : //div[@class='w2ui-field-helper w2ui-list']/following-sibling::input[@placeholder='Select a Source']and locatortype : xpath
14/07/2026 03:39:07 PM - NavigationBasePageMenuMap - ERROR: Element is not displayed
14/07/2026 03:39:07 PM - NavigationBasePageMenuMap - INFO: Element found with locator : //div[@class='w2ui-field-helper w2ui-list']/following-sibling::input[@placeholder='Select a Source']and locatortype : xpath
14/07/2026 03:39:07 PM - NavigationBasePageMenuMap - INFO: Element is present with locator: //div[@class='w2ui-field-helper w2ui-list']/following-sibling::input[@placeholder='Select a Source'] locatorType: xpath
14/07/2026 03:39:07 PM - NavigationBasePageMenuMap - INFO: waiting for max :: 10:: second for the element
14/07/2026 03:39:07 PM - NavigationBasePageMenuMap - INFO: Element did not appeard on the webpage ://div[@class='w2ui-field-helper w2ui-list']/following-sibling::input[@placeholder='Select a Source']
14/07/2026 03:39:07 PM - NavigationBasePageMenuMap - ERROR: Element is not displayed
14/07/2026 03:39:07 PM - NavigationBasePageMenuMap - INFO: Element found with locator : //div[@class='w2ui-field-helper w2ui-list']/following-sibling::input[@placeholder='Select a Source']and locatortype : xpath
14/07/2026 03:39:07 PM - NavigationBasePageMenuMap - INFO: Element exists on the page with locator : //div[@class='w2ui-field-helper w2ui-list']/following-sibling::input[@placeholder='Select a Source']
14/07/2026 03:39:07 PM - NavigationBasePageMenuMap - INFO: Element found with locator : //div[@class='w2ui-field-helper w2ui-list']/following-sibling::input[@placeholder='Select a Source']and locatortype : xpath
14/07/2026 03:39:08 PM - NavigationBasePageMenuMap - ERROR: Cannot click on the element with locator: //div[@class='w2ui-field-helper w2ui-list']/following-sibling::input[@placeholder='Select a Source'] locatorType: xpath
14/07/2026 03:39:08 PM - NavigationBasePageMenuMap - INFO: waiting for max :: 10:: second for the element
14/07/2026 03:39:08 PM - NavigationBasePageMenuMap - INFO: Element did not appeard on the webpage ://div[@class='w2ui-field-helper w2ui-list']/following-sibling::input[@placeholder='Select a Source']
14/07/2026 03:39:08 PM - NavigationBasePageMenuMap - INFO: Element found with locator : //div[@class='w2ui-field-helper w2ui-list']/following-sibling::input[@placeholder='Select a Source']and locatortype : xpath
14/07/2026 03:39:09 PM - NavigationBasePageMenuMap - INFO: Cannot send data on the element with locator: //div[@class='w2ui-field-helper w2ui-list']/following-sibling::input[@placeholder='Select a Source'] locatorType: xpath
14/07/2026 03:39:09 PM - NavigationBasePageMenuMap - INFO: waiting for max :: 10:: second for the element
14/07/2026 03:39:09 PM - NavigationBasePageMenuMap - INFO: Element did not appeard on the webpage ://input[@placeholder='Select a Source']
14/07/2026 03:39:09 PM - NavigationBasePageMenuMap - INFO: Element found with locator : //input[@placeholder='Select a Source']and locatortype : xpath
14/07/2026 03:39:10 PM - NavigationBasePageMenuMap - INFO: Cannot send data on the element with locator: //input[@placeholder='Select a Source'] locatorType: xpath
14/07/2026 03:39:11 PM - NavigationBasePageMenuMap - INFO: Element list found with locator: //div[@id='w2overlay-grid_BlkInventory-Table_field_5_menu']//div[@class='menu-text'] and locatorType: xpath
14/07/2026 03:39:18 PM - NavigationBasePageMenuMap - INFO: waiting for max :: 10:: second for the element
14/07/2026 03:39:18 PM - NavigationBasePageMenuMap - INFO: Element did not appeard on the webpage ://div[@id='grid_BlkInventory-Table_columns']/table/tbody/tr/td//div[2][contains(normalize-space(.), 'Effective Date')]
14/07/2026 03:39:18 PM - NavigationBasePageMenuMap - ERROR: Element is not displayed
14/07/2026 03:39:18 PM - NavigationBasePageMenuMap - INFO: Element found with locator : //div[@id='grid_BlkInventory-Table_columns']/table/tbody/tr/td//div[2][contains(normalize-space(.), 'Effective Date')]and locatortype : xpath
14/07/2026 03:39:18 PM - NavigationBasePageMenuMap - INFO: Element exists on the page with locator : //div[@id='grid_BlkInventory-Table_columns']/table/tbody/tr/td//div[2][contains(normalize-space(.), 'Effective Date')]
14/07/2026 03:39:18 PM - NavigationBasePageMenuMap - INFO: Element found with locator : //div[@id='grid_BlkInventory-Table_columns']/table/tbody/tr/td//div[2][contains(normalize-space(.), 'Effective Date')]and locatortype : xpath
14/07/2026 03:39:18 PM - NavigationBasePageMenuMap - INFO: Clicked on element with locator: //div[@id='grid_BlkInventory-Table_columns']/table/tbody/tr/td//div[2][contains(normalize-space(.), 'Effective Date')] locatorType: xpath
14/07/2026 03:39:20 PM - NavigationBasePageMenuMap - INFO: waiting for max :: 10:: second for the element
14/07/2026 03:39:20 PM - NavigationBasePageMenuMap - INFO: Element did not appeard on the webpage ://div[@id='grid_BlkInventory-Table_columns']/table/tbody/tr/td//div[2][contains(normalize-space(.), 'Effective Date')]
14/07/2026 03:39:20 PM - NavigationBasePageMenuMap - ERROR: Element is not displayed
14/07/2026 03:39:20 PM - NavigationBasePageMenuMap - INFO: Element found with locator : //div[@id='grid_BlkInventory-Table_columns']/table/tbody/tr/td//div[2][contains(normalize-space(.), 'Effective Date')]and locatortype : xpath
14/07/2026 03:39:20 PM - NavigationBasePageMenuMap - INFO: Element exists on the page with locator : //div[@id='grid_BlkInventory-Table_columns']/table/tbody/tr/td//div[2][contains(normalize-space(.), 'Effective Date')]
14/07/2026 03:39:20 PM - NavigationBasePageMenuMap - INFO: Element found with locator : //div[@id='grid_BlkInventory-Table_columns']/table/tbody/tr/td//div[2][contains(normalize-space(.), 'Effective Date')]and locatortype : xpath
14/07/2026 03:39:21 PM - NavigationBasePageMenuMap - ERROR: Cannot click on the element with locator: //div[@id='grid_BlkInventory-Table_columns']/table/tbody/tr/td//div[2][contains(normalize-space(.), 'Effective Date')] locatorType: xpath
14/07/2026 03:39:23 PM - NavigationBasePageMenuMap - INFO: waiting for max :: 10:: second for the element
14/07/2026 03:39:23 PM - NavigationBasePageMenuMap - INFO: Element did not appeard on the webpage ://div[@id='grid_BlkInventory-Table_columns']/table/tbody/tr/td//div[2][contains(normalize-space(.), 'Effective Date')]
14/07/2026 03:39:23 PM - NavigationBasePageMenuMap - ERROR: Element is not displayed
14/07/2026 03:39:23 PM - NavigationBasePageMenuMap - INFO: Element found with locator : //div[@id='grid_BlkInventory-Table_columns']/table/tbody/tr/td//div[2][contains(normalize-space(.), 'Effective Date')]and locatortype : xpath
14/07/2026 03:39:23 PM - NavigationBasePageMenuMap - INFO: Element exists on the page with locator : //div[@id='grid_BlkInventory-Table_columns']/table/tbody/tr/td//div[2][contains(normalize-space(.), 'Effective Date')]
14/07/2026 03:39:23 PM - NavigationBasePageMenuMap - INFO: Element found with locator : //div[@id='grid_BlkInventory-Table_columns']/table/tbody/tr/td//div[2][contains(normalize-space(.), 'Effective Date')]and locatortype : xpath
14/07/2026 03:39:23 PM - NavigationBasePageMenuMap - INFO: Clicked on element with locator: //div[@id='grid_BlkInventory-Table_columns']/table/tbody/tr/td//div[2][contains(normalize-space(.), 'Effective Date')] locatorType: xpath
14/07/2026 03:39:28 PM - NavigationBasePageMenuMap - INFO: waiting for max :: 10:: second for the element
14/07/2026 03:39:28 PM - NavigationBasePageMenuMap - INFO: Element did not appeard on the webpage ://button[@id="BlockDashboard-close"]/i
14/07/2026 03:39:28 PM - NavigationBasePageMenuMap - ERROR: Element is not displayed
14/07/2026 03:39:28 PM - NavigationBasePageMenuMap - INFO: Element found with locator : //button[@id="BlockDashboard-close"]/iand locatortype : xpath
14/07/2026 03:39:28 PM - NavigationBasePageMenuMap - INFO: Element exists on the page with locator : //button[@id="BlockDashboard-close"]/i
14/07/2026 03:39:28 PM - NavigationBasePageMenuMap - INFO: Element found with locator : //button[@id="BlockDashboard-close"]/iand locatortype : xpath
14/07/2026 03:39:28 PM - NavigationBasePageMenuMap - INFO: Clicked on element with locator: //button[@id="BlockDashboard-close"]/i locatorType: xpath
14/07/2026 03:39:32 PM - NavigationBasePageMenuMap - INFO: waiting for max :: 10:: second for the element
14/07/2026 03:39:32 PM - NavigationBasePageMenuMap - INFO: Element did not appeard on the webpage ://a[@id="inventory"]
14/07/2026 03:39:32 PM - NavigationBasePageMenuMap - ERROR: Element is not displayed
14/07/2026 03:39:32 PM - NavigationBasePageMenuMap - INFO: Element found with locator : //a[@id="inventory"]and locatortype : xpath
14/07/2026 03:39:32 PM - NavigationBasePageMenuMap - INFO: Element exists on the page with locator : //a[@id="inventory"]
14/07/2026 03:39:32 PM - NavigationBasePageMenuMap - INFO: Element found with locator : //a[@id="inventory"]and locatortype : xpath
14/07/2026 03:39:32 PM - NavigationBasePageMenuMap - INFO: Clicked on element with locator: //a[@id="inventory"] locatorType: xpath
14/07/2026 03:39:32 PM - NavigationBasePageMenuMap - INFO: waiting for max :: 10:: second for the element
14/07/2026 03:39:32 PM - NavigationBasePageMenuMap - INFO: Element did not appeard on the webpage ://a[contains(text(),"Block Dashboard")]
14/07/2026 03:39:32 PM - NavigationBasePageMenuMap - ERROR: Element is not displayed
14/07/2026 03:39:32 PM - NavigationBasePageMenuMap - INFO: Element found with locator : //a[contains(text(),"Block Dashboard")]and locatortype : xpath
14/07/2026 03:39:32 PM - NavigationBasePageMenuMap - INFO: Element exists on the page with locator : //a[contains(text(),"Block Dashboard")]
14/07/2026 03:39:32 PM - NavigationBasePageMenuMap - INFO: Element found with locator : //a[contains(text(),"Block Dashboard")]and locatortype : xpath
14/07/2026 03:39:32 PM - NavigationBasePageMenuMap - INFO: Clicked on element with locator: //a[contains(text(),"Block Dashboard")] locatorType: xpath
14/07/2026 03:39:34 PM - NavigationBasePageMenuMap - INFO: waiting for max :: 10:: second for the element
14/07/2026 03:39:34 PM - NavigationBasePageMenuMap - INFO: Element did not appeard on the webpage ://button[@id="BlockDashboard-maximize"]
14/07/2026 03:39:34 PM - NavigationBasePageMenuMap - ERROR: Element is not displayed
14/07/2026 03:39:34 PM - NavigationBasePageMenuMap - INFO: Element found with locator : //button[@id="BlockDashboard-maximize"]and locatortype : xpath
14/07/2026 03:39:34 PM - NavigationBasePageMenuMap - INFO: Element exists on the page with locator : //button[@id="BlockDashboard-maximize"]
14/07/2026 03:39:34 PM - NavigationBasePageMenuMap - INFO: Element found with locator : //button[@id="BlockDashboard-maximize"]and locatortype : xpath
14/07/2026 03:39:36 PM - NavigationBasePageMenuMap - ERROR: Cannot click on the element with locator: //button[@id="BlockDashboard-maximize"] locatorType: xpath
14/07/2026 03:39:38 PM - NavigationBasePageMenuMap - INFO: Element found with locator : //div[@data-click='searchOpen']and locatortype : xpath
14/07/2026 03:39:38 PM - NavigationBasePageMenuMap - ERROR: Element is not displayed
14/07/2026 03:39:38 PM - NavigationBasePageMenuMap - INFO: Element found with locator : //div[@data-click='searchOpen']and locatortype : xpath
14/07/2026 03:39:38 PM - NavigationBasePageMenuMap - INFO: Element is present with locator: //div[@data-click='searchOpen'] locatorType: xpath
14/07/2026 03:39:38 PM - NavigationBasePageMenuMap - INFO: Element found with locator : //div[@data-click='searchOpen']and locatortype : xpath
14/07/2026 03:39:38 PM - NavigationBasePageMenuMap - INFO: Element exists on the page with locator : //div[@data-click='searchOpen']
14/07/2026 03:39:38 PM - NavigationBasePageMenuMap - INFO: waiting for max :: 10:: second for the element
14/07/2026 03:39:38 PM - NavigationBasePageMenuMap - INFO: Element did not appeard on the webpage ://div[@data-click='searchOpen']
14/07/2026 03:39:38 PM - NavigationBasePageMenuMap - ERROR: Element is not displayed
14/07/2026 03:39:38 PM - NavigationBasePageMenuMap - INFO: Element found with locator : //div[@data-click='searchOpen']and locatortype : xpath
14/07/2026 03:39:38 PM - NavigationBasePageMenuMap - INFO: Element exists on the page with locator : //div[@data-click='searchOpen']
14/07/2026 03:39:38 PM - NavigationBasePageMenuMap - INFO: Element found with locator : //div[@data-click='searchOpen']and locatortype : xpath
14/07/2026 03:39:38 PM - NavigationBasePageMenuMap - INFO: Clicked on element with locator: //div[@data-click='searchOpen'] locatorType: xpath
14/07/2026 03:39:40 PM - NavigationBasePageMenuMap - INFO: Element found with locator : //div[@class='w2ui-field-helper w2ui-list']/following-sibling::input[@placeholder='Select a Status']and locatortype : xpath
14/07/2026 03:39:40 PM - NavigationBasePageMenuMap - ERROR: Element is not displayed
14/07/2026 03:39:40 PM - NavigationBasePageMenuMap - INFO: Element found with locator : //div[@class='w2ui-field-helper w2ui-list']/following-sibling::input[@placeholder='Select a Status']and locatortype : xpath
14/07/2026 03:39:40 PM - NavigationBasePageMenuMap - INFO: Element is present with locator: //div[@class='w2ui-field-helper w2ui-list']/following-sibling::input[@placeholder='Select a Status'] locatorType: xpath
14/07/2026 03:39:40 PM - NavigationBasePageMenuMap - INFO: waiting for max :: 10:: second for the element
14/07/2026 03:39:40 PM - NavigationBasePageMenuMap - INFO: Element did not appeard on the webpage ://div[@class='w2ui-field-helper w2ui-list']/following-sibling::input[@placeholder='Select a Status']
14/07/2026 03:39:40 PM - NavigationBasePageMenuMap - ERROR: Element is not displayed
14/07/2026 03:39:40 PM - NavigationBasePageMenuMap - INFO: Element found with locator : //div[@class='w2ui-field-helper w2ui-list']/following-sibling::input[@placeholder='Select a Status']and locatortype : xpath
14/07/2026 03:39:40 PM - NavigationBasePageMenuMap - INFO: Element exists on the page with locator : //div[@class='w2ui-field-helper w2ui-list']/following-sibling::input[@placeholder='Select a Status']
14/07/2026 03:39:40 PM - NavigationBasePageMenuMap - INFO: Element found with locator : //div[@class='w2ui-field-helper w2ui-list']/following-sibling::input[@placeholder='Select a Status']and locatortype : xpath
14/07/2026 03:39:41 PM - NavigationBasePageMenuMap - ERROR: Cannot click on the element with locator: //div[@class='w2ui-field-helper w2ui-list']/following-sibling::input[@placeholder='Select a Status'] locatorType: xpath
14/07/2026 03:39:41 PM - NavigationBasePageMenuMap - INFO: waiting for max :: 10:: second for the element
14/07/2026 03:39:41 PM - NavigationBasePageMenuMap - INFO: Element did not appeard on the webpage ://div[@class='w2ui-field-helper w2ui-list']/following-sibling::input[@placeholder='Select a Status']
14/07/2026 03:39:41 PM - NavigationBasePageMenuMap - INFO: Element found with locator : //div[@class='w2ui-field-helper w2ui-list']/following-sibling::input[@placeholder='Select a Status']and locatortype : xpath
14/07/2026 03:39:42 PM - NavigationBasePageMenuMap - INFO: Cannot send data on the element with locator: //div[@class='w2ui-field-helper w2ui-list']/following-sibling::input[@placeholder='Select a Status'] locatorType: xpath
14/07/2026 03:39:42 PM - NavigationBasePageMenuMap - INFO: waiting for max :: 10:: second for the element
14/07/2026 03:39:42 PM - NavigationBasePageMenuMap - INFO: Element did not appeard on the webpage ://input[@placeholder='Select a Status']
14/07/2026 03:39:42 PM - NavigationBasePageMenuMap - INFO: Element found with locator : //input[@placeholder='Select a Status']and locatortype : xpath
14/07/2026 03:39:43 PM - NavigationBasePageMenuMap - INFO: Cannot send data on the element with locator: //input[@placeholder='Select a Status'] locatorType: xpath
14/07/2026 03:39:43 PM - NavigationBasePageMenuMap - INFO: Element list found with locator: //div[@id='w2overlay-grid_BlkInventory-Table_field_1_menu']//div[@class='menu-text'] and locatorType: xpath
14/07/2026 03:39:43 PM - NavigationBasePageMenuMap - INFO: Element found with locator : //div[@class='w2ui-field-helper w2ui-list']/following-sibling::input[@placeholder='Select a Source']and locatortype : xpath
14/07/2026 03:39:43 PM - NavigationBasePageMenuMap - ERROR: Element is not displayed
14/07/2026 03:39:43 PM - NavigationBasePageMenuMap - INFO: Element found with locator : //div[@class='w2ui-field-helper w2ui-list']/following-sibling::input[@placeholder='Select a Source']and locatortype : xpath
14/07/2026 03:39:43 PM - NavigationBasePageMenuMap - INFO: Element is present with locator: //div[@class='w2ui-field-helper w2ui-list']/following-sibling::input[@placeholder='Select a Source'] locatorType: xpath
14/07/2026 03:39:43 PM - NavigationBasePageMenuMap - INFO: waiting for max :: 10:: second for the element
14/07/2026 03:39:43 PM - NavigationBasePageMenuMap - INFO: Element did not appeard on the webpage ://div[@class='w2ui-field-helper w2ui-list']/following-sibling::input[@placeholder='Select a Source']
14/07/2026 03:39:43 PM - NavigationBasePageMenuMap - ERROR: Element is not displayed
14/07/2026 03:39:43 PM - NavigationBasePageMenuMap - INFO: Element found with locator : //div[@class='w2ui-field-helper w2ui-list']/following-sibling::input[@placeholder='Select a Source']and locatortype : xpath
14/07/2026 03:39:43 PM - NavigationBasePageMenuMap - INFO: Element exists on the page with locator : //div[@class='w2ui-field-helper w2ui-list']/following-sibling::input[@placeholder='Select a Source']
14/07/2026 03:39:43 PM - NavigationBasePageMenuMap - INFO: Element found with locator : //div[@class='w2ui-field-helper w2ui-list']/following-sibling::input[@placeholder='Select a Source']and locatortype : xpath
14/07/2026 03:39:44 PM - NavigationBasePageMenuMap - ERROR: Cannot click on the element with locator: //div[@class='w2ui-field-helper w2ui-list']/following-sibling::input[@placeholder='Select a Source'] locatorType: xpath
14/07/2026 03:39:44 PM - NavigationBasePageMenuMap - INFO: waiting for max :: 10:: second for the element
14/07/2026 03:39:44 PM - NavigationBasePageMenuMap - INFO: Element did not appeard on the webpage ://div[@class='w2ui-field-helper w2ui-list']/following-sibling::input[@placeholder='Select a Source']
14/07/2026 03:39:44 PM - NavigationBasePageMenuMap - INFO: Element found with locator : //div[@class='w2ui-field-helper w2ui-list']/following-sibling::input[@placeholder='Select a Source']and locatortype : xpath
14/07/2026 03:39:46 PM - NavigationBasePageMenuMap - INFO: Cannot send data on the element with locator: //div[@class='w2ui-field-helper w2ui-list']/following-sibling::input[@placeholder='Select a Source'] locatorType: xpath
14/07/2026 03:39:46 PM - NavigationBasePageMenuMap - INFO: waiting for max :: 10:: second for the element
14/07/2026 03:39:46 PM - NavigationBasePageMenuMap - INFO: Element did not appeard on the webpage ://input[@placeholder='Select a Source']
14/07/2026 03:39:46 PM - NavigationBasePageMenuMap - INFO: Element found with locator : //input[@placeholder='Select a Source']and locatortype : xpath
14/07/2026 03:39:47 PM - NavigationBasePageMenuMap - INFO: Cannot send data on the element with locator: //input[@placeholder='Select a Source'] locatorType: xpath
14/07/2026 03:39:47 PM - NavigationBasePageMenuMap - INFO: Element list found with locator: //div[@id='w2overlay-grid_BlkInventory-Table_field_5_menu']//div[@class='menu-text'] and locatorType: xpath
14/07/2026 03:39:54 PM - NavigationBasePageMenuMap - INFO: waiting for max :: 10:: second for the element
14/07/2026 03:39:54 PM - NavigationBasePageMenuMap - INFO: Element did not appeard on the webpage ://div[@id='grid_BlkInventory-Table_columns']/table/tbody/tr/td//div[2][contains(normalize-space(.), 'Effective Date')]
14/07/2026 03:39:54 PM - NavigationBasePageMenuMap - ERROR: Element is not displayed
14/07/2026 03:39:54 PM - NavigationBasePageMenuMap - INFO: Element found with locator : //div[@id='grid_BlkInventory-Table_columns']/table/tbody/tr/td//div[2][contains(normalize-space(.), 'Effective Date')]and locatortype : xpath
14/07/2026 03:39:54 PM - NavigationBasePageMenuMap - INFO: Element exists on the page with locator : //div[@id='grid_BlkInventory-Table_columns']/table/tbody/tr/td//div[2][contains(normalize-space(.), 'Effective Date')]
14/07/2026 03:39:54 PM - NavigationBasePageMenuMap - INFO: Element found with locator : //div[@id='grid_BlkInventory-Table_columns']/table/tbody/tr/td//div[2][contains(normalize-space(.), 'Effective Date')]and locatortype : xpath
14/07/2026 03:39:54 PM - NavigationBasePageMenuMap - INFO: Clicked on element with locator: //div[@id='grid_BlkInventory-Table_columns']/table/tbody/tr/td//div[2][contains(normalize-space(.), 'Effective Date')] locatorType: xpath
14/07/2026 03:39:56 PM - NavigationBasePageMenuMap - INFO: waiting for max :: 10:: second for the element
14/07/2026 03:39:56 PM - NavigationBasePageMenuMap - INFO: Element did not appeard on the webpage ://div[@id='grid_BlkInventory-Table_columns']/table/tbody/tr/td//div[2][contains(normalize-space(.), 'Effective Date')]
14/07/2026 03:39:56 PM - NavigationBasePageMenuMap - ERROR: Element is not displayed
14/07/2026 03:39:56 PM - NavigationBasePageMenuMap - INFO: Element found with locator : //div[@id='grid_BlkInventory-Table_columns']/table/tbody/tr/td//div[2][contains(normalize-space(.), 'Effective Date')]and locatortype : xpath
14/07/2026 03:39:56 PM - NavigationBasePageMenuMap - INFO: Element exists on the page with locator : //div[@id='grid_BlkInventory-Table_columns']/table/tbody/tr/td//div[2][contains(normalize-space(.), 'Effective Date')]
14/07/2026 03:39:56 PM - NavigationBasePageMenuMap - INFO: Element found with locator : //div[@id='grid_BlkInventory-Table_columns']/table/tbody/tr/td//div[2][contains(normalize-space(.), 'Effective Date')]and locatortype : xpath
14/07/2026 03:39:56 PM - NavigationBasePageMenuMap - INFO: Clicked on element with locator: //div[@id='grid_BlkInventory-Table_columns']/table/tbody/tr/td//div[2][contains(normalize-space(.), 'Effective Date')] locatorType: xpath
14/07/2026 03:39:58 PM - NavigationBasePageMenuMap - INFO: waiting for max :: 10:: second for the element
14/07/2026 03:39:58 PM - NavigationBasePageMenuMap - INFO: Element did not appeard on the webpage ://div[@id='grid_BlkInventory-Table_columns']/table/tbody/tr/td//div[2][contains(normalize-space(.), 'Effective Date')]
14/07/2026 03:39:58 PM - NavigationBasePageMenuMap - ERROR: Element is not displayed
14/07/2026 03:39:58 PM - NavigationBasePageMenuMap - INFO: Element found with locator : //div[@id='grid_BlkInventory-Table_columns']/table/tbody/tr/td//div[2][contains(normalize-space(.), 'Effective Date')]and locatortype : xpath
14/07/2026 03:39:58 PM - NavigationBasePageMenuMap - INFO: Element exists on the page with locator : //div[@id='grid_BlkInventory-Table_columns']/table/tbody/tr/td//div[2][contains(normalize-space(.), 'Effective Date')]
14/07/2026 03:39:58 PM - NavigationBasePageMenuMap - INFO: Element found with locator : //div[@id='grid_BlkInventory-Table_columns']/table/tbody/tr/td//div[2][contains(normalize-space(.), 'Effective Date')]and locatortype : xpath
14/07/2026 03:39:59 PM - NavigationBasePageMenuMap - INFO: Clicked on element with locator: //div[@id='grid_BlkInventory-Table_columns']/table/tbody/tr/td//div[2][contains(normalize-space(.), 'Effective Date')] locatorType: xpath
14/07/2026 03:40:04 PM - NavigationBasePageMenuMap - INFO: waiting for max :: 10:: second for the element
14/07/2026 03:40:04 PM - NavigationBasePageMenuMap - INFO: Element did not appeard on the webpage ://button[@id="BlockDashboard-close"]/i
14/07/2026 03:40:04 PM - NavigationBasePageMenuMap - ERROR: Element is not displayed
14/07/2026 03:40:04 PM - NavigationBasePageMenuMap - INFO: Element found with locator : //button[@id="BlockDashboard-close"]/iand locatortype : xpath
14/07/2026 03:40:04 PM - NavigationBasePageMenuMap - INFO: Element exists on the page with locator : //button[@id="BlockDashboard-close"]/i
14/07/2026 03:40:04 PM - NavigationBasePageMenuMap - INFO: Element found with locator : //button[@id="BlockDashboard-close"]/iand locatortype : xpath
14/07/2026 03:40:04 PM - NavigationBasePageMenuMap - INFO: Clicked on element with locator: //button[@id="BlockDashboard-close"]/i locatorType: xpath
14/07/2026 03:40:08 PM - NavigationBasePageMenuMap - INFO: waiting for max :: 10:: second for the element
14/07/2026 03:40:08 PM - NavigationBasePageMenuMap - INFO: Element did not appeard on the webpage ://a[@id="inventory"]
14/07/2026 03:40:08 PM - NavigationBasePageMenuMap - ERROR: Element is not displayed
14/07/2026 03:40:08 PM - NavigationBasePageMenuMap - INFO: Element found with locator : //a[@id="inventory"]and locatortype : xpath
14/07/2026 03:40:08 PM - NavigationBasePageMenuMap - INFO: Element exists on the page with locator : //a[@id="inventory"]
14/07/2026 03:40:08 PM - NavigationBasePageMenuMap - INFO: Element found with locator : //a[@id="inventory"]and locatortype : xpath
14/07/2026 03:40:08 PM - NavigationBasePageMenuMap - INFO: Clicked on element with locator: //a[@id="inventory"] locatorType: xpath
14/07/2026 03:40:08 PM - NavigationBasePageMenuMap - INFO: waiting for max :: 10:: second for the element
14/07/2026 03:40:08 PM - NavigationBasePageMenuMap - INFO: Element did not appeard on the webpage ://a[contains(text(),"Block Dashboard")]
14/07/2026 03:40:08 PM - NavigationBasePageMenuMap - ERROR: Element is not displayed
14/07/2026 03:40:08 PM - NavigationBasePageMenuMap - INFO: Element found with locator : //a[contains(text(),"Block Dashboard")]and locatortype : xpath
14/07/2026 03:40:08 PM - NavigationBasePageMenuMap - INFO: Element exists on the page with locator : //a[contains(text(),"Block Dashboard")]
14/07/2026 03:40:08 PM - NavigationBasePageMenuMap - INFO: Element found with locator : //a[contains(text(),"Block Dashboard")]and locatortype : xpath
14/07/2026 03:40:08 PM - NavigationBasePageMenuMap - INFO: Clicked on element with locator: //a[contains(text(),"Block Dashboard")] locatorType: xpath
14/07/2026 03:40:10 PM - NavigationBasePageMenuMap - INFO: waiting for max :: 10:: second for the element
14/07/2026 03:40:10 PM - NavigationBasePageMenuMap - INFO: Element did not appeard on the webpage ://button[@id="BlockDashboard-maximize"]
14/07/2026 03:40:10 PM - NavigationBasePageMenuMap - ERROR: Element is not displayed
14/07/2026 03:40:10 PM - NavigationBasePageMenuMap - INFO: Element found with locator : //button[@id="BlockDashboard-maximize"]and locatortype : xpath
14/07/2026 03:40:10 PM - NavigationBasePageMenuMap - INFO: Element exists on the page with locator : //button[@id="BlockDashboard-maximize"]
14/07/2026 03:40:10 PM - NavigationBasePageMenuMap - INFO: Element found with locator : //button[@id="BlockDashboard-maximize"]and locatortype : xpath
14/07/2026 03:40:11 PM - NavigationBasePageMenuMap - ERROR: Cannot click on the element with locator: //button[@id="BlockDashboard-maximize"] locatorType: xpath
14/07/2026 03:40:13 PM - NavigationBasePageMenuMap - INFO: Element found with locator : //div[@data-click='searchOpen']and locatortype : xpath
14/07/2026 03:40:13 PM - NavigationBasePageMenuMap - ERROR: Element is not displayed
14/07/2026 03:40:13 PM - NavigationBasePageMenuMap - INFO: Element found with locator : //div[@data-click='searchOpen']and locatortype : xpath
14/07/2026 03:40:13 PM - NavigationBasePageMenuMap - INFO: Element is present with locator: //div[@data-click='searchOpen'] locatorType: xpath
14/07/2026 03:40:13 PM - NavigationBasePageMenuMap - INFO: Element found with locator : //div[@data-click='searchOpen']and locatortype : xpath
14/07/2026 03:40:13 PM - NavigationBasePageMenuMap - INFO: Element exists on the page with locator : //div[@data-click='searchOpen']
14/07/2026 03:40:13 PM - NavigationBasePageMenuMap - INFO: waiting for max :: 10:: second for the element
14/07/2026 03:40:13 PM - NavigationBasePageMenuMap - INFO: Element did not appeard on the webpage ://div[@data-click='searchOpen']
14/07/2026 03:40:13 PM - NavigationBasePageMenuMap - ERROR: Element is not displayed
14/07/2026 03:40:13 PM - NavigationBasePageMenuMap - INFO: Element found with locator : //div[@data-click='searchOpen']and locatortype : xpath
14/07/2026 03:40:13 PM - NavigationBasePageMenuMap - INFO: Element exists on the page with locator : //div[@data-click='searchOpen']
14/07/2026 03:40:13 PM - NavigationBasePageMenuMap - INFO: Element found with locator : //div[@data-click='searchOpen']and locatortype : xpath
14/07/2026 03:40:13 PM - NavigationBasePageMenuMap - INFO: Clicked on element with locator: //div[@data-click='searchOpen'] locatorType: xpath
14/07/2026 03:40:15 PM - NavigationBasePageMenuMap - INFO: Element found with locator : //div[@class='w2ui-field-helper w2ui-list']/following-sibling::input[@placeholder='Select a Status']and locatortype : xpath
14/07/2026 03:40:15 PM - NavigationBasePageMenuMap - ERROR: Element is not displayed
14/07/2026 03:40:15 PM - NavigationBasePageMenuMap - INFO: Element found with locator : //div[@class='w2ui-field-helper w2ui-list']/following-sibling::input[@placeholder='Select a Status']and locatortype : xpath
14/07/2026 03:40:15 PM - NavigationBasePageMenuMap - INFO: Element is present with locator: //div[@class='w2ui-field-helper w2ui-list']/following-sibling::input[@placeholder='Select a Status'] locatorType: xpath
14/07/2026 03:40:15 PM - NavigationBasePageMenuMap - INFO: waiting for max :: 10:: second for the element
14/07/2026 03:40:15 PM - NavigationBasePageMenuMap - INFO: Element did not appeard on the webpage ://div[@class='w2ui-field-helper w2ui-list']/following-sibling::input[@placeholder='Select a Status']
14/07/2026 03:40:15 PM - NavigationBasePageMenuMap - ERROR: Element is not displayed
14/07/2026 03:40:15 PM - NavigationBasePageMenuMap - INFO: Element found with locator : //div[@class='w2ui-field-helper w2ui-list']/following-sibling::input[@placeholder='Select a Status']and locatortype : xpath
14/07/2026 03:40:15 PM - NavigationBasePageMenuMap - INFO: Element exists on the page with locator : //div[@class='w2ui-field-helper w2ui-list']/following-sibling::input[@placeholder='Select a Status']
14/07/2026 03:40:15 PM - NavigationBasePageMenuMap - INFO: Element found with locator : //div[@class='w2ui-field-helper w2ui-list']/following-sibling::input[@placeholder='Select a Status']and locatortype : xpath
14/07/2026 03:40:16 PM - NavigationBasePageMenuMap - ERROR: Cannot click on the element with locator: //div[@class='w2ui-field-helper w2ui-list']/following-sibling::input[@placeholder='Select a Status'] locatorType: xpath
14/07/2026 03:40:16 PM - NavigationBasePageMenuMap - INFO: waiting for max :: 10:: second for the element
14/07/2026 03:40:16 PM - NavigationBasePageMenuMap - INFO: Element did not appeard on the webpage ://div[@class='w2ui-field-helper w2ui-list']/following-sibling::input[@placeholder='Select a Status']
14/07/2026 03:40:16 PM - NavigationBasePageMenuMap - INFO: Element found with locator : //div[@class='w2ui-field-helper w2ui-list']/following-sibling::input[@placeholder='Select a Status']and locatortype : xpath
14/07/2026 03:40:17 PM - NavigationBasePageMenuMap - INFO: Cannot send data on the element with locator: //div[@class='w2ui-field-helper w2ui-list']/following-sibling::input[@placeholder='Select a Status'] locatorType: xpath
14/07/2026 03:40:17 PM - NavigationBasePageMenuMap - INFO: waiting for max :: 10:: second for the element
14/07/2026 03:40:17 PM - NavigationBasePageMenuMap - INFO: Element did not appeard on the webpage ://input[@placeholder='Select a Status']
14/07/2026 03:40:17 PM - NavigationBasePageMenuMap - INFO: Element found with locator : //input[@placeholder='Select a Status']and locatortype : xpath
14/07/2026 03:40:19 PM - NavigationBasePageMenuMap - INFO: Cannot send data on the element with locator: //input[@placeholder='Select a Status'] locatorType: xpath
14/07/2026 03:40:19 PM - NavigationBasePageMenuMap - INFO: Element list found with locator: //div[@id='w2overlay-grid_BlkInventory-Table_field_1_menu']//div[@class='menu-text'] and locatorType: xpath
14/07/2026 03:40:19 PM - NavigationBasePageMenuMap - INFO: Element found with locator : //div[@class='w2ui-field-helper w2ui-list']/following-sibling::input[@placeholder='Select a Source']and locatortype : xpath
14/07/2026 03:40:19 PM - NavigationBasePageMenuMap - ERROR: Element is not displayed
14/07/2026 03:40:19 PM - NavigationBasePageMenuMap - INFO: Element found with locator : //div[@class='w2ui-field-helper w2ui-list']/following-sibling::input[@placeholder='Select a Source']and locatortype : xpath
14/07/2026 03:40:19 PM - NavigationBasePageMenuMap - INFO: Element is present with locator: //div[@class='w2ui-field-helper w2ui-list']/following-sibling::input[@placeholder='Select a Source'] locatorType: xpath
14/07/2026 03:40:19 PM - NavigationBasePageMenuMap - INFO: waiting for max :: 10:: second for the element
14/07/2026 03:40:19 PM - NavigationBasePageMenuMap - INFO: Element did not appeard on the webpage ://div[@class='w2ui-field-helper w2ui-list']/following-sibling::input[@placeholder='Select a Source']
14/07/2026 03:40:19 PM - NavigationBasePageMenuMap - ERROR: Element is not displayed
14/07/2026 03:40:19 PM - NavigationBasePageMenuMap - INFO: Element found with locator : //div[@class='w2ui-field-helper w2ui-list']/following-sibling::input[@placeholder='Select a Source']and locatortype : xpath
14/07/2026 03:40:19 PM - NavigationBasePageMenuMap - INFO: Element exists on the page with locator : //div[@class='w2ui-field-helper w2ui-list']/following-sibling::input[@placeholder='Select a Source']
14/07/2026 03:40:19 PM - NavigationBasePageMenuMap - INFO: Element found with locator : //div[@class='w2ui-field-helper w2ui-list']/following-sibling::input[@placeholder='Select a Source']and locatortype : xpath
14/07/2026 03:40:20 PM - NavigationBasePageMenuMap - ERROR: Cannot click on the element with locator: //div[@class='w2ui-field-helper w2ui-list']/following-sibling::input[@placeholder='Select a Source'] locatorType: xpath
14/07/2026 03:40:20 PM - NavigationBasePageMenuMap - INFO: waiting for max :: 10:: second for the element
14/07/2026 03:40:20 PM - NavigationBasePageMenuMap - INFO: Element did not appeard on the webpage ://div[@class='w2ui-field-helper w2ui-list']/following-sibling::input[@placeholder='Select a Source']
14/07/2026 03:40:20 PM - NavigationBasePageMenuMap - INFO: Element found with locator : //div[@class='w2ui-field-helper w2ui-list']/following-sibling::input[@placeholder='Select a Source']and locatortype : xpath
14/07/2026 03:40:21 PM - NavigationBasePageMenuMap - INFO: Cannot send data on the element with locator: //div[@class='w2ui-field-helper w2ui-list']/following-sibling::input[@placeholder='Select a Source'] locatorType: xpath
14/07/2026 03:40:21 PM - NavigationBasePageMenuMap - INFO: waiting for max :: 10:: second for the element
14/07/2026 03:40:21 PM - NavigationBasePageMenuMap - INFO: Element did not appeard on the webpage ://input[@placeholder='Select a Source']
14/07/2026 03:40:21 PM - NavigationBasePageMenuMap - INFO: Element found with locator : //input[@placeholder='Select a Source']and locatortype : xpath
14/07/2026 03:40:22 PM - NavigationBasePageMenuMap - INFO: Cannot send data on the element with locator: //input[@placeholder='Select a Source'] locatorType: xpath
14/07/2026 03:40:22 PM - NavigationBasePageMenuMap - INFO: Element list found with locator: //div[@id='w2overlay-grid_BlkInventory-Table_field_5_menu']//div[@class='menu-text'] and locatorType: xpath
14/07/2026 03:40:29 PM - NavigationBasePageMenuMap - INFO: waiting for max :: 10:: second for the element
14/07/2026 03:40:29 PM - NavigationBasePageMenuMap - INFO: Element did not appeard on the webpage ://div[@id='grid_BlkInventory-Table_columns']/table/tbody/tr/td//div[2][contains(normalize-space(.), 'Effective Date')]
14/07/2026 03:40:29 PM - NavigationBasePageMenuMap - ERROR: Element is not displayed
14/07/2026 03:40:29 PM - NavigationBasePageMenuMap - INFO: Element found with locator : //div[@id='grid_BlkInventory-Table_columns']/table/tbody/tr/td//div[2][contains(normalize-space(.), 'Effective Date')]and locatortype : xpath
14/07/2026 03:40:29 PM - NavigationBasePageMenuMap - INFO: Element exists on the page with locator : //div[@id='grid_BlkInventory-Table_columns']/table/tbody/tr/td//div[2][contains(normalize-space(.), 'Effective Date')]
14/07/2026 03:40:29 PM - NavigationBasePageMenuMap - INFO: Element found with locator : //div[@id='grid_BlkInventory-Table_columns']/table/tbody/tr/td//div[2][contains(normalize-space(.), 'Effective Date')]and locatortype : xpath
14/07/2026 03:40:30 PM - NavigationBasePageMenuMap - INFO: Clicked on element with locator: //div[@id='grid_BlkInventory-Table_columns']/table/tbody/tr/td//div[2][contains(normalize-space(.), 'Effective Date')] locatorType: xpath
14/07/2026 03:40:32 PM - NavigationBasePageMenuMap - INFO: waiting for max :: 10:: second for the element
14/07/2026 03:40:32 PM - NavigationBasePageMenuMap - INFO: Element did not appeard on the webpage ://div[@id='grid_BlkInventory-Table_columns']/table/tbody/tr/td//div[2][contains(normalize-space(.), 'Effective Date')]
14/07/2026 03:40:32 PM - NavigationBasePageMenuMap - ERROR: Element is not displayed
14/07/2026 03:40:32 PM - NavigationBasePageMenuMap - INFO: Element found with locator : //div[@id='grid_BlkInventory-Table_columns']/table/tbody/tr/td//div[2][contains(normalize-space(.), 'Effective Date')]and locatortype : xpath
14/07/2026 03:40:32 PM - NavigationBasePageMenuMap - INFO: Element exists on the page with locator : //div[@id='grid_BlkInventory-Table_columns']/table/tbody/tr/td//div[2][contains(normalize-space(.), 'Effective Date')]
14/07/2026 03:40:32 PM - NavigationBasePageMenuMap - INFO: Element found with locator : //div[@id='grid_BlkInventory-Table_columns']/table/tbody/tr/td//div[2][contains(normalize-space(.), 'Effective Date')]and locatortype : xpath
14/07/2026 03:40:32 PM - NavigationBasePageMenuMap - INFO: Clicked on element with locator: //div[@id='grid_BlkInventory-Table_columns']/table/tbody/tr/td//div[2][contains(normalize-space(.), 'Effective Date')] locatorType: xpath
14/07/2026 03:40:34 PM - NavigationBasePageMenuMap - INFO: waiting for max :: 10:: second for the element
14/07/2026 03:40:34 PM - NavigationBasePageMenuMap - INFO: Element did not appeard on the webpage ://div[@id='grid_BlkInventory-Table_columns']/table/tbody/tr/td//div[2][contains(normalize-space(.), 'Effective Date')]
14/07/2026 03:40:34 PM - NavigationBasePageMenuMap - ERROR: Element is not displayed
14/07/2026 03:40:34 PM - NavigationBasePageMenuMap - INFO: Element found with locator : //div[@id='grid_BlkInventory-Table_columns']/table/tbody/tr/td//div[2][contains(normalize-space(.), 'Effective Date')]and locatortype : xpath
14/07/2026 03:40:34 PM - NavigationBasePageMenuMap - INFO: Element exists on the page with locator : //div[@id='grid_BlkInventory-Table_columns']/table/tbody/tr/td//div[2][contains(normalize-space(.), 'Effective Date')]
14/07/2026 03:40:34 PM - NavigationBasePageMenuMap - INFO: Element found with locator : //div[@id='grid_BlkInventory-Table_columns']/table/tbody/tr/td//div[2][contains(normalize-space(.), 'Effective Date')]and locatortype : xpath
14/07/2026 03:40:34 PM - NavigationBasePageMenuMap - INFO: Clicked on element with locator: //div[@id='grid_BlkInventory-Table_columns']/table/tbody/tr/td//div[2][contains(normalize-space(.), 'Effective Date')] locatorType: xpath
14/07/2026 03:40:39 PM - NavigationBasePageMenuMap - INFO: waiting for max :: 10:: second for the element
14/07/2026 03:40:39 PM - NavigationBasePageMenuMap - INFO: Element did not appeard on the webpage ://button[@id="BlockDashboard-close"]/i
14/07/2026 03:40:39 PM - NavigationBasePageMenuMap - ERROR: Element is not displayed
14/07/2026 03:40:39 PM - NavigationBasePageMenuMap - INFO: Element found with locator : //button[@id="BlockDashboard-close"]/iand locatortype : xpath
14/07/2026 03:40:39 PM - NavigationBasePageMenuMap - INFO: Element exists on the page with locator : //button[@id="BlockDashboard-close"]/i
14/07/2026 03:40:39 PM - NavigationBasePageMenuMap - INFO: Element found with locator : //button[@id="BlockDashboard-close"]/iand locatortype : xpath
14/07/2026 03:40:39 PM - NavigationBasePageMenuMap - INFO: Clicked on element with locator: //button[@id="BlockDashboard-close"]/i locatorType: xpath
14/07/2026 03:40:43 PM - Util - INFO: Wait :: '4' seconds for 
14/07/2026 03:40:50 PM - NavigationBasePageMenuMap - INFO: waiting for max :: 10:: second for the element
14/07/2026 03:41:20 PM - NavigationBasePageMenuMap - INFO: Element did not appeard on the webpage ://button[@id="BlockDashboard-close"]/i
14/07/2026 03:41:20 PM - NavigationBasePageMenuMap - ERROR: Element is not displayed
14/07/2026 03:41:51 PM - NavigationBasePageMenuMap - ERROR: Element not found with locator : //button[@id="BlockDashboard-close"]/iand locatortype : xpath
14/07/2026 03:41:51 PM - NavigationBasePageMenuMap - ERROR: Element did not found on the page with locator : //button[@id="BlockDashboard-close"]/i
14/07/2026 03:42:21 PM - NavigationBasePageMenuMap - ERROR: Element not found with locator : //button[@id="BlockDashboard-close"]/iand locatortype : xpath
14/07/2026 03:42:21 PM - NavigationBasePageMenuMap - ERROR: Cannot click on the element with locator: //button[@id="BlockDashboard-close"]/i locatorType: xpath
14/07/2026 03:42:21 PM - NavigationBasePageMenuMap - INFO: waiting for max :: 10:: second for the element
14/07/2026 03:42:51 PM - NavigationBasePageMenuMap - INFO: Element did not appeard on the webpage ://button[@id="TnDashboard-close"]/i
14/07/2026 03:42:51 PM - NavigationBasePageMenuMap - ERROR: Element is not displayed
14/07/2026 03:43:21 PM - NavigationBasePageMenuMap - ERROR: Element not found with locator : //button[@id="TnDashboard-close"]/iand locatortype : xpath
14/07/2026 03:43:21 PM - NavigationBasePageMenuMap - ERROR: Element did not found on the page with locator : //button[@id="TnDashboard-close"]/i
14/07/2026 03:43:51 PM - NavigationBasePageMenuMap - ERROR: Element not found with locator : //button[@id="TnDashboard-close"]/iand locatortype : xpath
14/07/2026 03:43:51 PM - NavigationBasePageMenuMap - ERROR: Cannot click on the element with locator: //button[@id="TnDashboard-close"]/i locatorType: xpath
14/07/2026 03:43:51 PM - Util - INFO: Wait :: '2' seconds for 
