07/07/2026 04:15:02 PM - LoginPage - INFO: Element found with locator : //button[@id="login-submit"]and locatortype : xpath
07/07/2026 04:15:02 PM - LoginPage - INFO: Element is present with locator: //button[@id="login-submit"] locatorType: xpath
07/07/2026 04:15:02 PM - LoginPage - INFO: Element found with locator : //span[contains(text(),"SIGN IN")]and locatortype : xpath
07/07/2026 04:15:02 PM - LoginPage - ERROR: Element is not displayed
07/07/2026 04:15:02 PM - LoginPage - INFO: Element found with locator : //span[contains(text(),"SIGN IN")]and locatortype : xpath
07/07/2026 04:15:02 PM - LoginPage - INFO: Element is present with locator: //span[contains(text(),"SIGN IN")] locatorType: xpath
07/07/2026 04:15:02 PM - LoginPage - INFO: WebUrl is accessible
07/07/2026 04:15:03 PM - LoginPage - INFO: waiting for max :: 10:: second for the element
07/07/2026 04:15:03 PM - LoginPage - INFO: Element did not appeard on the webpage ://input[@name="username"]
07/07/2026 04:15:03 PM - LoginPage - INFO: Element found with locator : //input[@name="username"]and locatortype : xpath
07/07/2026 04:15:04 PM - LoginPage - INFO: Sent data on element with locator: //input[@name="username"] locatorType: xpath
07/07/2026 04:15:05 PM - LoginPage - INFO: waiting for max :: 10:: second for the element
07/07/2026 04:15:05 PM - LoginPage - INFO: Element did not appeard on the webpage ://input[@name="password"]
07/07/2026 04:15:05 PM - LoginPage - INFO: Element found with locator : //input[@name="password"]and locatortype : xpath
07/07/2026 04:15:07 PM - LoginPage - INFO: Sent data on element with locator: //input[@name="password"] locatorType: xpath
07/07/2026 04:15:07 PM - LoginPage - INFO: waiting for max :: 6:: second for the element
07/07/2026 04:15:07 PM - LoginPage - INFO: Element did not appeard on the webpage ://button[@id="login-submit"]
07/07/2026 04:15:07 PM - LoginPage - INFO: waiting for max :: 10:: second for the element
07/07/2026 04:15:07 PM - LoginPage - INFO: Element did not appeard on the webpage ://button[@id="login-submit"]
07/07/2026 04:15:07 PM - LoginPage - ERROR: Element is not displayed
07/07/2026 04:15:07 PM - LoginPage - INFO: Element found with locator : //button[@id="login-submit"]and locatortype : xpath
07/07/2026 04:15:07 PM - LoginPage - INFO: Element exists on the page with locator : //button[@id="login-submit"]
07/07/2026 04:15:07 PM - LoginPage - INFO: Element found with locator : //button[@id="login-submit"]and locatortype : xpath
07/07/2026 04:15:07 PM - LoginPage - INFO: Clicked on element with locator: //button[@id="login-submit"] locatorType: xpath
07/07/2026 04:15:07 PM - LoginPage - INFO: Element found with locator : //a/i[@title="Sign out"]and locatortype : xpath
07/07/2026 04:15:07 PM - LoginPage - INFO: Element is present with locator: //a/i[@title="Sign out"] locatorType: xpath
07/07/2026 04:15:08 PM - NavigationBasePageMenuMap - INFO: Element found with locator : //button[@id="modal-cancel-btn"]and locatortype : xpath
07/07/2026 04:15:08 PM - NavigationBasePageMenuMap - ERROR: Element is not displayed
07/07/2026 04:15:08 PM - NavigationBasePageMenuMap - INFO: Element found with locator : //button[@id="modal-cancel-btn"]and locatortype : xpath
07/07/2026 04:15:08 PM - NavigationBasePageMenuMap - INFO: Element is present with locator: //button[@id="modal-cancel-btn"] locatorType: xpath
07/07/2026 04:15:08 PM - NavigationBasePageMenuMap - INFO: Element found with locator : //button[@id="modal-cancel-btn"]and locatortype : xpath
07/07/2026 04:15:08 PM - NavigationBasePageMenuMap - INFO: Element exists on the page with locator : //button[@id="modal-cancel-btn"]
07/07/2026 04:15:08 PM - NavigationBasePageMenuMap - INFO: waiting for max :: 10:: second for the element
07/07/2026 04:15:08 PM - NavigationBasePageMenuMap - INFO: Element did not appeard on the webpage ://button[@id="modal-cancel-btn"]
07/07/2026 04:15:08 PM - NavigationBasePageMenuMap - ERROR: Element is not displayed
07/07/2026 04:15:08 PM - NavigationBasePageMenuMap - INFO: Element found with locator : //button[@id="modal-cancel-btn"]and locatortype : xpath
07/07/2026 04:15:08 PM - NavigationBasePageMenuMap - INFO: Element exists on the page with locator : //button[@id="modal-cancel-btn"]
07/07/2026 04:15:08 PM - NavigationBasePageMenuMap - INFO: Element found with locator : //button[@id="modal-cancel-btn"]and locatortype : xpath
07/07/2026 04:15:09 PM - NavigationBasePageMenuMap - INFO: Clicked on element with locator: //button[@id="modal-cancel-btn"] locatorType: xpath
07/07/2026 04:15:12 PM - Util - INFO: Wait :: '5' seconds for 
07/07/2026 04:15:17 PM - NavigationBasePageMenuMap - INFO: waiting for max :: 10:: second for the element
07/07/2026 04:15:17 PM - NavigationBasePageMenuMap - INFO: Element did not appeard on the webpage ://a[@id="inventory"]
07/07/2026 04:15:17 PM - NavigationBasePageMenuMap - ERROR: Element is not displayed
07/07/2026 04:15:17 PM - NavigationBasePageMenuMap - INFO: Element found with locator : //a[@id="inventory"]and locatortype : xpath
07/07/2026 04:15:17 PM - NavigationBasePageMenuMap - INFO: Element exists on the page with locator : //a[@id="inventory"]
07/07/2026 04:15:17 PM - NavigationBasePageMenuMap - INFO: Element found with locator : //a[@id="inventory"]and locatortype : xpath
07/07/2026 04:15:17 PM - NavigationBasePageMenuMap - INFO: Clicked on element with locator: //a[@id="inventory"] locatorType: xpath
07/07/2026 04:15:17 PM - NavigationBasePageMenuMap - INFO: waiting for max :: 10:: second for the element
07/07/2026 04:15:17 PM - NavigationBasePageMenuMap - INFO: Element did not appeard on the webpage ://a[contains(text(),"Block Dashboard")]
07/07/2026 04:15:17 PM - NavigationBasePageMenuMap - ERROR: Element is not displayed
07/07/2026 04:15:17 PM - NavigationBasePageMenuMap - INFO: Element found with locator : //a[contains(text(),"Block Dashboard")]and locatortype : xpath
07/07/2026 04:15:17 PM - NavigationBasePageMenuMap - INFO: Element exists on the page with locator : //a[contains(text(),"Block Dashboard")]
07/07/2026 04:15:17 PM - NavigationBasePageMenuMap - INFO: Element found with locator : //a[contains(text(),"Block Dashboard")]and locatortype : xpath
07/07/2026 04:15:18 PM - NavigationBasePageMenuMap - INFO: Clicked on element with locator: //a[contains(text(),"Block Dashboard")] locatorType: xpath
07/07/2026 04:15:20 PM - NavigationBasePageMenuMap - INFO: waiting for max :: 10:: second for the element
07/07/2026 04:15:20 PM - NavigationBasePageMenuMap - INFO: Element did not appeard on the webpage ://button[@id="BlockDashboard-maximize"]
07/07/2026 04:15:20 PM - NavigationBasePageMenuMap - ERROR: Element is not displayed
07/07/2026 04:15:20 PM - NavigationBasePageMenuMap - INFO: Element found with locator : //button[@id="BlockDashboard-maximize"]and locatortype : xpath
07/07/2026 04:15:20 PM - NavigationBasePageMenuMap - INFO: Element exists on the page with locator : //button[@id="BlockDashboard-maximize"]
07/07/2026 04:15:20 PM - NavigationBasePageMenuMap - INFO: Element found with locator : //button[@id="BlockDashboard-maximize"]and locatortype : xpath
07/07/2026 04:15:20 PM - NavigationBasePageMenuMap - INFO: Clicked on element with locator: //button[@id="BlockDashboard-maximize"] locatorType: xpath
07/07/2026 04:15:22 PM - NavigationBasePageMenuMap - INFO: Element found with locator : //div[@data-click='searchOpen']and locatortype : xpath
07/07/2026 04:15:22 PM - NavigationBasePageMenuMap - ERROR: Element is not displayed
07/07/2026 04:15:22 PM - NavigationBasePageMenuMap - INFO: Element found with locator : //div[@data-click='searchOpen']and locatortype : xpath
07/07/2026 04:15:22 PM - NavigationBasePageMenuMap - INFO: Element is present with locator: //div[@data-click='searchOpen'] locatorType: xpath
07/07/2026 04:15:22 PM - NavigationBasePageMenuMap - INFO: Element found with locator : //div[@data-click='searchOpen']and locatortype : xpath
07/07/2026 04:15:22 PM - NavigationBasePageMenuMap - INFO: Element exists on the page with locator : //div[@data-click='searchOpen']
07/07/2026 04:15:22 PM - NavigationBasePageMenuMap - INFO: waiting for max :: 10:: second for the element
07/07/2026 04:15:22 PM - NavigationBasePageMenuMap - INFO: Element did not appeard on the webpage ://div[@data-click='searchOpen']
07/07/2026 04:15:22 PM - NavigationBasePageMenuMap - ERROR: Element is not displayed
07/07/2026 04:15:22 PM - NavigationBasePageMenuMap - INFO: Element found with locator : //div[@data-click='searchOpen']and locatortype : xpath
07/07/2026 04:15:22 PM - NavigationBasePageMenuMap - INFO: Element exists on the page with locator : //div[@data-click='searchOpen']
07/07/2026 04:15:22 PM - NavigationBasePageMenuMap - INFO: Element found with locator : //div[@data-click='searchOpen']and locatortype : xpath
07/07/2026 04:15:22 PM - NavigationBasePageMenuMap - INFO: Clicked on element with locator: //div[@data-click='searchOpen'] locatorType: xpath
07/07/2026 04:15:24 PM - NavigationBasePageMenuMap - INFO: Element found with locator : //div[@class='w2ui-field-helper w2ui-list']/following-sibling::input[@placeholder='Select a Status']and locatortype : xpath
07/07/2026 04:15:24 PM - NavigationBasePageMenuMap - ERROR: Element is not displayed
07/07/2026 04:15:24 PM - NavigationBasePageMenuMap - INFO: Element found with locator : //div[@class='w2ui-field-helper w2ui-list']/following-sibling::input[@placeholder='Select a Status']and locatortype : xpath
07/07/2026 04:15:24 PM - NavigationBasePageMenuMap - INFO: Element is present with locator: //div[@class='w2ui-field-helper w2ui-list']/following-sibling::input[@placeholder='Select a Status'] locatorType: xpath
07/07/2026 04:15:24 PM - NavigationBasePageMenuMap - INFO: waiting for max :: 10:: second for the element
07/07/2026 04:15:24 PM - NavigationBasePageMenuMap - INFO: Element did not appeard on the webpage ://div[@class='w2ui-field-helper w2ui-list']/following-sibling::input[@placeholder='Select a Status']
07/07/2026 04:15:24 PM - NavigationBasePageMenuMap - ERROR: Element is not displayed
07/07/2026 04:15:24 PM - NavigationBasePageMenuMap - INFO: Element found with locator : //div[@class='w2ui-field-helper w2ui-list']/following-sibling::input[@placeholder='Select a Status']and locatortype : xpath
07/07/2026 04:15:24 PM - NavigationBasePageMenuMap - INFO: Element exists on the page with locator : //div[@class='w2ui-field-helper w2ui-list']/following-sibling::input[@placeholder='Select a Status']
07/07/2026 04:15:24 PM - NavigationBasePageMenuMap - INFO: Element found with locator : //div[@class='w2ui-field-helper w2ui-list']/following-sibling::input[@placeholder='Select a Status']and locatortype : xpath
07/07/2026 04:15:25 PM - NavigationBasePageMenuMap - ERROR: Cannot click on the element with locator: //div[@class='w2ui-field-helper w2ui-list']/following-sibling::input[@placeholder='Select a Status'] locatorType: xpath
07/07/2026 04:15:25 PM - NavigationBasePageMenuMap - INFO: waiting for max :: 10:: second for the element
07/07/2026 04:15:25 PM - NavigationBasePageMenuMap - INFO: Element did not appeard on the webpage ://div[@class='w2ui-field-helper w2ui-list']/following-sibling::input[@placeholder='Select a Status']
07/07/2026 04:15:26 PM - NavigationBasePageMenuMap - INFO: Element found with locator : //div[@class='w2ui-field-helper w2ui-list']/following-sibling::input[@placeholder='Select a Status']and locatortype : xpath
07/07/2026 04:15:27 PM - NavigationBasePageMenuMap - INFO: Cannot send data on the element with locator: //div[@class='w2ui-field-helper w2ui-list']/following-sibling::input[@placeholder='Select a Status'] locatorType: xpath
07/07/2026 04:15:27 PM - NavigationBasePageMenuMap - INFO: waiting for max :: 10:: second for the element
07/07/2026 04:15:27 PM - NavigationBasePageMenuMap - INFO: Element did not appeard on the webpage ://input[@placeholder='Select a Status']
07/07/2026 04:15:27 PM - NavigationBasePageMenuMap - INFO: Element found with locator : //input[@placeholder='Select a Status']and locatortype : xpath
07/07/2026 04:15:28 PM - NavigationBasePageMenuMap - INFO: Sent data on element with locator: //input[@placeholder='Select a Status'] locatorType: xpath
07/07/2026 04:15:28 PM - NavigationBasePageMenuMap - INFO: Element list found with locator: //div[@id='w2overlay-grid_BlkInventory-Table_field_1_menu']//div[@class='menu-text'] and locatorType: xpath
07/07/2026 04:15:29 PM - NavigationBasePageMenuMap - INFO: Element found with locator : //div[@class='w2ui-field-helper w2ui-list']/following-sibling::input[@placeholder='Select a Source']and locatortype : xpath
07/07/2026 04:15:29 PM - NavigationBasePageMenuMap - ERROR: Element is not displayed
07/07/2026 04:15:29 PM - NavigationBasePageMenuMap - INFO: Element found with locator : //div[@class='w2ui-field-helper w2ui-list']/following-sibling::input[@placeholder='Select a Source']and locatortype : xpath
07/07/2026 04:15:29 PM - NavigationBasePageMenuMap - INFO: Element is present with locator: //div[@class='w2ui-field-helper w2ui-list']/following-sibling::input[@placeholder='Select a Source'] locatorType: xpath
07/07/2026 04:15:29 PM - NavigationBasePageMenuMap - INFO: waiting for max :: 10:: second for the element
07/07/2026 04:15:29 PM - NavigationBasePageMenuMap - INFO: Element did not appeard on the webpage ://div[@class='w2ui-field-helper w2ui-list']/following-sibling::input[@placeholder='Select a Source']
07/07/2026 04:15:29 PM - NavigationBasePageMenuMap - ERROR: Element is not displayed
07/07/2026 04:15:29 PM - NavigationBasePageMenuMap - INFO: Element found with locator : //div[@class='w2ui-field-helper w2ui-list']/following-sibling::input[@placeholder='Select a Source']and locatortype : xpath
07/07/2026 04:15:29 PM - NavigationBasePageMenuMap - INFO: Element exists on the page with locator : //div[@class='w2ui-field-helper w2ui-list']/following-sibling::input[@placeholder='Select a Source']
07/07/2026 04:15:29 PM - NavigationBasePageMenuMap - INFO: Element found with locator : //div[@class='w2ui-field-helper w2ui-list']/following-sibling::input[@placeholder='Select a Source']and locatortype : xpath
07/07/2026 04:15:30 PM - NavigationBasePageMenuMap - ERROR: Cannot click on the element with locator: //div[@class='w2ui-field-helper w2ui-list']/following-sibling::input[@placeholder='Select a Source'] locatorType: xpath
07/07/2026 04:15:30 PM - NavigationBasePageMenuMap - INFO: waiting for max :: 10:: second for the element
07/07/2026 04:15:30 PM - NavigationBasePageMenuMap - INFO: Element did not appeard on the webpage ://div[@class='w2ui-field-helper w2ui-list']/following-sibling::input[@placeholder='Select a Source']
07/07/2026 04:15:30 PM - NavigationBasePageMenuMap - INFO: Element found with locator : //div[@class='w2ui-field-helper w2ui-list']/following-sibling::input[@placeholder='Select a Source']and locatortype : xpath
07/07/2026 04:15:31 PM - NavigationBasePageMenuMap - INFO: Cannot send data on the element with locator: //div[@class='w2ui-field-helper w2ui-list']/following-sibling::input[@placeholder='Select a Source'] locatorType: xpath
07/07/2026 04:15:31 PM - NavigationBasePageMenuMap - INFO: waiting for max :: 10:: second for the element
07/07/2026 04:15:31 PM - NavigationBasePageMenuMap - INFO: Element did not appeard on the webpage ://input[@placeholder='Select a Source']
07/07/2026 04:15:31 PM - NavigationBasePageMenuMap - INFO: Element found with locator : //input[@placeholder='Select a Source']and locatortype : xpath
07/07/2026 04:15:33 PM - NavigationBasePageMenuMap - INFO: Cannot send data on the element with locator: //input[@placeholder='Select a Source'] locatorType: xpath
07/07/2026 04:15:33 PM - NavigationBasePageMenuMap - INFO: Element list found with locator: //div[@id='w2overlay-grid_BlkInventory-Table_field_5_menu']//div[@class='menu-text'] and locatorType: xpath
07/07/2026 04:15:40 PM - NavigationBasePageMenuMap - INFO: waiting for max :: 10:: second for the element
07/07/2026 04:15:40 PM - NavigationBasePageMenuMap - INFO: Element did not appeard on the webpage ://div[@id='grid_BlkInventory-Table_columns']/table/tbody/tr/td//div[2][contains(normalize-space(.), 'Effective Date')]
07/07/2026 04:15:40 PM - NavigationBasePageMenuMap - ERROR: Element is not displayed
07/07/2026 04:15:40 PM - NavigationBasePageMenuMap - INFO: Element found with locator : //div[@id='grid_BlkInventory-Table_columns']/table/tbody/tr/td//div[2][contains(normalize-space(.), 'Effective Date')]and locatortype : xpath
07/07/2026 04:15:40 PM - NavigationBasePageMenuMap - INFO: Element exists on the page with locator : //div[@id='grid_BlkInventory-Table_columns']/table/tbody/tr/td//div[2][contains(normalize-space(.), 'Effective Date')]
07/07/2026 04:15:40 PM - NavigationBasePageMenuMap - INFO: Element found with locator : //div[@id='grid_BlkInventory-Table_columns']/table/tbody/tr/td//div[2][contains(normalize-space(.), 'Effective Date')]and locatortype : xpath
07/07/2026 04:15:40 PM - NavigationBasePageMenuMap - INFO: Clicked on element with locator: //div[@id='grid_BlkInventory-Table_columns']/table/tbody/tr/td//div[2][contains(normalize-space(.), 'Effective Date')] locatorType: xpath
07/07/2026 04:15:42 PM - NavigationBasePageMenuMap - INFO: waiting for max :: 10:: second for the element
07/07/2026 04:15:42 PM - NavigationBasePageMenuMap - INFO: Element did not appeard on the webpage ://div[@id='grid_BlkInventory-Table_columns']/table/tbody/tr/td//div[2][contains(normalize-space(.), 'Effective Date')]
07/07/2026 04:15:42 PM - NavigationBasePageMenuMap - ERROR: Element is not displayed
07/07/2026 04:15:42 PM - NavigationBasePageMenuMap - INFO: Element found with locator : //div[@id='grid_BlkInventory-Table_columns']/table/tbody/tr/td//div[2][contains(normalize-space(.), 'Effective Date')]and locatortype : xpath
07/07/2026 04:15:42 PM - NavigationBasePageMenuMap - INFO: Element exists on the page with locator : //div[@id='grid_BlkInventory-Table_columns']/table/tbody/tr/td//div[2][contains(normalize-space(.), 'Effective Date')]
07/07/2026 04:15:42 PM - NavigationBasePageMenuMap - INFO: Element found with locator : //div[@id='grid_BlkInventory-Table_columns']/table/tbody/tr/td//div[2][contains(normalize-space(.), 'Effective Date')]and locatortype : xpath
07/07/2026 04:15:44 PM - NavigationBasePageMenuMap - ERROR: Cannot click on the element with locator: //div[@id='grid_BlkInventory-Table_columns']/table/tbody/tr/td//div[2][contains(normalize-space(.), 'Effective Date')] locatorType: xpath
07/07/2026 04:15:46 PM - NavigationBasePageMenuMap - INFO: waiting for max :: 10:: second for the element
07/07/2026 04:15:46 PM - NavigationBasePageMenuMap - INFO: Element did not appeard on the webpage ://div[@id='grid_BlkInventory-Table_columns']/table/tbody/tr/td//div[2][contains(normalize-space(.), 'Effective Date')]
07/07/2026 04:15:46 PM - NavigationBasePageMenuMap - ERROR: Element is not displayed
07/07/2026 04:15:46 PM - NavigationBasePageMenuMap - INFO: Element found with locator : //div[@id='grid_BlkInventory-Table_columns']/table/tbody/tr/td//div[2][contains(normalize-space(.), 'Effective Date')]and locatortype : xpath
07/07/2026 04:15:46 PM - NavigationBasePageMenuMap - INFO: Element exists on the page with locator : //div[@id='grid_BlkInventory-Table_columns']/table/tbody/tr/td//div[2][contains(normalize-space(.), 'Effective Date')]
07/07/2026 04:15:46 PM - NavigationBasePageMenuMap - INFO: Element found with locator : //div[@id='grid_BlkInventory-Table_columns']/table/tbody/tr/td//div[2][contains(normalize-space(.), 'Effective Date')]and locatortype : xpath
07/07/2026 04:15:46 PM - NavigationBasePageMenuMap - INFO: Clicked on element with locator: //div[@id='grid_BlkInventory-Table_columns']/table/tbody/tr/td//div[2][contains(normalize-space(.), 'Effective Date')] locatorType: xpath
07/07/2026 04:15:51 PM - NavigationBasePageMenuMap - INFO: waiting for max :: 10:: second for the element
07/07/2026 04:15:51 PM - NavigationBasePageMenuMap - INFO: Element did not appeard on the webpage ://button[@id="BlockDashboard-close"]/i
07/07/2026 04:15:51 PM - NavigationBasePageMenuMap - ERROR: Element is not displayed
07/07/2026 04:15:51 PM - NavigationBasePageMenuMap - INFO: Element found with locator : //button[@id="BlockDashboard-close"]/iand locatortype : xpath
07/07/2026 04:15:51 PM - NavigationBasePageMenuMap - INFO: Element exists on the page with locator : //button[@id="BlockDashboard-close"]/i
07/07/2026 04:15:51 PM - NavigationBasePageMenuMap - INFO: Element found with locator : //button[@id="BlockDashboard-close"]/iand locatortype : xpath
07/07/2026 04:15:51 PM - NavigationBasePageMenuMap - INFO: Clicked on element with locator: //button[@id="BlockDashboard-close"]/i locatorType: xpath
07/07/2026 04:15:55 PM - NavigationBasePageMenuMap - INFO: waiting for max :: 10:: second for the element
07/07/2026 04:15:55 PM - NavigationBasePageMenuMap - INFO: Element did not appeard on the webpage ://a[@id="inventory"]
07/07/2026 04:15:55 PM - NavigationBasePageMenuMap - ERROR: Element is not displayed
07/07/2026 04:15:55 PM - NavigationBasePageMenuMap - INFO: Element found with locator : //a[@id="inventory"]and locatortype : xpath
07/07/2026 04:15:55 PM - NavigationBasePageMenuMap - INFO: Element exists on the page with locator : //a[@id="inventory"]
07/07/2026 04:15:55 PM - NavigationBasePageMenuMap - INFO: Element found with locator : //a[@id="inventory"]and locatortype : xpath
07/07/2026 04:15:55 PM - NavigationBasePageMenuMap - INFO: Clicked on element with locator: //a[@id="inventory"] locatorType: xpath
07/07/2026 04:15:55 PM - NavigationBasePageMenuMap - INFO: waiting for max :: 10:: second for the element
07/07/2026 04:15:55 PM - NavigationBasePageMenuMap - INFO: Element did not appeard on the webpage ://a[contains(text(),"Block Dashboard")]
07/07/2026 04:15:55 PM - NavigationBasePageMenuMap - ERROR: Element is not displayed
07/07/2026 04:15:55 PM - NavigationBasePageMenuMap - INFO: Element found with locator : //a[contains(text(),"Block Dashboard")]and locatortype : xpath
07/07/2026 04:15:55 PM - NavigationBasePageMenuMap - INFO: Element exists on the page with locator : //a[contains(text(),"Block Dashboard")]
07/07/2026 04:15:55 PM - NavigationBasePageMenuMap - INFO: Element found with locator : //a[contains(text(),"Block Dashboard")]and locatortype : xpath
07/07/2026 04:15:55 PM - NavigationBasePageMenuMap - INFO: Clicked on element with locator: //a[contains(text(),"Block Dashboard")] locatorType: xpath
07/07/2026 04:15:57 PM - NavigationBasePageMenuMap - INFO: waiting for max :: 10:: second for the element
07/07/2026 04:15:57 PM - NavigationBasePageMenuMap - INFO: Element did not appeard on the webpage ://button[@id="BlockDashboard-maximize"]
07/07/2026 04:15:57 PM - NavigationBasePageMenuMap - ERROR: Element is not displayed
07/07/2026 04:15:58 PM - NavigationBasePageMenuMap - INFO: Element found with locator : //button[@id="BlockDashboard-maximize"]and locatortype : xpath
07/07/2026 04:15:58 PM - NavigationBasePageMenuMap - INFO: Element exists on the page with locator : //button[@id="BlockDashboard-maximize"]
07/07/2026 04:15:58 PM - NavigationBasePageMenuMap - INFO: Element found with locator : //button[@id="BlockDashboard-maximize"]and locatortype : xpath
07/07/2026 04:15:59 PM - NavigationBasePageMenuMap - ERROR: Cannot click on the element with locator: //button[@id="BlockDashboard-maximize"] locatorType: xpath
07/07/2026 04:16:01 PM - NavigationBasePageMenuMap - INFO: Element found with locator : //div[@data-click='searchOpen']and locatortype : xpath
07/07/2026 04:16:01 PM - NavigationBasePageMenuMap - ERROR: Element is not displayed
07/07/2026 04:16:01 PM - NavigationBasePageMenuMap - INFO: Element found with locator : //div[@data-click='searchOpen']and locatortype : xpath
07/07/2026 04:16:01 PM - NavigationBasePageMenuMap - INFO: Element is present with locator: //div[@data-click='searchOpen'] locatorType: xpath
07/07/2026 04:16:01 PM - NavigationBasePageMenuMap - INFO: Element found with locator : //div[@data-click='searchOpen']and locatortype : xpath
07/07/2026 04:16:01 PM - NavigationBasePageMenuMap - INFO: Element exists on the page with locator : //div[@data-click='searchOpen']
07/07/2026 04:16:01 PM - NavigationBasePageMenuMap - INFO: waiting for max :: 10:: second for the element
07/07/2026 04:16:01 PM - NavigationBasePageMenuMap - INFO: Element did not appeard on the webpage ://div[@data-click='searchOpen']
07/07/2026 04:16:01 PM - NavigationBasePageMenuMap - ERROR: Element is not displayed
07/07/2026 04:16:01 PM - NavigationBasePageMenuMap - INFO: Element found with locator : //div[@data-click='searchOpen']and locatortype : xpath
07/07/2026 04:16:01 PM - NavigationBasePageMenuMap - INFO: Element exists on the page with locator : //div[@data-click='searchOpen']
07/07/2026 04:16:01 PM - NavigationBasePageMenuMap - INFO: Element found with locator : //div[@data-click='searchOpen']and locatortype : xpath
07/07/2026 04:16:01 PM - NavigationBasePageMenuMap - INFO: Clicked on element with locator: //div[@data-click='searchOpen'] locatorType: xpath
07/07/2026 04:16:03 PM - NavigationBasePageMenuMap - INFO: Element found with locator : //div[@class='w2ui-field-helper w2ui-list']/following-sibling::input[@placeholder='Select a Status']and locatortype : xpath
07/07/2026 04:16:03 PM - NavigationBasePageMenuMap - ERROR: Element is not displayed
07/07/2026 04:16:03 PM - NavigationBasePageMenuMap - INFO: Element found with locator : //div[@class='w2ui-field-helper w2ui-list']/following-sibling::input[@placeholder='Select a Status']and locatortype : xpath
07/07/2026 04:16:03 PM - NavigationBasePageMenuMap - INFO: Element is present with locator: //div[@class='w2ui-field-helper w2ui-list']/following-sibling::input[@placeholder='Select a Status'] locatorType: xpath
07/07/2026 04:16:03 PM - NavigationBasePageMenuMap - INFO: waiting for max :: 10:: second for the element
07/07/2026 04:16:03 PM - NavigationBasePageMenuMap - INFO: Element did not appeard on the webpage ://div[@class='w2ui-field-helper w2ui-list']/following-sibling::input[@placeholder='Select a Status']
07/07/2026 04:16:03 PM - NavigationBasePageMenuMap - ERROR: Element is not displayed
07/07/2026 04:16:03 PM - NavigationBasePageMenuMap - INFO: Element found with locator : //div[@class='w2ui-field-helper w2ui-list']/following-sibling::input[@placeholder='Select a Status']and locatortype : xpath
07/07/2026 04:16:03 PM - NavigationBasePageMenuMap - INFO: Element exists on the page with locator : //div[@class='w2ui-field-helper w2ui-list']/following-sibling::input[@placeholder='Select a Status']
07/07/2026 04:16:03 PM - NavigationBasePageMenuMap - INFO: Element found with locator : //div[@class='w2ui-field-helper w2ui-list']/following-sibling::input[@placeholder='Select a Status']and locatortype : xpath
07/07/2026 04:16:04 PM - NavigationBasePageMenuMap - ERROR: Cannot click on the element with locator: //div[@class='w2ui-field-helper w2ui-list']/following-sibling::input[@placeholder='Select a Status'] locatorType: xpath
07/07/2026 04:16:04 PM - NavigationBasePageMenuMap - INFO: waiting for max :: 10:: second for the element
07/07/2026 04:16:04 PM - NavigationBasePageMenuMap - INFO: Element did not appeard on the webpage ://div[@class='w2ui-field-helper w2ui-list']/following-sibling::input[@placeholder='Select a Status']
07/07/2026 04:16:04 PM - NavigationBasePageMenuMap - INFO: Element found with locator : //div[@class='w2ui-field-helper w2ui-list']/following-sibling::input[@placeholder='Select a Status']and locatortype : xpath
07/07/2026 04:16:05 PM - NavigationBasePageMenuMap - INFO: Cannot send data on the element with locator: //div[@class='w2ui-field-helper w2ui-list']/following-sibling::input[@placeholder='Select a Status'] locatorType: xpath
07/07/2026 04:16:05 PM - NavigationBasePageMenuMap - INFO: waiting for max :: 10:: second for the element
07/07/2026 04:16:05 PM - NavigationBasePageMenuMap - INFO: Element did not appeard on the webpage ://input[@placeholder='Select a Status']
07/07/2026 04:16:05 PM - NavigationBasePageMenuMap - INFO: Element found with locator : //input[@placeholder='Select a Status']and locatortype : xpath
07/07/2026 04:16:07 PM - NavigationBasePageMenuMap - INFO: Cannot send data on the element with locator: //input[@placeholder='Select a Status'] locatorType: xpath
07/07/2026 04:16:07 PM - NavigationBasePageMenuMap - INFO: Element list found with locator: //div[@id='w2overlay-grid_BlkInventory-Table_field_1_menu']//div[@class='menu-text'] and locatorType: xpath
07/07/2026 04:16:07 PM - NavigationBasePageMenuMap - INFO: Element found with locator : //div[@class='w2ui-field-helper w2ui-list']/following-sibling::input[@placeholder='Select a Source']and locatortype : xpath
07/07/2026 04:16:07 PM - NavigationBasePageMenuMap - ERROR: Element is not displayed
07/07/2026 04:16:07 PM - NavigationBasePageMenuMap - INFO: Element found with locator : //div[@class='w2ui-field-helper w2ui-list']/following-sibling::input[@placeholder='Select a Source']and locatortype : xpath
07/07/2026 04:16:07 PM - NavigationBasePageMenuMap - INFO: Element is present with locator: //div[@class='w2ui-field-helper w2ui-list']/following-sibling::input[@placeholder='Select a Source'] locatorType: xpath
07/07/2026 04:16:07 PM - NavigationBasePageMenuMap - INFO: waiting for max :: 10:: second for the element
07/07/2026 04:16:07 PM - NavigationBasePageMenuMap - INFO: Element did not appeard on the webpage ://div[@class='w2ui-field-helper w2ui-list']/following-sibling::input[@placeholder='Select a Source']
07/07/2026 04:16:07 PM - NavigationBasePageMenuMap - ERROR: Element is not displayed
07/07/2026 04:16:07 PM - NavigationBasePageMenuMap - INFO: Element found with locator : //div[@class='w2ui-field-helper w2ui-list']/following-sibling::input[@placeholder='Select a Source']and locatortype : xpath
07/07/2026 04:16:07 PM - NavigationBasePageMenuMap - INFO: Element exists on the page with locator : //div[@class='w2ui-field-helper w2ui-list']/following-sibling::input[@placeholder='Select a Source']
07/07/2026 04:16:07 PM - NavigationBasePageMenuMap - INFO: Element found with locator : //div[@class='w2ui-field-helper w2ui-list']/following-sibling::input[@placeholder='Select a Source']and locatortype : xpath
07/07/2026 04:16:08 PM - NavigationBasePageMenuMap - ERROR: Cannot click on the element with locator: //div[@class='w2ui-field-helper w2ui-list']/following-sibling::input[@placeholder='Select a Source'] locatorType: xpath
07/07/2026 04:16:08 PM - NavigationBasePageMenuMap - INFO: waiting for max :: 10:: second for the element
07/07/2026 04:16:08 PM - NavigationBasePageMenuMap - INFO: Element did not appeard on the webpage ://div[@class='w2ui-field-helper w2ui-list']/following-sibling::input[@placeholder='Select a Source']
07/07/2026 04:16:08 PM - NavigationBasePageMenuMap - INFO: Element found with locator : //div[@class='w2ui-field-helper w2ui-list']/following-sibling::input[@placeholder='Select a Source']and locatortype : xpath
07/07/2026 04:16:10 PM - NavigationBasePageMenuMap - INFO: Cannot send data on the element with locator: //div[@class='w2ui-field-helper w2ui-list']/following-sibling::input[@placeholder='Select a Source'] locatorType: xpath
07/07/2026 04:16:10 PM - NavigationBasePageMenuMap - INFO: waiting for max :: 10:: second for the element
07/07/2026 04:16:10 PM - NavigationBasePageMenuMap - INFO: Element did not appeard on the webpage ://input[@placeholder='Select a Source']
07/07/2026 04:16:10 PM - NavigationBasePageMenuMap - INFO: Element found with locator : //input[@placeholder='Select a Source']and locatortype : xpath
07/07/2026 04:16:11 PM - NavigationBasePageMenuMap - INFO: Cannot send data on the element with locator: //input[@placeholder='Select a Source'] locatorType: xpath
07/07/2026 04:16:11 PM - NavigationBasePageMenuMap - INFO: Element list found with locator: //div[@id='w2overlay-grid_BlkInventory-Table_field_5_menu']//div[@class='menu-text'] and locatorType: xpath
07/07/2026 04:16:18 PM - NavigationBasePageMenuMap - INFO: waiting for max :: 10:: second for the element
07/07/2026 04:16:18 PM - NavigationBasePageMenuMap - INFO: Element did not appeard on the webpage ://div[@id='grid_BlkInventory-Table_columns']/table/tbody/tr/td//div[2][contains(normalize-space(.), 'Effective Date')]
07/07/2026 04:16:18 PM - NavigationBasePageMenuMap - ERROR: Element is not displayed
07/07/2026 04:16:18 PM - NavigationBasePageMenuMap - INFO: Element found with locator : //div[@id='grid_BlkInventory-Table_columns']/table/tbody/tr/td//div[2][contains(normalize-space(.), 'Effective Date')]and locatortype : xpath
07/07/2026 04:16:18 PM - NavigationBasePageMenuMap - INFO: Element exists on the page with locator : //div[@id='grid_BlkInventory-Table_columns']/table/tbody/tr/td//div[2][contains(normalize-space(.), 'Effective Date')]
07/07/2026 04:16:18 PM - NavigationBasePageMenuMap - INFO: Element found with locator : //div[@id='grid_BlkInventory-Table_columns']/table/tbody/tr/td//div[2][contains(normalize-space(.), 'Effective Date')]and locatortype : xpath
07/07/2026 04:16:19 PM - NavigationBasePageMenuMap - INFO: Clicked on element with locator: //div[@id='grid_BlkInventory-Table_columns']/table/tbody/tr/td//div[2][contains(normalize-space(.), 'Effective Date')] locatorType: xpath
07/07/2026 04:16:21 PM - NavigationBasePageMenuMap - INFO: waiting for max :: 10:: second for the element
07/07/2026 04:16:21 PM - NavigationBasePageMenuMap - INFO: Element did not appeard on the webpage ://div[@id='grid_BlkInventory-Table_columns']/table/tbody/tr/td//div[2][contains(normalize-space(.), 'Effective Date')]
07/07/2026 04:16:21 PM - NavigationBasePageMenuMap - ERROR: Element is not displayed
07/07/2026 04:16:21 PM - NavigationBasePageMenuMap - INFO: Element found with locator : //div[@id='grid_BlkInventory-Table_columns']/table/tbody/tr/td//div[2][contains(normalize-space(.), 'Effective Date')]and locatortype : xpath
07/07/2026 04:16:21 PM - NavigationBasePageMenuMap - INFO: Element exists on the page with locator : //div[@id='grid_BlkInventory-Table_columns']/table/tbody/tr/td//div[2][contains(normalize-space(.), 'Effective Date')]
07/07/2026 04:16:21 PM - NavigationBasePageMenuMap - INFO: Element found with locator : //div[@id='grid_BlkInventory-Table_columns']/table/tbody/tr/td//div[2][contains(normalize-space(.), 'Effective Date')]and locatortype : xpath
07/07/2026 04:16:21 PM - NavigationBasePageMenuMap - INFO: Clicked on element with locator: //div[@id='grid_BlkInventory-Table_columns']/table/tbody/tr/td//div[2][contains(normalize-space(.), 'Effective Date')] locatorType: xpath
07/07/2026 04:16:23 PM - NavigationBasePageMenuMap - INFO: waiting for max :: 10:: second for the element
07/07/2026 04:16:23 PM - NavigationBasePageMenuMap - INFO: Element did not appeard on the webpage ://div[@id='grid_BlkInventory-Table_columns']/table/tbody/tr/td//div[2][contains(normalize-space(.), 'Effective Date')]
07/07/2026 04:16:23 PM - NavigationBasePageMenuMap - ERROR: Element is not displayed
07/07/2026 04:16:23 PM - NavigationBasePageMenuMap - INFO: Element found with locator : //div[@id='grid_BlkInventory-Table_columns']/table/tbody/tr/td//div[2][contains(normalize-space(.), 'Effective Date')]and locatortype : xpath
07/07/2026 04:16:23 PM - NavigationBasePageMenuMap - INFO: Element exists on the page with locator : //div[@id='grid_BlkInventory-Table_columns']/table/tbody/tr/td//div[2][contains(normalize-space(.), 'Effective Date')]
07/07/2026 04:16:23 PM - NavigationBasePageMenuMap - INFO: Element found with locator : //div[@id='grid_BlkInventory-Table_columns']/table/tbody/tr/td//div[2][contains(normalize-space(.), 'Effective Date')]and locatortype : xpath
07/07/2026 04:16:23 PM - NavigationBasePageMenuMap - INFO: Clicked on element with locator: //div[@id='grid_BlkInventory-Table_columns']/table/tbody/tr/td//div[2][contains(normalize-space(.), 'Effective Date')] locatorType: xpath
07/07/2026 04:16:28 PM - NavigationBasePageMenuMap - INFO: waiting for max :: 10:: second for the element
07/07/2026 04:16:28 PM - NavigationBasePageMenuMap - INFO: Element did not appeard on the webpage ://button[@id="BlockDashboard-close"]/i
07/07/2026 04:16:28 PM - NavigationBasePageMenuMap - ERROR: Element is not displayed
07/07/2026 04:16:28 PM - NavigationBasePageMenuMap - INFO: Element found with locator : //button[@id="BlockDashboard-close"]/iand locatortype : xpath
07/07/2026 04:16:28 PM - NavigationBasePageMenuMap - INFO: Element exists on the page with locator : //button[@id="BlockDashboard-close"]/i
07/07/2026 04:16:28 PM - NavigationBasePageMenuMap - INFO: Element found with locator : //button[@id="BlockDashboard-close"]/iand locatortype : xpath
07/07/2026 04:16:28 PM - NavigationBasePageMenuMap - INFO: Clicked on element with locator: //button[@id="BlockDashboard-close"]/i locatorType: xpath
07/07/2026 04:16:32 PM - NavigationBasePageMenuMap - INFO: waiting for max :: 10:: second for the element
07/07/2026 04:16:33 PM - NavigationBasePageMenuMap - INFO: Element did not appeard on the webpage ://a[@id="inventory"]
07/07/2026 04:16:33 PM - NavigationBasePageMenuMap - ERROR: Element is not displayed
07/07/2026 04:16:33 PM - NavigationBasePageMenuMap - INFO: Element found with locator : //a[@id="inventory"]and locatortype : xpath
07/07/2026 04:16:33 PM - NavigationBasePageMenuMap - INFO: Element exists on the page with locator : //a[@id="inventory"]
07/07/2026 04:16:33 PM - NavigationBasePageMenuMap - INFO: Element found with locator : //a[@id="inventory"]and locatortype : xpath
07/07/2026 04:16:33 PM - NavigationBasePageMenuMap - INFO: Clicked on element with locator: //a[@id="inventory"] locatorType: xpath
07/07/2026 04:16:33 PM - NavigationBasePageMenuMap - INFO: waiting for max :: 10:: second for the element
07/07/2026 04:16:33 PM - NavigationBasePageMenuMap - INFO: Element did not appeard on the webpage ://a[contains(text(),"Block Dashboard")]
07/07/2026 04:16:33 PM - NavigationBasePageMenuMap - ERROR: Element is not displayed
07/07/2026 04:16:33 PM - NavigationBasePageMenuMap - INFO: Element found with locator : //a[contains(text(),"Block Dashboard")]and locatortype : xpath
07/07/2026 04:16:33 PM - NavigationBasePageMenuMap - INFO: Element exists on the page with locator : //a[contains(text(),"Block Dashboard")]
07/07/2026 04:16:33 PM - NavigationBasePageMenuMap - INFO: Element found with locator : //a[contains(text(),"Block Dashboard")]and locatortype : xpath
07/07/2026 04:16:33 PM - NavigationBasePageMenuMap - INFO: Clicked on element with locator: //a[contains(text(),"Block Dashboard")] locatorType: xpath
07/07/2026 04:16:35 PM - NavigationBasePageMenuMap - INFO: waiting for max :: 10:: second for the element
07/07/2026 04:16:35 PM - NavigationBasePageMenuMap - INFO: Element did not appeard on the webpage ://button[@id="BlockDashboard-maximize"]
07/07/2026 04:16:35 PM - NavigationBasePageMenuMap - ERROR: Element is not displayed
07/07/2026 04:16:35 PM - NavigationBasePageMenuMap - INFO: Element found with locator : //button[@id="BlockDashboard-maximize"]and locatortype : xpath
07/07/2026 04:16:35 PM - NavigationBasePageMenuMap - INFO: Element exists on the page with locator : //button[@id="BlockDashboard-maximize"]
07/07/2026 04:16:35 PM - NavigationBasePageMenuMap - INFO: Element found with locator : //button[@id="BlockDashboard-maximize"]and locatortype : xpath
07/07/2026 04:16:36 PM - NavigationBasePageMenuMap - ERROR: Cannot click on the element with locator: //button[@id="BlockDashboard-maximize"] locatorType: xpath
07/07/2026 04:16:38 PM - NavigationBasePageMenuMap - INFO: Element found with locator : //div[@data-click='searchOpen']and locatortype : xpath
07/07/2026 04:16:38 PM - NavigationBasePageMenuMap - ERROR: Element is not displayed
07/07/2026 04:16:38 PM - NavigationBasePageMenuMap - INFO: Element found with locator : //div[@data-click='searchOpen']and locatortype : xpath
07/07/2026 04:16:38 PM - NavigationBasePageMenuMap - INFO: Element is present with locator: //div[@data-click='searchOpen'] locatorType: xpath
07/07/2026 04:16:38 PM - NavigationBasePageMenuMap - INFO: Element found with locator : //div[@data-click='searchOpen']and locatortype : xpath
07/07/2026 04:16:38 PM - NavigationBasePageMenuMap - INFO: Element exists on the page with locator : //div[@data-click='searchOpen']
07/07/2026 04:16:38 PM - NavigationBasePageMenuMap - INFO: waiting for max :: 10:: second for the element
07/07/2026 04:16:38 PM - NavigationBasePageMenuMap - INFO: Element did not appeard on the webpage ://div[@data-click='searchOpen']
07/07/2026 04:16:38 PM - NavigationBasePageMenuMap - ERROR: Element is not displayed
07/07/2026 04:16:38 PM - NavigationBasePageMenuMap - INFO: Element found with locator : //div[@data-click='searchOpen']and locatortype : xpath
07/07/2026 04:16:38 PM - NavigationBasePageMenuMap - INFO: Element exists on the page with locator : //div[@data-click='searchOpen']
07/07/2026 04:16:38 PM - NavigationBasePageMenuMap - INFO: Element found with locator : //div[@data-click='searchOpen']and locatortype : xpath
07/07/2026 04:16:38 PM - NavigationBasePageMenuMap - INFO: Clicked on element with locator: //div[@data-click='searchOpen'] locatorType: xpath
07/07/2026 04:16:40 PM - NavigationBasePageMenuMap - INFO: Element found with locator : //div[@class='w2ui-field-helper w2ui-list']/following-sibling::input[@placeholder='Select a Status']and locatortype : xpath
07/07/2026 04:16:40 PM - NavigationBasePageMenuMap - ERROR: Element is not displayed
07/07/2026 04:16:41 PM - NavigationBasePageMenuMap - INFO: Element found with locator : //div[@class='w2ui-field-helper w2ui-list']/following-sibling::input[@placeholder='Select a Status']and locatortype : xpath
07/07/2026 04:16:41 PM - NavigationBasePageMenuMap - INFO: Element is present with locator: //div[@class='w2ui-field-helper w2ui-list']/following-sibling::input[@placeholder='Select a Status'] locatorType: xpath
07/07/2026 04:16:41 PM - NavigationBasePageMenuMap - INFO: waiting for max :: 10:: second for the element
07/07/2026 04:16:41 PM - NavigationBasePageMenuMap - INFO: Element did not appeard on the webpage ://div[@class='w2ui-field-helper w2ui-list']/following-sibling::input[@placeholder='Select a Status']
07/07/2026 04:16:41 PM - NavigationBasePageMenuMap - ERROR: Element is not displayed
07/07/2026 04:16:41 PM - NavigationBasePageMenuMap - INFO: Element found with locator : //div[@class='w2ui-field-helper w2ui-list']/following-sibling::input[@placeholder='Select a Status']and locatortype : xpath
07/07/2026 04:16:41 PM - NavigationBasePageMenuMap - INFO: Element exists on the page with locator : //div[@class='w2ui-field-helper w2ui-list']/following-sibling::input[@placeholder='Select a Status']
07/07/2026 04:16:41 PM - NavigationBasePageMenuMap - INFO: Element found with locator : //div[@class='w2ui-field-helper w2ui-list']/following-sibling::input[@placeholder='Select a Status']and locatortype : xpath
07/07/2026 04:16:42 PM - NavigationBasePageMenuMap - ERROR: Cannot click on the element with locator: //div[@class='w2ui-field-helper w2ui-list']/following-sibling::input[@placeholder='Select a Status'] locatorType: xpath
07/07/2026 04:16:42 PM - NavigationBasePageMenuMap - INFO: waiting for max :: 10:: second for the element
07/07/2026 04:16:42 PM - NavigationBasePageMenuMap - INFO: Element did not appeard on the webpage ://div[@class='w2ui-field-helper w2ui-list']/following-sibling::input[@placeholder='Select a Status']
07/07/2026 04:16:42 PM - NavigationBasePageMenuMap - INFO: Element found with locator : //div[@class='w2ui-field-helper w2ui-list']/following-sibling::input[@placeholder='Select a Status']and locatortype : xpath
07/07/2026 04:16:43 PM - NavigationBasePageMenuMap - INFO: Cannot send data on the element with locator: //div[@class='w2ui-field-helper w2ui-list']/following-sibling::input[@placeholder='Select a Status'] locatorType: xpath
07/07/2026 04:16:43 PM - NavigationBasePageMenuMap - INFO: waiting for max :: 10:: second for the element
07/07/2026 04:16:43 PM - NavigationBasePageMenuMap - INFO: Element did not appeard on the webpage ://input[@placeholder='Select a Status']
07/07/2026 04:16:43 PM - NavigationBasePageMenuMap - INFO: Element found with locator : //input[@placeholder='Select a Status']and locatortype : xpath
07/07/2026 04:16:44 PM - NavigationBasePageMenuMap - INFO: Cannot send data on the element with locator: //input[@placeholder='Select a Status'] locatorType: xpath
07/07/2026 04:16:44 PM - NavigationBasePageMenuMap - INFO: Element list found with locator: //div[@id='w2overlay-grid_BlkInventory-Table_field_1_menu']//div[@class='menu-text'] and locatorType: xpath
07/07/2026 04:16:45 PM - NavigationBasePageMenuMap - INFO: Element found with locator : //div[@class='w2ui-field-helper w2ui-list']/following-sibling::input[@placeholder='Select a Source']and locatortype : xpath
07/07/2026 04:16:45 PM - NavigationBasePageMenuMap - ERROR: Element is not displayed
07/07/2026 04:16:45 PM - NavigationBasePageMenuMap - INFO: Element found with locator : //div[@class='w2ui-field-helper w2ui-list']/following-sibling::input[@placeholder='Select a Source']and locatortype : xpath
07/07/2026 04:16:45 PM - NavigationBasePageMenuMap - INFO: Element is present with locator: //div[@class='w2ui-field-helper w2ui-list']/following-sibling::input[@placeholder='Select a Source'] locatorType: xpath
07/07/2026 04:16:45 PM - NavigationBasePageMenuMap - INFO: waiting for max :: 10:: second for the element
07/07/2026 04:16:45 PM - NavigationBasePageMenuMap - INFO: Element did not appeard on the webpage ://div[@class='w2ui-field-helper w2ui-list']/following-sibling::input[@placeholder='Select a Source']
07/07/2026 04:16:45 PM - NavigationBasePageMenuMap - ERROR: Element is not displayed
07/07/2026 04:16:45 PM - NavigationBasePageMenuMap - INFO: Element found with locator : //div[@class='w2ui-field-helper w2ui-list']/following-sibling::input[@placeholder='Select a Source']and locatortype : xpath
07/07/2026 04:16:45 PM - NavigationBasePageMenuMap - INFO: Element exists on the page with locator : //div[@class='w2ui-field-helper w2ui-list']/following-sibling::input[@placeholder='Select a Source']
07/07/2026 04:16:45 PM - NavigationBasePageMenuMap - INFO: Element found with locator : //div[@class='w2ui-field-helper w2ui-list']/following-sibling::input[@placeholder='Select a Source']and locatortype : xpath
07/07/2026 04:16:46 PM - NavigationBasePageMenuMap - ERROR: Cannot click on the element with locator: //div[@class='w2ui-field-helper w2ui-list']/following-sibling::input[@placeholder='Select a Source'] locatorType: xpath
07/07/2026 04:16:46 PM - NavigationBasePageMenuMap - INFO: waiting for max :: 10:: second for the element
07/07/2026 04:16:46 PM - NavigationBasePageMenuMap - INFO: Element did not appeard on the webpage ://div[@class='w2ui-field-helper w2ui-list']/following-sibling::input[@placeholder='Select a Source']
07/07/2026 04:16:46 PM - NavigationBasePageMenuMap - INFO: Element found with locator : //div[@class='w2ui-field-helper w2ui-list']/following-sibling::input[@placeholder='Select a Source']and locatortype : xpath
07/07/2026 04:16:47 PM - NavigationBasePageMenuMap - INFO: Cannot send data on the element with locator: //div[@class='w2ui-field-helper w2ui-list']/following-sibling::input[@placeholder='Select a Source'] locatorType: xpath
07/07/2026 04:16:47 PM - NavigationBasePageMenuMap - INFO: waiting for max :: 10:: second for the element
07/07/2026 04:16:47 PM - NavigationBasePageMenuMap - INFO: Element did not appeard on the webpage ://input[@placeholder='Select a Source']
07/07/2026 04:16:47 PM - NavigationBasePageMenuMap - INFO: Element found with locator : //input[@placeholder='Select a Source']and locatortype : xpath
07/07/2026 04:16:48 PM - NavigationBasePageMenuMap - INFO: Cannot send data on the element with locator: //input[@placeholder='Select a Source'] locatorType: xpath
07/07/2026 04:16:48 PM - NavigationBasePageMenuMap - INFO: Element list found with locator: //div[@id='w2overlay-grid_BlkInventory-Table_field_5_menu']//div[@class='menu-text'] and locatorType: xpath
07/07/2026 04:16:56 PM - NavigationBasePageMenuMap - INFO: waiting for max :: 10:: second for the element
07/07/2026 04:16:56 PM - NavigationBasePageMenuMap - INFO: Element did not appeard on the webpage ://div[@id='grid_BlkInventory-Table_columns']/table/tbody/tr/td//div[2][contains(normalize-space(.), 'Effective Date')]
07/07/2026 04:16:56 PM - NavigationBasePageMenuMap - ERROR: Element is not displayed
07/07/2026 04:16:56 PM - NavigationBasePageMenuMap - INFO: Element found with locator : //div[@id='grid_BlkInventory-Table_columns']/table/tbody/tr/td//div[2][contains(normalize-space(.), 'Effective Date')]and locatortype : xpath
07/07/2026 04:16:56 PM - NavigationBasePageMenuMap - INFO: Element exists on the page with locator : //div[@id='grid_BlkInventory-Table_columns']/table/tbody/tr/td//div[2][contains(normalize-space(.), 'Effective Date')]
07/07/2026 04:16:56 PM - NavigationBasePageMenuMap - INFO: Element found with locator : //div[@id='grid_BlkInventory-Table_columns']/table/tbody/tr/td//div[2][contains(normalize-space(.), 'Effective Date')]and locatortype : xpath
07/07/2026 04:16:56 PM - NavigationBasePageMenuMap - INFO: Clicked on element with locator: //div[@id='grid_BlkInventory-Table_columns']/table/tbody/tr/td//div[2][contains(normalize-space(.), 'Effective Date')] locatorType: xpath
07/07/2026 04:16:58 PM - NavigationBasePageMenuMap - INFO: waiting for max :: 10:: second for the element
07/07/2026 04:16:58 PM - NavigationBasePageMenuMap - INFO: Element did not appeard on the webpage ://div[@id='grid_BlkInventory-Table_columns']/table/tbody/tr/td//div[2][contains(normalize-space(.), 'Effective Date')]
07/07/2026 04:16:58 PM - NavigationBasePageMenuMap - ERROR: Element is not displayed
07/07/2026 04:16:58 PM - NavigationBasePageMenuMap - INFO: Element found with locator : //div[@id='grid_BlkInventory-Table_columns']/table/tbody/tr/td//div[2][contains(normalize-space(.), 'Effective Date')]and locatortype : xpath
07/07/2026 04:16:58 PM - NavigationBasePageMenuMap - INFO: Element exists on the page with locator : //div[@id='grid_BlkInventory-Table_columns']/table/tbody/tr/td//div[2][contains(normalize-space(.), 'Effective Date')]
07/07/2026 04:16:58 PM - NavigationBasePageMenuMap - INFO: Element found with locator : //div[@id='grid_BlkInventory-Table_columns']/table/tbody/tr/td//div[2][contains(normalize-space(.), 'Effective Date')]and locatortype : xpath
07/07/2026 04:16:58 PM - NavigationBasePageMenuMap - INFO: Clicked on element with locator: //div[@id='grid_BlkInventory-Table_columns']/table/tbody/tr/td//div[2][contains(normalize-space(.), 'Effective Date')] locatorType: xpath
07/07/2026 04:17:00 PM - NavigationBasePageMenuMap - INFO: waiting for max :: 10:: second for the element
07/07/2026 04:17:00 PM - NavigationBasePageMenuMap - INFO: Element did not appeard on the webpage ://div[@id='grid_BlkInventory-Table_columns']/table/tbody/tr/td//div[2][contains(normalize-space(.), 'Effective Date')]
07/07/2026 04:17:00 PM - NavigationBasePageMenuMap - ERROR: Element is not displayed
07/07/2026 04:17:00 PM - NavigationBasePageMenuMap - INFO: Element found with locator : //div[@id='grid_BlkInventory-Table_columns']/table/tbody/tr/td//div[2][contains(normalize-space(.), 'Effective Date')]and locatortype : xpath
07/07/2026 04:17:00 PM - NavigationBasePageMenuMap - INFO: Element exists on the page with locator : //div[@id='grid_BlkInventory-Table_columns']/table/tbody/tr/td//div[2][contains(normalize-space(.), 'Effective Date')]
07/07/2026 04:17:00 PM - NavigationBasePageMenuMap - INFO: Element found with locator : //div[@id='grid_BlkInventory-Table_columns']/table/tbody/tr/td//div[2][contains(normalize-space(.), 'Effective Date')]and locatortype : xpath
07/07/2026 04:17:00 PM - NavigationBasePageMenuMap - INFO: Clicked on element with locator: //div[@id='grid_BlkInventory-Table_columns']/table/tbody/tr/td//div[2][contains(normalize-space(.), 'Effective Date')] locatorType: xpath
07/07/2026 04:17:05 PM - NavigationBasePageMenuMap - INFO: waiting for max :: 10:: second for the element
07/07/2026 04:17:05 PM - NavigationBasePageMenuMap - INFO: Element did not appeard on the webpage ://button[@id="BlockDashboard-close"]/i
07/07/2026 04:17:05 PM - NavigationBasePageMenuMap - ERROR: Element is not displayed
07/07/2026 04:17:05 PM - NavigationBasePageMenuMap - INFO: Element found with locator : //button[@id="BlockDashboard-close"]/iand locatortype : xpath
07/07/2026 04:17:05 PM - NavigationBasePageMenuMap - INFO: Element exists on the page with locator : //button[@id="BlockDashboard-close"]/i
07/07/2026 04:17:05 PM - NavigationBasePageMenuMap - INFO: Element found with locator : //button[@id="BlockDashboard-close"]/iand locatortype : xpath
07/07/2026 04:17:06 PM - NavigationBasePageMenuMap - INFO: Clicked on element with locator: //button[@id="BlockDashboard-close"]/i locatorType: xpath
07/07/2026 04:17:10 PM - NavigationBasePageMenuMap - INFO: waiting for max :: 10:: second for the element
07/07/2026 04:17:10 PM - NavigationBasePageMenuMap - INFO: Element did not appeard on the webpage ://a[@id="inventory"]
07/07/2026 04:17:10 PM - NavigationBasePageMenuMap - ERROR: Element is not displayed
07/07/2026 04:17:10 PM - NavigationBasePageMenuMap - INFO: Element found with locator : //a[@id="inventory"]and locatortype : xpath
07/07/2026 04:17:10 PM - NavigationBasePageMenuMap - INFO: Element exists on the page with locator : //a[@id="inventory"]
07/07/2026 04:17:10 PM - NavigationBasePageMenuMap - INFO: Element found with locator : //a[@id="inventory"]and locatortype : xpath
07/07/2026 04:17:10 PM - NavigationBasePageMenuMap - INFO: Clicked on element with locator: //a[@id="inventory"] locatorType: xpath
07/07/2026 04:17:10 PM - NavigationBasePageMenuMap - INFO: waiting for max :: 10:: second for the element
07/07/2026 04:17:10 PM - NavigationBasePageMenuMap - INFO: Element did not appeard on the webpage ://a[contains(text(),"TN Dashboard")]
07/07/2026 04:17:10 PM - NavigationBasePageMenuMap - ERROR: Element is not displayed
07/07/2026 04:17:10 PM - NavigationBasePageMenuMap - INFO: Element found with locator : //a[contains(text(),"TN Dashboard")]and locatortype : xpath
07/07/2026 04:17:10 PM - NavigationBasePageMenuMap - INFO: Element exists on the page with locator : //a[contains(text(),"TN Dashboard")]
07/07/2026 04:17:10 PM - NavigationBasePageMenuMap - INFO: Element found with locator : //a[contains(text(),"TN Dashboard")]and locatortype : xpath
07/07/2026 04:17:10 PM - NavigationBasePageMenuMap - INFO: Clicked on element with locator: //a[contains(text(),"TN Dashboard")] locatorType: xpath
07/07/2026 04:17:12 PM - NavigationBasePageMenuMap - INFO: Element found with locator : //div[@id='tb_TnInventory-Table_toolbar_item_w2ui-search-advanced']/div/spanand locatortype : xpath
07/07/2026 04:17:12 PM - NavigationBasePageMenuMap - ERROR: Element is not displayed
07/07/2026 04:17:12 PM - NavigationBasePageMenuMap - INFO: Element found with locator : //div[@id='tb_TnInventory-Table_toolbar_item_w2ui-search-advanced']/div/spanand locatortype : xpath
07/07/2026 04:17:12 PM - NavigationBasePageMenuMap - INFO: Element is present with locator: //div[@id='tb_TnInventory-Table_toolbar_item_w2ui-search-advanced']/div/span locatorType: xpath
07/07/2026 04:17:12 PM - NavigationBasePageMenuMap - INFO: Element found with locator : //div[@id='tb_TnInventory-Table_toolbar_item_w2ui-search-advanced']/div/spanand locatortype : xpath
07/07/2026 04:17:12 PM - NavigationBasePageMenuMap - INFO: Element exists on the page with locator : //div[@id='tb_TnInventory-Table_toolbar_item_w2ui-search-advanced']/div/span
07/07/2026 04:17:12 PM - NavigationBasePageMenuMap - INFO: waiting for max :: 10:: second for the element
07/07/2026 04:17:12 PM - NavigationBasePageMenuMap - INFO: Element did not appeard on the webpage ://div[@id='tb_TnInventory-Table_toolbar_item_w2ui-search-advanced']/div/span
07/07/2026 04:17:12 PM - NavigationBasePageMenuMap - ERROR: Element is not displayed
07/07/2026 04:17:12 PM - NavigationBasePageMenuMap - INFO: Element found with locator : //div[@id='tb_TnInventory-Table_toolbar_item_w2ui-search-advanced']/div/spanand locatortype : xpath
07/07/2026 04:17:12 PM - NavigationBasePageMenuMap - INFO: Element exists on the page with locator : //div[@id='tb_TnInventory-Table_toolbar_item_w2ui-search-advanced']/div/span
07/07/2026 04:17:12 PM - NavigationBasePageMenuMap - INFO: Element found with locator : //div[@id='tb_TnInventory-Table_toolbar_item_w2ui-search-advanced']/div/spanand locatortype : xpath
07/07/2026 04:17:12 PM - NavigationBasePageMenuMap - INFO: Clicked on element with locator: //div[@id='tb_TnInventory-Table_toolbar_item_w2ui-search-advanced']/div/span locatorType: xpath
07/07/2026 04:17:14 PM - NavigationBasePageMenuMap - INFO: Element found with locator : //tr[1]/td/input[@rel='search']and locatortype : xpath
07/07/2026 04:17:14 PM - NavigationBasePageMenuMap - ERROR: Element is not displayed
07/07/2026 04:17:14 PM - NavigationBasePageMenuMap - INFO: Element found with locator : //tr[1]/td/input[@rel='search']and locatortype : xpath
07/07/2026 04:17:14 PM - NavigationBasePageMenuMap - INFO: Element is present with locator: //tr[1]/td/input[@rel='search'] locatorType: xpath
07/07/2026 04:17:14 PM - NavigationBasePageMenuMap - INFO: waiting for max :: 10:: second for the element
07/07/2026 04:17:15 PM - NavigationBasePageMenuMap - INFO: Element did not appeard on the webpage ://tr[1]/td/input[@rel='search']
07/07/2026 04:17:15 PM - NavigationBasePageMenuMap - INFO: Element found with locator : //tr[1]/td/input[@rel='search']and locatortype : xpath
07/07/2026 04:17:16 PM - NavigationBasePageMenuMap - INFO: Sent data on element with locator: //tr[1]/td/input[@rel='search'] locatorType: xpath
07/07/2026 04:17:16 PM - NavigationBasePageMenuMap - INFO: Element found with locator : //td[contains(text(),'Requester')]/following-sibling::td/selectand locatortype : xpath
07/07/2026 04:17:16 PM - NavigationBasePageMenuMap - INFO: waiting for max :: 10:: second for the element
07/07/2026 04:17:16 PM - NavigationBasePageMenuMap - INFO: Element did not appeard on the webpage ://td[contains(text(),'Requester')]/following-sibling::td/select
07/07/2026 04:17:16 PM - NavigationBasePageMenuMap - INFO: Element found with locator : //td[contains(text(),'Requester')]/following-sibling::td/selectand locatortype : xpath
07/07/2026 04:17:16 PM - NavigationBasePageMenuMap - INFO: element is selected : //td[contains(text(),'Requester')]/following-sibling::td/select value: contains
07/07/2026 04:17:17 PM - NavigationBasePageMenuMap - INFO: Element found with locator : //td[contains(text(),'Requester')]/following-sibling::td/input[@rel='search']and locatortype : xpath
07/07/2026 04:17:22 PM - NavigationBasePageMenuMap - INFO: Element found with locator : //tr[@id='grid_TnInventory-Table_rec_1']/td[2]/divand locatortype : xpath
07/07/2026 04:17:22 PM - NavigationBasePageMenuMap - INFO: Getting text on element :: 
07/07/2026 04:17:22 PM - NavigationBasePageMenuMap - INFO: The text is :: '848-395-4997'
07/07/2026 04:17:22 PM - NavigationBasePageMenuMap - INFO: Element found with locator : //tr[@id='grid_TnInventory-Table_rec_1']/td[9]/divand locatortype : xpath
07/07/2026 04:17:22 PM - NavigationBasePageMenuMap - INFO: Getting text on element :: 
07/07/2026 04:17:22 PM - NavigationBasePageMenuMap - INFO: The text is :: 'NORTH JERSEY NJ'
07/07/2026 04:17:23 PM - NavigationBasePageMenuMap - INFO: Element found with locator : //td[@id='grid_TnInventory-Table_data_0_17']/div/divand locatortype : xpath
07/07/2026 04:17:23 PM - NavigationBasePageMenuMap - INFO: waiting for max :: 10:: second for the element
07/07/2026 04:17:23 PM - NavigationBasePageMenuMap - INFO: Element did not appeard on the webpage ://button[@id="TnDashboard-close"]/i
07/07/2026 04:17:23 PM - NavigationBasePageMenuMap - ERROR: Element is not displayed
07/07/2026 04:17:23 PM - NavigationBasePageMenuMap - INFO: Element found with locator : //button[@id="TnDashboard-close"]/iand locatortype : xpath
07/07/2026 04:17:23 PM - NavigationBasePageMenuMap - INFO: Element exists on the page with locator : //button[@id="TnDashboard-close"]/i
07/07/2026 04:17:23 PM - NavigationBasePageMenuMap - INFO: Element found with locator : //button[@id="TnDashboard-close"]/iand locatortype : xpath
07/07/2026 04:17:25 PM - NavigationBasePageMenuMap - ERROR: Cannot click on the element with locator: //button[@id="TnDashboard-close"]/i locatorType: xpath
07/07/2026 04:17:27 PM - Util - INFO: Wait :: '4' seconds for 
07/07/2026 04:17:31 PM - Util - INFO: Wait :: '5' seconds for 
07/07/2026 04:17:36 PM - NavigationBasePageMenuMap - INFO: waiting for max :: 10:: second for the element
07/07/2026 04:17:36 PM - NavigationBasePageMenuMap - INFO: Element did not appeard on the webpage ://a[@id="inventory"]
07/07/2026 04:17:36 PM - NavigationBasePageMenuMap - ERROR: Element is not displayed
07/07/2026 04:17:36 PM - NavigationBasePageMenuMap - INFO: Element found with locator : //a[@id="inventory"]and locatortype : xpath
07/07/2026 04:17:36 PM - NavigationBasePageMenuMap - INFO: Element exists on the page with locator : //a[@id="inventory"]
07/07/2026 04:17:36 PM - NavigationBasePageMenuMap - INFO: Element found with locator : //a[@id="inventory"]and locatortype : xpath
07/07/2026 04:17:36 PM - NavigationBasePageMenuMap - INFO: Clicked on element with locator: //a[@id="inventory"] locatorType: xpath
07/07/2026 04:17:36 PM - NavigationBasePageMenuMap - INFO: waiting for max :: 10:: second for the element
07/07/2026 04:17:36 PM - NavigationBasePageMenuMap - INFO: Element did not appeard on the webpage ://a[contains(text(),"Block Dashboard")]
07/07/2026 04:17:36 PM - NavigationBasePageMenuMap - ERROR: Element is not displayed
07/07/2026 04:17:36 PM - NavigationBasePageMenuMap - INFO: Element found with locator : //a[contains(text(),"Block Dashboard")]and locatortype : xpath
07/07/2026 04:17:36 PM - NavigationBasePageMenuMap - INFO: Element exists on the page with locator : //a[contains(text(),"Block Dashboard")]
07/07/2026 04:17:36 PM - NavigationBasePageMenuMap - INFO: Element found with locator : //a[contains(text(),"Block Dashboard")]and locatortype : xpath
07/07/2026 04:17:36 PM - NavigationBasePageMenuMap - INFO: Clicked on element with locator: //a[contains(text(),"Block Dashboard")] locatorType: xpath
07/07/2026 04:17:38 PM - NavigationBasePageMenuMap - INFO: waiting for max :: 10:: second for the element
07/07/2026 04:17:38 PM - NavigationBasePageMenuMap - INFO: Element did not appeard on the webpage ://button[@id="BlockDashboard-maximize"]
07/07/2026 04:17:38 PM - NavigationBasePageMenuMap - ERROR: Element is not displayed
07/07/2026 04:17:38 PM - NavigationBasePageMenuMap - INFO: Element found with locator : //button[@id="BlockDashboard-maximize"]and locatortype : xpath
07/07/2026 04:17:38 PM - NavigationBasePageMenuMap - INFO: Element exists on the page with locator : //button[@id="BlockDashboard-maximize"]
07/07/2026 04:17:38 PM - NavigationBasePageMenuMap - INFO: Element found with locator : //button[@id="BlockDashboard-maximize"]and locatortype : xpath
07/07/2026 04:17:39 PM - NavigationBasePageMenuMap - ERROR: Cannot click on the element with locator: //button[@id="BlockDashboard-maximize"] locatorType: xpath
07/07/2026 04:17:41 PM - NavigationBasePageMenuMap - INFO: Element found with locator : //div[@data-click='searchOpen']and locatortype : xpath
07/07/2026 04:17:41 PM - NavigationBasePageMenuMap - ERROR: Element is not displayed
07/07/2026 04:17:41 PM - NavigationBasePageMenuMap - INFO: Element found with locator : //div[@data-click='searchOpen']and locatortype : xpath
07/07/2026 04:17:41 PM - NavigationBasePageMenuMap - INFO: Element is present with locator: //div[@data-click='searchOpen'] locatorType: xpath
07/07/2026 04:17:41 PM - NavigationBasePageMenuMap - INFO: Element found with locator : //div[@data-click='searchOpen']and locatortype : xpath
07/07/2026 04:17:41 PM - NavigationBasePageMenuMap - INFO: Element exists on the page with locator : //div[@data-click='searchOpen']
07/07/2026 04:17:41 PM - NavigationBasePageMenuMap - INFO: waiting for max :: 10:: second for the element
07/07/2026 04:17:52 PM - NavigationBasePageMenuMap - INFO: Element did not appeard on the webpage ://div[@data-click='searchOpen']
07/07/2026 04:17:52 PM - NavigationBasePageMenuMap - ERROR: Element is not displayed
07/07/2026 04:17:52 PM - NavigationBasePageMenuMap - INFO: Element found with locator : //div[@data-click='searchOpen']and locatortype : xpath
07/07/2026 04:17:52 PM - NavigationBasePageMenuMap - INFO: Element exists on the page with locator : //div[@data-click='searchOpen']
07/07/2026 04:17:52 PM - NavigationBasePageMenuMap - INFO: Element found with locator : //div[@data-click='searchOpen']and locatortype : xpath
07/07/2026 04:17:53 PM - NavigationBasePageMenuMap - ERROR: Cannot click on the element with locator: //div[@data-click='searchOpen'] locatorType: xpath
07/07/2026 04:18:25 PM - NavigationBasePageMenuMap - ERROR: Element not found with locator : //div[@class='w2ui-field-helper w2ui-list']/following-sibling::input[@placeholder='Select a Status']and locatortype : xpath
07/07/2026 04:18:25 PM - NavigationBasePageMenuMap - ERROR: Element is not displayed
07/07/2026 04:18:55 PM - NavigationBasePageMenuMap - ERROR: Element not found with locator : //div[@class='w2ui-field-helper w2ui-list']/following-sibling::input[@placeholder='Select a Status']and locatortype : xpath
07/07/2026 04:18:55 PM - NavigationBasePageMenuMap - ERROR: Element is not present with locator: //div[@class='w2ui-field-helper w2ui-list']/following-sibling::input[@placeholder='Select a Status'] locatorType: xpath
07/07/2026 04:18:55 PM - NavigationBasePageMenuMap - INFO: waiting for max :: 10:: second for the element
07/07/2026 04:19:25 PM - NavigationBasePageMenuMap - INFO: Element did not appeard on the webpage ://div[@class='w2ui-field-helper w2ui-list']/following-sibling::input[@placeholder='Select a Status']
07/07/2026 04:19:25 PM - NavigationBasePageMenuMap - ERROR: Element is not displayed
07/07/2026 04:19:55 PM - NavigationBasePageMenuMap - ERROR: Element not found with locator : //div[@class='w2ui-field-helper w2ui-list']/following-sibling::input[@placeholder='Select a Status']and locatortype : xpath
07/07/2026 04:19:55 PM - NavigationBasePageMenuMap - ERROR: Element did not found on the page with locator : //div[@class='w2ui-field-helper w2ui-list']/following-sibling::input[@placeholder='Select a Status']
07/07/2026 04:20:25 PM - NavigationBasePageMenuMap - ERROR: Element not found with locator : //div[@class='w2ui-field-helper w2ui-list']/following-sibling::input[@placeholder='Select a Status']and locatortype : xpath
07/07/2026 04:20:25 PM - NavigationBasePageMenuMap - ERROR: Cannot click on the element with locator: //div[@class='w2ui-field-helper w2ui-list']/following-sibling::input[@placeholder='Select a Status'] locatorType: xpath
07/07/2026 04:20:25 PM - NavigationBasePageMenuMap - INFO: waiting for max :: 10:: second for the element
07/07/2026 04:20:55 PM - NavigationBasePageMenuMap - INFO: Element did not appeard on the webpage ://div[@class='w2ui-field-helper w2ui-list']/following-sibling::input[@placeholder='Select a Status']
07/07/2026 04:21:25 PM - NavigationBasePageMenuMap - ERROR: Element not found with locator : //div[@class='w2ui-field-helper w2ui-list']/following-sibling::input[@placeholder='Select a Status']and locatortype : xpath
07/07/2026 04:21:25 PM - NavigationBasePageMenuMap - INFO: Cannot send data on the element with locator: //div[@class='w2ui-field-helper w2ui-list']/following-sibling::input[@placeholder='Select a Status'] locatorType: xpath
07/07/2026 04:21:25 PM - NavigationBasePageMenuMap - INFO: waiting for max :: 10:: second for the element
07/07/2026 04:21:55 PM - NavigationBasePageMenuMap - INFO: Element did not appeard on the webpage ://input[@placeholder='Select a Status']
07/07/2026 04:22:25 PM - NavigationBasePageMenuMap - ERROR: Element not found with locator : //input[@placeholder='Select a Status']and locatortype : xpath
07/07/2026 04:22:25 PM - NavigationBasePageMenuMap - INFO: Cannot send data on the element with locator: //input[@placeholder='Select a Status'] locatorType: xpath
07/07/2026 04:22:55 PM - NavigationBasePageMenuMap - INFO: Element list found with locator: //div[@id='w2overlay-grid_BlkInventory-Table_field_1_menu']//div[@class='menu-text'] and locatorType: xpath
07/07/2026 04:23:25 PM - NavigationBasePageMenuMap - ERROR: Element not found with locator : //div[@class='w2ui-field-helper w2ui-list']/following-sibling::input[@placeholder='Select a Source']and locatortype : xpath
07/07/2026 04:23:25 PM - NavigationBasePageMenuMap - ERROR: Element is not displayed
07/07/2026 04:23:55 PM - NavigationBasePageMenuMap - ERROR: Element not found with locator : //div[@class='w2ui-field-helper w2ui-list']/following-sibling::input[@placeholder='Select a Source']and locatortype : xpath
07/07/2026 04:23:55 PM - NavigationBasePageMenuMap - ERROR: Element is not present with locator: //div[@class='w2ui-field-helper w2ui-list']/following-sibling::input[@placeholder='Select a Source'] locatorType: xpath
07/07/2026 04:23:55 PM - NavigationBasePageMenuMap - INFO: waiting for max :: 10:: second for the element
07/07/2026 04:24:25 PM - NavigationBasePageMenuMap - INFO: Element did not appeard on the webpage ://div[@class='w2ui-field-helper w2ui-list']/following-sibling::input[@placeholder='Select a Source']
07/07/2026 04:24:25 PM - NavigationBasePageMenuMap - ERROR: Element is not displayed
07/07/2026 04:24:55 PM - NavigationBasePageMenuMap - ERROR: Element not found with locator : //div[@class='w2ui-field-helper w2ui-list']/following-sibling::input[@placeholder='Select a Source']and locatortype : xpath
07/07/2026 04:24:55 PM - NavigationBasePageMenuMap - ERROR: Element did not found on the page with locator : //div[@class='w2ui-field-helper w2ui-list']/following-sibling::input[@placeholder='Select a Source']
07/07/2026 04:25:26 PM - NavigationBasePageMenuMap - ERROR: Element not found with locator : //div[@class='w2ui-field-helper w2ui-list']/following-sibling::input[@placeholder='Select a Source']and locatortype : xpath
07/07/2026 04:25:26 PM - NavigationBasePageMenuMap - ERROR: Cannot click on the element with locator: //div[@class='w2ui-field-helper w2ui-list']/following-sibling::input[@placeholder='Select a Source'] locatorType: xpath
07/07/2026 04:25:26 PM - NavigationBasePageMenuMap - INFO: waiting for max :: 10:: second for the element
07/07/2026 04:25:56 PM - NavigationBasePageMenuMap - INFO: Element did not appeard on the webpage ://div[@class='w2ui-field-helper w2ui-list']/following-sibling::input[@placeholder='Select a Source']
07/07/2026 04:26:26 PM - NavigationBasePageMenuMap - ERROR: Element not found with locator : //div[@class='w2ui-field-helper w2ui-list']/following-sibling::input[@placeholder='Select a Source']and locatortype : xpath
07/07/2026 04:26:26 PM - NavigationBasePageMenuMap - INFO: Cannot send data on the element with locator: //div[@class='w2ui-field-helper w2ui-list']/following-sibling::input[@placeholder='Select a Source'] locatorType: xpath
07/07/2026 04:26:26 PM - NavigationBasePageMenuMap - INFO: waiting for max :: 10:: second for the element
07/07/2026 04:26:56 PM - NavigationBasePageMenuMap - INFO: Element did not appeard on the webpage ://input[@placeholder='Select a Source']
07/07/2026 04:27:26 PM - NavigationBasePageMenuMap - ERROR: Element not found with locator : //input[@placeholder='Select a Source']and locatortype : xpath
07/07/2026 04:27:26 PM - NavigationBasePageMenuMap - INFO: Cannot send data on the element with locator: //input[@placeholder='Select a Source'] locatorType: xpath
07/07/2026 04:27:56 PM - NavigationBasePageMenuMap - INFO: Element list found with locator: //div[@id='w2overlay-grid_BlkInventory-Table_field_5_menu']//div[@class='menu-text'] and locatorType: xpath
