07/07/2026 11:57:13 AM - LoginPage - INFO: Element found with locator : //button[@id="login-submit"]and locatortype : xpath
07/07/2026 11:57:13 AM - LoginPage - INFO: Element is present with locator: //button[@id="login-submit"] locatorType: xpath
07/07/2026 11:57:13 AM - LoginPage - INFO: Element found with locator : //span[contains(text(),"SIGN IN")]and locatortype : xpath
07/07/2026 11:57:13 AM - LoginPage - ERROR: Element is not displayed
07/07/2026 11:57:13 AM - LoginPage - INFO: Element found with locator : //span[contains(text(),"SIGN IN")]and locatortype : xpath
07/07/2026 11:57:13 AM - LoginPage - INFO: Element is present with locator: //span[contains(text(),"SIGN IN")] locatorType: xpath
07/07/2026 11:57:13 AM - LoginPage - INFO: WebUrl is accessible
07/07/2026 11:57:14 AM - LoginPage - INFO: waiting for max :: 10:: second for the element
07/07/2026 11:57:14 AM - LoginPage - INFO: Element did not appeard on the webpage ://input[@name="username"]
07/07/2026 11:57:14 AM - LoginPage - INFO: Element found with locator : //input[@name="username"]and locatortype : xpath
07/07/2026 11:57:15 AM - LoginPage - INFO: Sent data on element with locator: //input[@name="username"] locatorType: xpath
07/07/2026 11:57:16 AM - LoginPage - INFO: waiting for max :: 10:: second for the element
07/07/2026 11:57:16 AM - LoginPage - INFO: Element did not appeard on the webpage ://input[@name="password"]
07/07/2026 11:57:16 AM - LoginPage - INFO: Element found with locator : //input[@name="password"]and locatortype : xpath
07/07/2026 11:57:17 AM - LoginPage - INFO: Sent data on element with locator: //input[@name="password"] locatorType: xpath
07/07/2026 11:57:17 AM - LoginPage - INFO: waiting for max :: 6:: second for the element
07/07/2026 11:57:17 AM - LoginPage - INFO: Element did not appeard on the webpage ://button[@id="login-submit"]
07/07/2026 11:57:17 AM - LoginPage - INFO: waiting for max :: 10:: second for the element
07/07/2026 11:57:17 AM - LoginPage - INFO: Element did not appeard on the webpage ://button[@id="login-submit"]
07/07/2026 11:57:17 AM - LoginPage - ERROR: Element is not displayed
07/07/2026 11:57:17 AM - LoginPage - INFO: Element found with locator : //button[@id="login-submit"]and locatortype : xpath
07/07/2026 11:57:17 AM - LoginPage - INFO: Element exists on the page with locator : //button[@id="login-submit"]
07/07/2026 11:57:17 AM - LoginPage - INFO: Element found with locator : //button[@id="login-submit"]and locatortype : xpath
07/07/2026 11:57:17 AM - LoginPage - INFO: Clicked on element with locator: //button[@id="login-submit"] locatorType: xpath
07/07/2026 11:57:18 AM - LoginPage - INFO: Element found with locator : //a/i[@title="Sign out"]and locatortype : xpath
07/07/2026 11:57:18 AM - LoginPage - INFO: Element is present with locator: //a/i[@title="Sign out"] locatorType: xpath
