07/07/2026 03:02:50 PM - LoginPage - INFO: Element found with locator : //button[@id="login-submit"]and locatortype : xpath
07/07/2026 03:02:50 PM - LoginPage - INFO: Element is present with locator: //button[@id="login-submit"] locatorType: xpath
07/07/2026 03:02:50 PM - LoginPage - INFO: Element found with locator : //span[contains(text(),"SIGN IN")]and locatortype : xpath
07/07/2026 03:02:50 PM - LoginPage - ERROR: Element is not displayed
07/07/2026 03:02:50 PM - LoginPage - INFO: Element found with locator : //span[contains(text(),"SIGN IN")]and locatortype : xpath
07/07/2026 03:02:50 PM - LoginPage - INFO: Element is present with locator: //span[contains(text(),"SIGN IN")] locatorType: xpath
07/07/2026 03:02:50 PM - LoginPage - INFO: WebUrl is accessible
07/07/2026 03:02:51 PM - LoginPage - INFO: waiting for max :: 10:: second for the element
07/07/2026 03:02:51 PM - LoginPage - INFO: Element did not appeard on the webpage ://input[@name="username"]
07/07/2026 03:02:51 PM - LoginPage - INFO: Element found with locator : //input[@name="username"]and locatortype : xpath
07/07/2026 03:02:52 PM - LoginPage - INFO: Sent data on element with locator: //input[@name="username"] locatorType: xpath
07/07/2026 03:02:53 PM - LoginPage - INFO: waiting for max :: 10:: second for the element
07/07/2026 03:02:53 PM - LoginPage - INFO: Element did not appeard on the webpage ://input[@name="password"]
07/07/2026 03:02:54 PM - LoginPage - INFO: Element found with locator : //input[@name="password"]and locatortype : xpath
07/07/2026 03:02:55 PM - LoginPage - INFO: Sent data on element with locator: //input[@name="password"] locatorType: xpath
07/07/2026 03:02:55 PM - LoginPage - INFO: waiting for max :: 6:: second for the element
07/07/2026 03:02:55 PM - LoginPage - INFO: Element did not appeard on the webpage ://button[@id="login-submit"]
07/07/2026 03:02:55 PM - LoginPage - INFO: waiting for max :: 10:: second for the element
07/07/2026 03:02:55 PM - LoginPage - INFO: Element did not appeard on the webpage ://button[@id="login-submit"]
07/07/2026 03:02:55 PM - LoginPage - ERROR: Element is not displayed
07/07/2026 03:02:55 PM - LoginPage - INFO: Element found with locator : //button[@id="login-submit"]and locatortype : xpath
07/07/2026 03:02:55 PM - LoginPage - INFO: Element exists on the page with locator : //button[@id="login-submit"]
07/07/2026 03:02:55 PM - LoginPage - INFO: Element found with locator : //button[@id="login-submit"]and locatortype : xpath
07/07/2026 03:02:55 PM - LoginPage - INFO: Clicked on element with locator: //button[@id="login-submit"] locatorType: xpath
07/07/2026 03:02:55 PM - LoginPage - INFO: Element found with locator : //a/i[@title="Sign out"]and locatortype : xpath
07/07/2026 03:02:55 PM - LoginPage - INFO: Element is present with locator: //a/i[@title="Sign out"] locatorType: xpath
07/07/2026 03:02:56 PM - NavigationBasePageMenuMap - INFO: Element found with locator : //button[@id="modal-cancel-btn"]and locatortype : xpath
07/07/2026 03:02:56 PM - NavigationBasePageMenuMap - ERROR: Element is not displayed
07/07/2026 03:02:56 PM - NavigationBasePageMenuMap - INFO: Element found with locator : //button[@id="modal-cancel-btn"]and locatortype : xpath
07/07/2026 03:02:56 PM - NavigationBasePageMenuMap - INFO: Element is present with locator: //button[@id="modal-cancel-btn"] locatorType: xpath
07/07/2026 03:02:56 PM - NavigationBasePageMenuMap - INFO: Element found with locator : //button[@id="modal-cancel-btn"]and locatortype : xpath
07/07/2026 03:02:56 PM - NavigationBasePageMenuMap - INFO: Element exists on the page with locator : //button[@id="modal-cancel-btn"]
07/07/2026 03:02:56 PM - NavigationBasePageMenuMap - INFO: waiting for max :: 10:: second for the element
07/07/2026 03:02:56 PM - NavigationBasePageMenuMap - INFO: Element did not appeard on the webpage ://button[@id="modal-cancel-btn"]
07/07/2026 03:02:56 PM - NavigationBasePageMenuMap - ERROR: Element is not displayed
07/07/2026 03:02:56 PM - NavigationBasePageMenuMap - INFO: Element found with locator : //button[@id="modal-cancel-btn"]and locatortype : xpath
07/07/2026 03:02:56 PM - NavigationBasePageMenuMap - INFO: Element exists on the page with locator : //button[@id="modal-cancel-btn"]
07/07/2026 03:02:56 PM - NavigationBasePageMenuMap - INFO: Element found with locator : //button[@id="modal-cancel-btn"]and locatortype : xpath
07/07/2026 03:02:56 PM - NavigationBasePageMenuMap - INFO: Clicked on element with locator: //button[@id="modal-cancel-btn"] locatorType: xpath
07/07/2026 03:02:56 PM - NavigationBasePageMenuMap - INFO: waiting for max :: 10:: second for the element
07/07/2026 03:02:56 PM - NavigationBasePageMenuMap - INFO: Element did not appeard on the webpage ://a[@id="inventory"]
07/07/2026 03:02:56 PM - NavigationBasePageMenuMap - ERROR: Element is not displayed
07/07/2026 03:02:56 PM - NavigationBasePageMenuMap - INFO: Element found with locator : //a[@id="inventory"]and locatortype : xpath
07/07/2026 03:02:56 PM - NavigationBasePageMenuMap - INFO: Element exists on the page with locator : //a[@id="inventory"]
07/07/2026 03:02:56 PM - NavigationBasePageMenuMap - INFO: Element found with locator : //a[@id="inventory"]and locatortype : xpath
07/07/2026 03:02:56 PM - NavigationBasePageMenuMap - INFO: Clicked on element with locator: //a[@id="inventory"] locatorType: xpath
07/07/2026 03:02:56 PM - NavigationBasePageMenuMap - INFO: waiting for max :: 10:: second for the element
07/07/2026 03:02:56 PM - NavigationBasePageMenuMap - INFO: Element did not appeard on the webpage ://a[contains(text(),"Block Dashboard")]
07/07/2026 03:02:56 PM - NavigationBasePageMenuMap - ERROR: Element is not displayed
07/07/2026 03:02:56 PM - NavigationBasePageMenuMap - INFO: Element found with locator : //a[contains(text(),"Block Dashboard")]and locatortype : xpath
07/07/2026 03:02:56 PM - NavigationBasePageMenuMap - INFO: Element exists on the page with locator : //a[contains(text(),"Block Dashboard")]
07/07/2026 03:02:56 PM - NavigationBasePageMenuMap - INFO: Element found with locator : //a[contains(text(),"Block Dashboard")]and locatortype : xpath
07/07/2026 03:02:56 PM - NavigationBasePageMenuMap - INFO: Clicked on element with locator: //a[contains(text(),"Block Dashboard")] locatorType: xpath
07/07/2026 03:02:58 PM - NavigationBasePageMenuMap - INFO: waiting for max :: 10:: second for the element
07/07/2026 03:02:58 PM - NavigationBasePageMenuMap - INFO: Element did not appeard on the webpage ://button[@id="BlockDashboard-maximize"]
07/07/2026 03:02:58 PM - NavigationBasePageMenuMap - ERROR: Element is not displayed
07/07/2026 03:02:58 PM - NavigationBasePageMenuMap - INFO: Element found with locator : //button[@id="BlockDashboard-maximize"]and locatortype : xpath
07/07/2026 03:02:58 PM - NavigationBasePageMenuMap - INFO: Element exists on the page with locator : //button[@id="BlockDashboard-maximize"]
07/07/2026 03:02:59 PM - NavigationBasePageMenuMap - INFO: Element found with locator : //button[@id="BlockDashboard-maximize"]and locatortype : xpath
07/07/2026 03:02:59 PM - NavigationBasePageMenuMap - INFO: Clicked on element with locator: //button[@id="BlockDashboard-maximize"] locatorType: xpath
07/07/2026 03:03:01 PM - NavigationBasePageMenuMap - INFO: Element found with locator : //div[@data-click='searchOpen']and locatortype : xpath
07/07/2026 03:03:01 PM - NavigationBasePageMenuMap - ERROR: Element is not displayed
07/07/2026 03:03:01 PM - NavigationBasePageMenuMap - INFO: Element found with locator : //div[@data-click='searchOpen']and locatortype : xpath
07/07/2026 03:03:01 PM - NavigationBasePageMenuMap - INFO: Element is present with locator: //div[@data-click='searchOpen'] locatorType: xpath
07/07/2026 03:03:01 PM - NavigationBasePageMenuMap - INFO: Element found with locator : //div[@data-click='searchOpen']and locatortype : xpath
07/07/2026 03:03:01 PM - NavigationBasePageMenuMap - INFO: Element exists on the page with locator : //div[@data-click='searchOpen']
07/07/2026 03:03:01 PM - NavigationBasePageMenuMap - INFO: waiting for max :: 10:: second for the element
07/07/2026 03:03:01 PM - NavigationBasePageMenuMap - INFO: Element did not appeard on the webpage ://div[@data-click='searchOpen']
07/07/2026 03:03:01 PM - NavigationBasePageMenuMap - ERROR: Element is not displayed
07/07/2026 03:03:01 PM - NavigationBasePageMenuMap - INFO: Element found with locator : //div[@data-click='searchOpen']and locatortype : xpath
07/07/2026 03:03:01 PM - NavigationBasePageMenuMap - INFO: Element exists on the page with locator : //div[@data-click='searchOpen']
07/07/2026 03:03:01 PM - NavigationBasePageMenuMap - INFO: Element found with locator : //div[@data-click='searchOpen']and locatortype : xpath
07/07/2026 03:03:01 PM - NavigationBasePageMenuMap - INFO: Clicked on element with locator: //div[@data-click='searchOpen'] locatorType: xpath
07/07/2026 03:03:03 PM - NavigationBasePageMenuMap - INFO: Element found with locator : //div[@class='w2ui-field-helper w2ui-list']/following-sibling::input[@placeholder='Select a Status']and locatortype : xpath
07/07/2026 03:03:03 PM - NavigationBasePageMenuMap - ERROR: Element is not displayed
07/07/2026 03:03:03 PM - NavigationBasePageMenuMap - INFO: Element found with locator : //div[@class='w2ui-field-helper w2ui-list']/following-sibling::input[@placeholder='Select a Status']and locatortype : xpath
07/07/2026 03:03:03 PM - NavigationBasePageMenuMap - INFO: Element is present with locator: //div[@class='w2ui-field-helper w2ui-list']/following-sibling::input[@placeholder='Select a Status'] locatorType: xpath
07/07/2026 03:03:03 PM - NavigationBasePageMenuMap - INFO: waiting for max :: 10:: second for the element
07/07/2026 03:03:03 PM - NavigationBasePageMenuMap - INFO: Element did not appeard on the webpage ://div[@class='w2ui-field-helper w2ui-list']/following-sibling::input[@placeholder='Select a Status']
07/07/2026 03:03:03 PM - NavigationBasePageMenuMap - ERROR: Element is not displayed
07/07/2026 03:03:03 PM - NavigationBasePageMenuMap - INFO: Element found with locator : //div[@class='w2ui-field-helper w2ui-list']/following-sibling::input[@placeholder='Select a Status']and locatortype : xpath
07/07/2026 03:03:03 PM - NavigationBasePageMenuMap - INFO: Element exists on the page with locator : //div[@class='w2ui-field-helper w2ui-list']/following-sibling::input[@placeholder='Select a Status']
07/07/2026 03:03:03 PM - NavigationBasePageMenuMap - INFO: Element found with locator : //div[@class='w2ui-field-helper w2ui-list']/following-sibling::input[@placeholder='Select a Status']and locatortype : xpath
07/07/2026 03:03:04 PM - NavigationBasePageMenuMap - ERROR: Cannot click on the element with locator: //div[@class='w2ui-field-helper w2ui-list']/following-sibling::input[@placeholder='Select a Status'] locatorType: xpath
07/07/2026 03:03:04 PM - NavigationBasePageMenuMap - INFO: waiting for max :: 10:: second for the element
07/07/2026 03:03:04 PM - NavigationBasePageMenuMap - INFO: Element did not appeard on the webpage ://div[@class='w2ui-field-helper w2ui-list']/following-sibling::input[@placeholder='Select a Status']
07/07/2026 03:03:04 PM - NavigationBasePageMenuMap - INFO: Element found with locator : //div[@class='w2ui-field-helper w2ui-list']/following-sibling::input[@placeholder='Select a Status']and locatortype : xpath
07/07/2026 03:03:06 PM - NavigationBasePageMenuMap - INFO: Cannot send data on the element with locator: //div[@class='w2ui-field-helper w2ui-list']/following-sibling::input[@placeholder='Select a Status'] locatorType: xpath
07/07/2026 03:03:06 PM - NavigationBasePageMenuMap - INFO: waiting for max :: 10:: second for the element
07/07/2026 03:03:06 PM - NavigationBasePageMenuMap - INFO: Element did not appeard on the webpage ://input[@placeholder='Select a Status']
07/07/2026 03:03:06 PM - NavigationBasePageMenuMap - INFO: Element found with locator : //input[@placeholder='Select a Status']and locatortype : xpath
07/07/2026 03:03:07 PM - NavigationBasePageMenuMap - INFO: Cannot send data on the element with locator: //input[@placeholder='Select a Status'] locatorType: xpath
07/07/2026 03:03:07 PM - NavigationBasePageMenuMap - INFO: Element list found with locator: //div[@id='w2overlay-grid_BlkInventory-Table_field_1_menu']//div[@class='menu-text'] and locatorType: xpath
07/07/2026 03:03:07 PM - NavigationBasePageMenuMap - INFO: Element found with locator : //div[@class='w2ui-field-helper w2ui-list']/following-sibling::input[@placeholder='Select a Source']and locatortype : xpath
07/07/2026 03:03:07 PM - NavigationBasePageMenuMap - ERROR: Element is not displayed
07/07/2026 03:03:07 PM - NavigationBasePageMenuMap - INFO: Element found with locator : //div[@class='w2ui-field-helper w2ui-list']/following-sibling::input[@placeholder='Select a Source']and locatortype : xpath
07/07/2026 03:03:07 PM - NavigationBasePageMenuMap - INFO: Element is present with locator: //div[@class='w2ui-field-helper w2ui-list']/following-sibling::input[@placeholder='Select a Source'] locatorType: xpath
07/07/2026 03:03:07 PM - NavigationBasePageMenuMap - INFO: waiting for max :: 10:: second for the element
07/07/2026 03:03:07 PM - NavigationBasePageMenuMap - INFO: Element did not appeard on the webpage ://div[@class='w2ui-field-helper w2ui-list']/following-sibling::input[@placeholder='Select a Source']
07/07/2026 03:03:07 PM - NavigationBasePageMenuMap - ERROR: Element is not displayed
07/07/2026 03:03:07 PM - NavigationBasePageMenuMap - INFO: Element found with locator : //div[@class='w2ui-field-helper w2ui-list']/following-sibling::input[@placeholder='Select a Source']and locatortype : xpath
07/07/2026 03:03:07 PM - NavigationBasePageMenuMap - INFO: Element exists on the page with locator : //div[@class='w2ui-field-helper w2ui-list']/following-sibling::input[@placeholder='Select a Source']
07/07/2026 03:03:07 PM - NavigationBasePageMenuMap - INFO: Element found with locator : //div[@class='w2ui-field-helper w2ui-list']/following-sibling::input[@placeholder='Select a Source']and locatortype : xpath
07/07/2026 03:03:08 PM - NavigationBasePageMenuMap - ERROR: Cannot click on the element with locator: //div[@class='w2ui-field-helper w2ui-list']/following-sibling::input[@placeholder='Select a Source'] locatorType: xpath
07/07/2026 03:03:08 PM - NavigationBasePageMenuMap - INFO: waiting for max :: 10:: second for the element
07/07/2026 03:03:08 PM - NavigationBasePageMenuMap - INFO: Element did not appeard on the webpage ://div[@class='w2ui-field-helper w2ui-list']/following-sibling::input[@placeholder='Select a Source']
07/07/2026 03:03:08 PM - NavigationBasePageMenuMap - INFO: Element found with locator : //div[@class='w2ui-field-helper w2ui-list']/following-sibling::input[@placeholder='Select a Source']and locatortype : xpath
07/07/2026 03:03:10 PM - NavigationBasePageMenuMap - INFO: Cannot send data on the element with locator: //div[@class='w2ui-field-helper w2ui-list']/following-sibling::input[@placeholder='Select a Source'] locatorType: xpath
07/07/2026 03:03:10 PM - NavigationBasePageMenuMap - INFO: waiting for max :: 10:: second for the element
07/07/2026 03:03:10 PM - NavigationBasePageMenuMap - INFO: Element did not appeard on the webpage ://input[@placeholder='Select a Source']
07/07/2026 03:03:10 PM - NavigationBasePageMenuMap - INFO: Element found with locator : //input[@placeholder='Select a Source']and locatortype : xpath
07/07/2026 03:03:11 PM - NavigationBasePageMenuMap - INFO: Cannot send data on the element with locator: //input[@placeholder='Select a Source'] locatorType: xpath
07/07/2026 03:03:11 PM - NavigationBasePageMenuMap - INFO: Element list found with locator: //div[@id='w2overlay-grid_BlkInventory-Table_field_5_menu']//div[@class='menu-text'] and locatorType: xpath
07/07/2026 03:03:18 PM - NavigationBasePageMenuMap - INFO: waiting for max :: 10:: second for the element
07/07/2026 03:03:18 PM - NavigationBasePageMenuMap - INFO: Element did not appeard on the webpage ://div[@id='grid_BlkInventory-Table_columns']/table/tbody/tr/td//div[2][contains(normalize-space(.), 'Effective Date')]
07/07/2026 03:03:18 PM - NavigationBasePageMenuMap - ERROR: Element is not displayed
07/07/2026 03:03:18 PM - NavigationBasePageMenuMap - INFO: Element found with locator : //div[@id='grid_BlkInventory-Table_columns']/table/tbody/tr/td//div[2][contains(normalize-space(.), 'Effective Date')]and locatortype : xpath
07/07/2026 03:03:18 PM - NavigationBasePageMenuMap - INFO: Element exists on the page with locator : //div[@id='grid_BlkInventory-Table_columns']/table/tbody/tr/td//div[2][contains(normalize-space(.), 'Effective Date')]
07/07/2026 03:03:18 PM - NavigationBasePageMenuMap - INFO: Element found with locator : //div[@id='grid_BlkInventory-Table_columns']/table/tbody/tr/td//div[2][contains(normalize-space(.), 'Effective Date')]and locatortype : xpath
07/07/2026 03:03:18 PM - NavigationBasePageMenuMap - INFO: Clicked on element with locator: //div[@id='grid_BlkInventory-Table_columns']/table/tbody/tr/td//div[2][contains(normalize-space(.), 'Effective Date')] locatorType: xpath
07/07/2026 03:03:20 PM - NavigationBasePageMenuMap - INFO: waiting for max :: 10:: second for the element
07/07/2026 03:03:20 PM - NavigationBasePageMenuMap - INFO: Element did not appeard on the webpage ://div[@id='grid_BlkInventory-Table_columns']/table/tbody/tr/td//div[2][contains(normalize-space(.), 'Effective Date')]
07/07/2026 03:03:20 PM - NavigationBasePageMenuMap - ERROR: Element is not displayed
07/07/2026 03:03:20 PM - NavigationBasePageMenuMap - INFO: Element found with locator : //div[@id='grid_BlkInventory-Table_columns']/table/tbody/tr/td//div[2][contains(normalize-space(.), 'Effective Date')]and locatortype : xpath
07/07/2026 03:03:20 PM - NavigationBasePageMenuMap - INFO: Element exists on the page with locator : //div[@id='grid_BlkInventory-Table_columns']/table/tbody/tr/td//div[2][contains(normalize-space(.), 'Effective Date')]
07/07/2026 03:03:21 PM - NavigationBasePageMenuMap - INFO: Element found with locator : //div[@id='grid_BlkInventory-Table_columns']/table/tbody/tr/td//div[2][contains(normalize-space(.), 'Effective Date')]and locatortype : xpath
07/07/2026 03:03:22 PM - NavigationBasePageMenuMap - ERROR: Cannot click on the element with locator: //div[@id='grid_BlkInventory-Table_columns']/table/tbody/tr/td//div[2][contains(normalize-space(.), 'Effective Date')] locatorType: xpath
07/07/2026 03:03:24 PM - NavigationBasePageMenuMap - INFO: waiting for max :: 10:: second for the element
07/07/2026 03:03:24 PM - NavigationBasePageMenuMap - INFO: Element did not appeard on the webpage ://div[@id='grid_BlkInventory-Table_columns']/table/tbody/tr/td//div[2][contains(normalize-space(.), 'Effective Date')]
07/07/2026 03:03:24 PM - NavigationBasePageMenuMap - ERROR: Element is not displayed
07/07/2026 03:03:24 PM - NavigationBasePageMenuMap - INFO: Element found with locator : //div[@id='grid_BlkInventory-Table_columns']/table/tbody/tr/td//div[2][contains(normalize-space(.), 'Effective Date')]and locatortype : xpath
07/07/2026 03:03:24 PM - NavigationBasePageMenuMap - INFO: Element exists on the page with locator : //div[@id='grid_BlkInventory-Table_columns']/table/tbody/tr/td//div[2][contains(normalize-space(.), 'Effective Date')]
07/07/2026 03:03:24 PM - NavigationBasePageMenuMap - INFO: Element found with locator : //div[@id='grid_BlkInventory-Table_columns']/table/tbody/tr/td//div[2][contains(normalize-space(.), 'Effective Date')]and locatortype : xpath
07/07/2026 03:03:24 PM - NavigationBasePageMenuMap - INFO: Clicked on element with locator: //div[@id='grid_BlkInventory-Table_columns']/table/tbody/tr/td//div[2][contains(normalize-space(.), 'Effective Date')] locatorType: xpath
07/07/2026 03:03:29 PM - NavigationBasePageMenuMap - INFO: waiting for max :: 10:: second for the element
07/07/2026 03:03:29 PM - NavigationBasePageMenuMap - INFO: Element did not appeard on the webpage ://button[@id="BlockDashboard-close"]/i
07/07/2026 03:03:29 PM - NavigationBasePageMenuMap - ERROR: Element is not displayed
07/07/2026 03:03:29 PM - NavigationBasePageMenuMap - INFO: Element found with locator : //button[@id="BlockDashboard-close"]/iand locatortype : xpath
07/07/2026 03:03:29 PM - NavigationBasePageMenuMap - INFO: Element exists on the page with locator : //button[@id="BlockDashboard-close"]/i
07/07/2026 03:03:29 PM - NavigationBasePageMenuMap - INFO: Element found with locator : //button[@id="BlockDashboard-close"]/iand locatortype : xpath
07/07/2026 03:03:29 PM - NavigationBasePageMenuMap - INFO: Clicked on element with locator: //button[@id="BlockDashboard-close"]/i locatorType: xpath
07/07/2026 03:03:33 PM - NavigationBasePageMenuMap - INFO: waiting for max :: 10:: second for the element
07/07/2026 03:03:33 PM - NavigationBasePageMenuMap - INFO: Element did not appeard on the webpage ://a[@id="inventory"]
07/07/2026 03:03:33 PM - NavigationBasePageMenuMap - ERROR: Element is not displayed
07/07/2026 03:03:33 PM - NavigationBasePageMenuMap - INFO: Element found with locator : //a[@id="inventory"]and locatortype : xpath
07/07/2026 03:03:33 PM - NavigationBasePageMenuMap - INFO: Element exists on the page with locator : //a[@id="inventory"]
07/07/2026 03:03:33 PM - NavigationBasePageMenuMap - INFO: Element found with locator : //a[@id="inventory"]and locatortype : xpath
07/07/2026 03:03:33 PM - NavigationBasePageMenuMap - INFO: Clicked on element with locator: //a[@id="inventory"] locatorType: xpath
07/07/2026 03:03:33 PM - NavigationBasePageMenuMap - INFO: waiting for max :: 10:: second for the element
07/07/2026 03:03:33 PM - NavigationBasePageMenuMap - INFO: Element did not appeard on the webpage ://a[contains(text(),"Block Dashboard")]
07/07/2026 03:03:33 PM - NavigationBasePageMenuMap - ERROR: Element is not displayed
07/07/2026 03:03:33 PM - NavigationBasePageMenuMap - INFO: Element found with locator : //a[contains(text(),"Block Dashboard")]and locatortype : xpath
07/07/2026 03:03:33 PM - NavigationBasePageMenuMap - INFO: Element exists on the page with locator : //a[contains(text(),"Block Dashboard")]
07/07/2026 03:03:33 PM - NavigationBasePageMenuMap - INFO: Element found with locator : //a[contains(text(),"Block Dashboard")]and locatortype : xpath
07/07/2026 03:03:34 PM - NavigationBasePageMenuMap - INFO: Clicked on element with locator: //a[contains(text(),"Block Dashboard")] locatorType: xpath
07/07/2026 03:03:36 PM - NavigationBasePageMenuMap - INFO: waiting for max :: 10:: second for the element
07/07/2026 03:03:36 PM - NavigationBasePageMenuMap - INFO: Element did not appeard on the webpage ://button[@id="BlockDashboard-maximize"]
07/07/2026 03:03:36 PM - NavigationBasePageMenuMap - ERROR: Element is not displayed
07/07/2026 03:03:36 PM - NavigationBasePageMenuMap - INFO: Element found with locator : //button[@id="BlockDashboard-maximize"]and locatortype : xpath
07/07/2026 03:03:36 PM - NavigationBasePageMenuMap - INFO: Element exists on the page with locator : //button[@id="BlockDashboard-maximize"]
07/07/2026 03:03:36 PM - NavigationBasePageMenuMap - INFO: Element found with locator : //button[@id="BlockDashboard-maximize"]and locatortype : xpath
07/07/2026 03:03:37 PM - NavigationBasePageMenuMap - ERROR: Cannot click on the element with locator: //button[@id="BlockDashboard-maximize"] locatorType: xpath
07/07/2026 03:03:39 PM - NavigationBasePageMenuMap - INFO: Element found with locator : //div[@data-click='searchOpen']and locatortype : xpath
07/07/2026 03:03:39 PM - NavigationBasePageMenuMap - ERROR: Element is not displayed
07/07/2026 03:03:39 PM - NavigationBasePageMenuMap - INFO: Element found with locator : //div[@data-click='searchOpen']and locatortype : xpath
07/07/2026 03:03:39 PM - NavigationBasePageMenuMap - INFO: Element is present with locator: //div[@data-click='searchOpen'] locatorType: xpath
07/07/2026 03:03:39 PM - NavigationBasePageMenuMap - INFO: Element found with locator : //div[@data-click='searchOpen']and locatortype : xpath
07/07/2026 03:03:39 PM - NavigationBasePageMenuMap - INFO: Element exists on the page with locator : //div[@data-click='searchOpen']
07/07/2026 03:03:39 PM - NavigationBasePageMenuMap - INFO: waiting for max :: 10:: second for the element
07/07/2026 03:03:39 PM - NavigationBasePageMenuMap - INFO: Element did not appeard on the webpage ://div[@data-click='searchOpen']
07/07/2026 03:03:39 PM - NavigationBasePageMenuMap - ERROR: Element is not displayed
07/07/2026 03:03:39 PM - NavigationBasePageMenuMap - INFO: Element found with locator : //div[@data-click='searchOpen']and locatortype : xpath
07/07/2026 03:03:39 PM - NavigationBasePageMenuMap - INFO: Element exists on the page with locator : //div[@data-click='searchOpen']
07/07/2026 03:03:39 PM - NavigationBasePageMenuMap - INFO: Element found with locator : //div[@data-click='searchOpen']and locatortype : xpath
07/07/2026 03:03:39 PM - NavigationBasePageMenuMap - INFO: Clicked on element with locator: //div[@data-click='searchOpen'] locatorType: xpath
07/07/2026 03:03:41 PM - NavigationBasePageMenuMap - INFO: Element found with locator : //div[@class='w2ui-field-helper w2ui-list']/following-sibling::input[@placeholder='Select a Status']and locatortype : xpath
07/07/2026 03:03:41 PM - NavigationBasePageMenuMap - ERROR: Element is not displayed
07/07/2026 03:03:41 PM - NavigationBasePageMenuMap - INFO: Element found with locator : //div[@class='w2ui-field-helper w2ui-list']/following-sibling::input[@placeholder='Select a Status']and locatortype : xpath
07/07/2026 03:03:41 PM - NavigationBasePageMenuMap - INFO: Element is present with locator: //div[@class='w2ui-field-helper w2ui-list']/following-sibling::input[@placeholder='Select a Status'] locatorType: xpath
07/07/2026 03:03:41 PM - NavigationBasePageMenuMap - INFO: waiting for max :: 10:: second for the element
07/07/2026 03:03:41 PM - NavigationBasePageMenuMap - INFO: Element did not appeard on the webpage ://div[@class='w2ui-field-helper w2ui-list']/following-sibling::input[@placeholder='Select a Status']
07/07/2026 03:03:41 PM - NavigationBasePageMenuMap - ERROR: Element is not displayed
07/07/2026 03:03:41 PM - NavigationBasePageMenuMap - INFO: Element found with locator : //div[@class='w2ui-field-helper w2ui-list']/following-sibling::input[@placeholder='Select a Status']and locatortype : xpath
07/07/2026 03:03:41 PM - NavigationBasePageMenuMap - INFO: Element exists on the page with locator : //div[@class='w2ui-field-helper w2ui-list']/following-sibling::input[@placeholder='Select a Status']
07/07/2026 03:03:41 PM - NavigationBasePageMenuMap - INFO: Element found with locator : //div[@class='w2ui-field-helper w2ui-list']/following-sibling::input[@placeholder='Select a Status']and locatortype : xpath
07/07/2026 03:03:42 PM - NavigationBasePageMenuMap - ERROR: Cannot click on the element with locator: //div[@class='w2ui-field-helper w2ui-list']/following-sibling::input[@placeholder='Select a Status'] locatorType: xpath
07/07/2026 03:03:42 PM - NavigationBasePageMenuMap - INFO: waiting for max :: 10:: second for the element
07/07/2026 03:03:42 PM - NavigationBasePageMenuMap - INFO: Element did not appeard on the webpage ://div[@class='w2ui-field-helper w2ui-list']/following-sibling::input[@placeholder='Select a Status']
07/07/2026 03:03:42 PM - NavigationBasePageMenuMap - INFO: Element found with locator : //div[@class='w2ui-field-helper w2ui-list']/following-sibling::input[@placeholder='Select a Status']and locatortype : xpath
07/07/2026 03:03:43 PM - NavigationBasePageMenuMap - INFO: Cannot send data on the element with locator: //div[@class='w2ui-field-helper w2ui-list']/following-sibling::input[@placeholder='Select a Status'] locatorType: xpath
07/07/2026 03:03:43 PM - NavigationBasePageMenuMap - INFO: waiting for max :: 10:: second for the element
07/07/2026 03:03:43 PM - NavigationBasePageMenuMap - INFO: Element did not appeard on the webpage ://input[@placeholder='Select a Status']
07/07/2026 03:03:43 PM - NavigationBasePageMenuMap - INFO: Element found with locator : //input[@placeholder='Select a Status']and locatortype : xpath
07/07/2026 03:03:45 PM - NavigationBasePageMenuMap - INFO: Cannot send data on the element with locator: //input[@placeholder='Select a Status'] locatorType: xpath
07/07/2026 03:03:45 PM - NavigationBasePageMenuMap - INFO: Element list found with locator: //div[@id='w2overlay-grid_BlkInventory-Table_field_1_menu']//div[@class='menu-text'] and locatorType: xpath
07/07/2026 03:03:45 PM - NavigationBasePageMenuMap - INFO: Element found with locator : //div[@class='w2ui-field-helper w2ui-list']/following-sibling::input[@placeholder='Select a Source']and locatortype : xpath
07/07/2026 03:03:45 PM - NavigationBasePageMenuMap - ERROR: Element is not displayed
07/07/2026 03:03:45 PM - NavigationBasePageMenuMap - INFO: Element found with locator : //div[@class='w2ui-field-helper w2ui-list']/following-sibling::input[@placeholder='Select a Source']and locatortype : xpath
07/07/2026 03:03:45 PM - NavigationBasePageMenuMap - INFO: Element is present with locator: //div[@class='w2ui-field-helper w2ui-list']/following-sibling::input[@placeholder='Select a Source'] locatorType: xpath
07/07/2026 03:03:45 PM - NavigationBasePageMenuMap - INFO: waiting for max :: 10:: second for the element
07/07/2026 03:03:45 PM - NavigationBasePageMenuMap - INFO: Element did not appeard on the webpage ://div[@class='w2ui-field-helper w2ui-list']/following-sibling::input[@placeholder='Select a Source']
07/07/2026 03:03:45 PM - NavigationBasePageMenuMap - ERROR: Element is not displayed
07/07/2026 03:03:45 PM - NavigationBasePageMenuMap - INFO: Element found with locator : //div[@class='w2ui-field-helper w2ui-list']/following-sibling::input[@placeholder='Select a Source']and locatortype : xpath
07/07/2026 03:03:45 PM - NavigationBasePageMenuMap - INFO: Element exists on the page with locator : //div[@class='w2ui-field-helper w2ui-list']/following-sibling::input[@placeholder='Select a Source']
07/07/2026 03:03:45 PM - NavigationBasePageMenuMap - INFO: Element found with locator : //div[@class='w2ui-field-helper w2ui-list']/following-sibling::input[@placeholder='Select a Source']and locatortype : xpath
07/07/2026 03:03:46 PM - NavigationBasePageMenuMap - ERROR: Cannot click on the element with locator: //div[@class='w2ui-field-helper w2ui-list']/following-sibling::input[@placeholder='Select a Source'] locatorType: xpath
07/07/2026 03:03:46 PM - NavigationBasePageMenuMap - INFO: waiting for max :: 10:: second for the element
07/07/2026 03:03:46 PM - NavigationBasePageMenuMap - INFO: Element did not appeard on the webpage ://div[@class='w2ui-field-helper w2ui-list']/following-sibling::input[@placeholder='Select a Source']
07/07/2026 03:03:46 PM - NavigationBasePageMenuMap - INFO: Element found with locator : //div[@class='w2ui-field-helper w2ui-list']/following-sibling::input[@placeholder='Select a Source']and locatortype : xpath
07/07/2026 03:03:47 PM - NavigationBasePageMenuMap - INFO: Cannot send data on the element with locator: //div[@class='w2ui-field-helper w2ui-list']/following-sibling::input[@placeholder='Select a Source'] locatorType: xpath
07/07/2026 03:03:47 PM - NavigationBasePageMenuMap - INFO: waiting for max :: 10:: second for the element
07/07/2026 03:03:48 PM - NavigationBasePageMenuMap - INFO: Element did not appeard on the webpage ://input[@placeholder='Select a Source']
07/07/2026 03:03:48 PM - NavigationBasePageMenuMap - INFO: Element found with locator : //input[@placeholder='Select a Source']and locatortype : xpath
07/07/2026 03:03:49 PM - NavigationBasePageMenuMap - INFO: Cannot send data on the element with locator: //input[@placeholder='Select a Source'] locatorType: xpath
07/07/2026 03:03:49 PM - NavigationBasePageMenuMap - INFO: Element list found with locator: //div[@id='w2overlay-grid_BlkInventory-Table_field_5_menu']//div[@class='menu-text'] and locatorType: xpath
07/07/2026 03:03:56 PM - NavigationBasePageMenuMap - INFO: waiting for max :: 10:: second for the element
07/07/2026 03:03:56 PM - NavigationBasePageMenuMap - INFO: Element did not appeard on the webpage ://div[@id='grid_BlkInventory-Table_columns']/table/tbody/tr/td//div[2][contains(normalize-space(.), 'Effective Date')]
07/07/2026 03:03:56 PM - NavigationBasePageMenuMap - ERROR: Element is not displayed
07/07/2026 03:03:56 PM - NavigationBasePageMenuMap - INFO: Element found with locator : //div[@id='grid_BlkInventory-Table_columns']/table/tbody/tr/td//div[2][contains(normalize-space(.), 'Effective Date')]and locatortype : xpath
07/07/2026 03:03:56 PM - NavigationBasePageMenuMap - INFO: Element exists on the page with locator : //div[@id='grid_BlkInventory-Table_columns']/table/tbody/tr/td//div[2][contains(normalize-space(.), 'Effective Date')]
07/07/2026 03:03:56 PM - NavigationBasePageMenuMap - INFO: Element found with locator : //div[@id='grid_BlkInventory-Table_columns']/table/tbody/tr/td//div[2][contains(normalize-space(.), 'Effective Date')]and locatortype : xpath
07/07/2026 03:03:57 PM - NavigationBasePageMenuMap - INFO: Clicked on element with locator: //div[@id='grid_BlkInventory-Table_columns']/table/tbody/tr/td//div[2][contains(normalize-space(.), 'Effective Date')] locatorType: xpath
07/07/2026 03:03:59 PM - NavigationBasePageMenuMap - INFO: waiting for max :: 10:: second for the element
07/07/2026 03:03:59 PM - NavigationBasePageMenuMap - INFO: Element did not appeard on the webpage ://div[@id='grid_BlkInventory-Table_columns']/table/tbody/tr/td//div[2][contains(normalize-space(.), 'Effective Date')]
07/07/2026 03:03:59 PM - NavigationBasePageMenuMap - ERROR: Element is not displayed
07/07/2026 03:03:59 PM - NavigationBasePageMenuMap - INFO: Element found with locator : //div[@id='grid_BlkInventory-Table_columns']/table/tbody/tr/td//div[2][contains(normalize-space(.), 'Effective Date')]and locatortype : xpath
07/07/2026 03:03:59 PM - NavigationBasePageMenuMap - INFO: Element exists on the page with locator : //div[@id='grid_BlkInventory-Table_columns']/table/tbody/tr/td//div[2][contains(normalize-space(.), 'Effective Date')]
07/07/2026 03:03:59 PM - NavigationBasePageMenuMap - INFO: Element found with locator : //div[@id='grid_BlkInventory-Table_columns']/table/tbody/tr/td//div[2][contains(normalize-space(.), 'Effective Date')]and locatortype : xpath
07/07/2026 03:03:59 PM - NavigationBasePageMenuMap - INFO: Clicked on element with locator: //div[@id='grid_BlkInventory-Table_columns']/table/tbody/tr/td//div[2][contains(normalize-space(.), 'Effective Date')] locatorType: xpath
07/07/2026 03:04:01 PM - NavigationBasePageMenuMap - INFO: waiting for max :: 10:: second for the element
07/07/2026 03:04:02 PM - NavigationBasePageMenuMap - INFO: Element did not appeard on the webpage ://div[@id='grid_BlkInventory-Table_columns']/table/tbody/tr/td//div[2][contains(normalize-space(.), 'Effective Date')]
07/07/2026 03:04:02 PM - NavigationBasePageMenuMap - ERROR: Element is not displayed
07/07/2026 03:04:02 PM - NavigationBasePageMenuMap - INFO: Element found with locator : //div[@id='grid_BlkInventory-Table_columns']/table/tbody/tr/td//div[2][contains(normalize-space(.), 'Effective Date')]and locatortype : xpath
07/07/2026 03:04:02 PM - NavigationBasePageMenuMap - INFO: Element exists on the page with locator : //div[@id='grid_BlkInventory-Table_columns']/table/tbody/tr/td//div[2][contains(normalize-space(.), 'Effective Date')]
07/07/2026 03:04:02 PM - NavigationBasePageMenuMap - INFO: Element found with locator : //div[@id='grid_BlkInventory-Table_columns']/table/tbody/tr/td//div[2][contains(normalize-space(.), 'Effective Date')]and locatortype : xpath
07/07/2026 03:04:02 PM - NavigationBasePageMenuMap - INFO: Clicked on element with locator: //div[@id='grid_BlkInventory-Table_columns']/table/tbody/tr/td//div[2][contains(normalize-space(.), 'Effective Date')] locatorType: xpath
07/07/2026 03:04:07 PM - NavigationBasePageMenuMap - INFO: waiting for max :: 10:: second for the element
07/07/2026 03:04:07 PM - NavigationBasePageMenuMap - INFO: Element did not appeard on the webpage ://button[@id="BlockDashboard-close"]/i
07/07/2026 03:04:07 PM - NavigationBasePageMenuMap - ERROR: Element is not displayed
07/07/2026 03:04:07 PM - NavigationBasePageMenuMap - INFO: Element found with locator : //button[@id="BlockDashboard-close"]/iand locatortype : xpath
07/07/2026 03:04:07 PM - NavigationBasePageMenuMap - INFO: Element exists on the page with locator : //button[@id="BlockDashboard-close"]/i
07/07/2026 03:04:07 PM - NavigationBasePageMenuMap - INFO: Element found with locator : //button[@id="BlockDashboard-close"]/iand locatortype : xpath
07/07/2026 03:04:08 PM - NavigationBasePageMenuMap - INFO: Clicked on element with locator: //button[@id="BlockDashboard-close"]/i locatorType: xpath
07/07/2026 03:04:12 PM - NavigationBasePageMenuMap - INFO: waiting for max :: 10:: second for the element
07/07/2026 03:04:12 PM - NavigationBasePageMenuMap - INFO: Element did not appeard on the webpage ://a[@id="inventory"]
07/07/2026 03:04:12 PM - NavigationBasePageMenuMap - ERROR: Element is not displayed
07/07/2026 03:04:12 PM - NavigationBasePageMenuMap - INFO: Element found with locator : //a[@id="inventory"]and locatortype : xpath
07/07/2026 03:04:12 PM - NavigationBasePageMenuMap - INFO: Element exists on the page with locator : //a[@id="inventory"]
07/07/2026 03:04:12 PM - NavigationBasePageMenuMap - INFO: Element found with locator : //a[@id="inventory"]and locatortype : xpath
07/07/2026 03:04:12 PM - NavigationBasePageMenuMap - INFO: Clicked on element with locator: //a[@id="inventory"] locatorType: xpath
07/07/2026 03:04:12 PM - NavigationBasePageMenuMap - INFO: waiting for max :: 10:: second for the element
07/07/2026 03:04:12 PM - NavigationBasePageMenuMap - INFO: Element did not appeard on the webpage ://a[contains(text(),"Block Dashboard")]
07/07/2026 03:04:12 PM - NavigationBasePageMenuMap - ERROR: Element is not displayed
07/07/2026 03:04:12 PM - NavigationBasePageMenuMap - INFO: Element found with locator : //a[contains(text(),"Block Dashboard")]and locatortype : xpath
07/07/2026 03:04:12 PM - NavigationBasePageMenuMap - INFO: Element exists on the page with locator : //a[contains(text(),"Block Dashboard")]
07/07/2026 03:04:12 PM - NavigationBasePageMenuMap - INFO: Element found with locator : //a[contains(text(),"Block Dashboard")]and locatortype : xpath
07/07/2026 03:04:12 PM - NavigationBasePageMenuMap - INFO: Clicked on element with locator: //a[contains(text(),"Block Dashboard")] locatorType: xpath
07/07/2026 03:04:14 PM - NavigationBasePageMenuMap - INFO: waiting for max :: 10:: second for the element
07/07/2026 03:04:14 PM - NavigationBasePageMenuMap - INFO: Element did not appeard on the webpage ://button[@id="BlockDashboard-maximize"]
07/07/2026 03:04:14 PM - NavigationBasePageMenuMap - ERROR: Element is not displayed
07/07/2026 03:04:14 PM - NavigationBasePageMenuMap - INFO: Element found with locator : //button[@id="BlockDashboard-maximize"]and locatortype : xpath
07/07/2026 03:04:14 PM - NavigationBasePageMenuMap - INFO: Element exists on the page with locator : //button[@id="BlockDashboard-maximize"]
07/07/2026 03:04:14 PM - NavigationBasePageMenuMap - INFO: Element found with locator : //button[@id="BlockDashboard-maximize"]and locatortype : xpath
07/07/2026 03:04:15 PM - NavigationBasePageMenuMap - ERROR: Cannot click on the element with locator: //button[@id="BlockDashboard-maximize"] locatorType: xpath
07/07/2026 03:04:17 PM - NavigationBasePageMenuMap - INFO: Element found with locator : //div[@data-click='searchOpen']and locatortype : xpath
07/07/2026 03:04:17 PM - NavigationBasePageMenuMap - ERROR: Element is not displayed
07/07/2026 03:04:17 PM - NavigationBasePageMenuMap - INFO: Element found with locator : //div[@data-click='searchOpen']and locatortype : xpath
07/07/2026 03:04:17 PM - NavigationBasePageMenuMap - INFO: Element is present with locator: //div[@data-click='searchOpen'] locatorType: xpath
07/07/2026 03:04:17 PM - NavigationBasePageMenuMap - INFO: Element found with locator : //div[@data-click='searchOpen']and locatortype : xpath
07/07/2026 03:04:17 PM - NavigationBasePageMenuMap - INFO: Element exists on the page with locator : //div[@data-click='searchOpen']
07/07/2026 03:04:17 PM - NavigationBasePageMenuMap - INFO: waiting for max :: 10:: second for the element
07/07/2026 03:04:17 PM - NavigationBasePageMenuMap - INFO: Element did not appeard on the webpage ://div[@data-click='searchOpen']
07/07/2026 03:04:17 PM - NavigationBasePageMenuMap - ERROR: Element is not displayed
07/07/2026 03:04:17 PM - NavigationBasePageMenuMap - INFO: Element found with locator : //div[@data-click='searchOpen']and locatortype : xpath
07/07/2026 03:04:17 PM - NavigationBasePageMenuMap - INFO: Element exists on the page with locator : //div[@data-click='searchOpen']
07/07/2026 03:04:17 PM - NavigationBasePageMenuMap - INFO: Element found with locator : //div[@data-click='searchOpen']and locatortype : xpath
07/07/2026 03:04:18 PM - NavigationBasePageMenuMap - INFO: Clicked on element with locator: //div[@data-click='searchOpen'] locatorType: xpath
07/07/2026 03:04:20 PM - NavigationBasePageMenuMap - INFO: Element found with locator : //div[@class='w2ui-field-helper w2ui-list']/following-sibling::input[@placeholder='Select a Status']and locatortype : xpath
07/07/2026 03:04:20 PM - NavigationBasePageMenuMap - ERROR: Element is not displayed
07/07/2026 03:04:20 PM - NavigationBasePageMenuMap - INFO: Element found with locator : //div[@class='w2ui-field-helper w2ui-list']/following-sibling::input[@placeholder='Select a Status']and locatortype : xpath
07/07/2026 03:04:20 PM - NavigationBasePageMenuMap - INFO: Element is present with locator: //div[@class='w2ui-field-helper w2ui-list']/following-sibling::input[@placeholder='Select a Status'] locatorType: xpath
07/07/2026 03:04:20 PM - NavigationBasePageMenuMap - INFO: waiting for max :: 10:: second for the element
07/07/2026 03:04:20 PM - NavigationBasePageMenuMap - INFO: Element did not appeard on the webpage ://div[@class='w2ui-field-helper w2ui-list']/following-sibling::input[@placeholder='Select a Status']
07/07/2026 03:04:20 PM - NavigationBasePageMenuMap - ERROR: Element is not displayed
07/07/2026 03:04:20 PM - NavigationBasePageMenuMap - INFO: Element found with locator : //div[@class='w2ui-field-helper w2ui-list']/following-sibling::input[@placeholder='Select a Status']and locatortype : xpath
07/07/2026 03:04:20 PM - NavigationBasePageMenuMap - INFO: Element exists on the page with locator : //div[@class='w2ui-field-helper w2ui-list']/following-sibling::input[@placeholder='Select a Status']
07/07/2026 03:04:20 PM - NavigationBasePageMenuMap - INFO: Element found with locator : //div[@class='w2ui-field-helper w2ui-list']/following-sibling::input[@placeholder='Select a Status']and locatortype : xpath
07/07/2026 03:04:21 PM - NavigationBasePageMenuMap - ERROR: Cannot click on the element with locator: //div[@class='w2ui-field-helper w2ui-list']/following-sibling::input[@placeholder='Select a Status'] locatorType: xpath
07/07/2026 03:04:21 PM - NavigationBasePageMenuMap - INFO: waiting for max :: 10:: second for the element
07/07/2026 03:04:21 PM - NavigationBasePageMenuMap - INFO: Element did not appeard on the webpage ://div[@class='w2ui-field-helper w2ui-list']/following-sibling::input[@placeholder='Select a Status']
07/07/2026 03:04:21 PM - NavigationBasePageMenuMap - INFO: Element found with locator : //div[@class='w2ui-field-helper w2ui-list']/following-sibling::input[@placeholder='Select a Status']and locatortype : xpath
07/07/2026 03:04:22 PM - NavigationBasePageMenuMap - INFO: Cannot send data on the element with locator: //div[@class='w2ui-field-helper w2ui-list']/following-sibling::input[@placeholder='Select a Status'] locatorType: xpath
07/07/2026 03:04:22 PM - NavigationBasePageMenuMap - INFO: waiting for max :: 10:: second for the element
07/07/2026 03:04:22 PM - NavigationBasePageMenuMap - INFO: Element did not appeard on the webpage ://input[@placeholder='Select a Status']
07/07/2026 03:04:22 PM - NavigationBasePageMenuMap - INFO: Element found with locator : //input[@placeholder='Select a Status']and locatortype : xpath
07/07/2026 03:04:23 PM - NavigationBasePageMenuMap - INFO: Cannot send data on the element with locator: //input[@placeholder='Select a Status'] locatorType: xpath
07/07/2026 03:04:23 PM - NavigationBasePageMenuMap - INFO: Element list found with locator: //div[@id='w2overlay-grid_BlkInventory-Table_field_1_menu']//div[@class='menu-text'] and locatorType: xpath
07/07/2026 03:04:24 PM - NavigationBasePageMenuMap - INFO: Element found with locator : //div[@class='w2ui-field-helper w2ui-list']/following-sibling::input[@placeholder='Select a Source']and locatortype : xpath
07/07/2026 03:04:24 PM - NavigationBasePageMenuMap - ERROR: Element is not displayed
07/07/2026 03:04:24 PM - NavigationBasePageMenuMap - INFO: Element found with locator : //div[@class='w2ui-field-helper w2ui-list']/following-sibling::input[@placeholder='Select a Source']and locatortype : xpath
07/07/2026 03:04:24 PM - NavigationBasePageMenuMap - INFO: Element is present with locator: //div[@class='w2ui-field-helper w2ui-list']/following-sibling::input[@placeholder='Select a Source'] locatorType: xpath
07/07/2026 03:04:24 PM - NavigationBasePageMenuMap - INFO: waiting for max :: 10:: second for the element
07/07/2026 03:04:24 PM - NavigationBasePageMenuMap - INFO: Element did not appeard on the webpage ://div[@class='w2ui-field-helper w2ui-list']/following-sibling::input[@placeholder='Select a Source']
07/07/2026 03:04:24 PM - NavigationBasePageMenuMap - ERROR: Element is not displayed
07/07/2026 03:04:24 PM - NavigationBasePageMenuMap - INFO: Element found with locator : //div[@class='w2ui-field-helper w2ui-list']/following-sibling::input[@placeholder='Select a Source']and locatortype : xpath
07/07/2026 03:04:24 PM - NavigationBasePageMenuMap - INFO: Element exists on the page with locator : //div[@class='w2ui-field-helper w2ui-list']/following-sibling::input[@placeholder='Select a Source']
07/07/2026 03:04:24 PM - NavigationBasePageMenuMap - INFO: Element found with locator : //div[@class='w2ui-field-helper w2ui-list']/following-sibling::input[@placeholder='Select a Source']and locatortype : xpath
07/07/2026 03:04:25 PM - NavigationBasePageMenuMap - ERROR: Cannot click on the element with locator: //div[@class='w2ui-field-helper w2ui-list']/following-sibling::input[@placeholder='Select a Source'] locatorType: xpath
07/07/2026 03:04:25 PM - NavigationBasePageMenuMap - INFO: waiting for max :: 10:: second for the element
07/07/2026 03:04:25 PM - NavigationBasePageMenuMap - INFO: Element did not appeard on the webpage ://div[@class='w2ui-field-helper w2ui-list']/following-sibling::input[@placeholder='Select a Source']
07/07/2026 03:04:25 PM - NavigationBasePageMenuMap - INFO: Element found with locator : //div[@class='w2ui-field-helper w2ui-list']/following-sibling::input[@placeholder='Select a Source']and locatortype : xpath
07/07/2026 03:04:26 PM - NavigationBasePageMenuMap - INFO: Cannot send data on the element with locator: //div[@class='w2ui-field-helper w2ui-list']/following-sibling::input[@placeholder='Select a Source'] locatorType: xpath
07/07/2026 03:04:26 PM - NavigationBasePageMenuMap - INFO: waiting for max :: 10:: second for the element
07/07/2026 03:04:26 PM - NavigationBasePageMenuMap - INFO: Element did not appeard on the webpage ://input[@placeholder='Select a Source']
07/07/2026 03:04:26 PM - NavigationBasePageMenuMap - INFO: Element found with locator : //input[@placeholder='Select a Source']and locatortype : xpath
07/07/2026 03:04:27 PM - NavigationBasePageMenuMap - INFO: Cannot send data on the element with locator: //input[@placeholder='Select a Source'] locatorType: xpath
07/07/2026 03:04:27 PM - NavigationBasePageMenuMap - INFO: Element list found with locator: //div[@id='w2overlay-grid_BlkInventory-Table_field_5_menu']//div[@class='menu-text'] and locatorType: xpath
07/07/2026 03:04:34 PM - NavigationBasePageMenuMap - INFO: waiting for max :: 10:: second for the element
07/07/2026 03:04:34 PM - NavigationBasePageMenuMap - INFO: Element did not appeard on the webpage ://div[@id='grid_BlkInventory-Table_columns']/table/tbody/tr/td//div[2][contains(normalize-space(.), 'Effective Date')]
07/07/2026 03:04:34 PM - NavigationBasePageMenuMap - ERROR: Element is not displayed
07/07/2026 03:04:34 PM - NavigationBasePageMenuMap - INFO: Element found with locator : //div[@id='grid_BlkInventory-Table_columns']/table/tbody/tr/td//div[2][contains(normalize-space(.), 'Effective Date')]and locatortype : xpath
07/07/2026 03:04:34 PM - NavigationBasePageMenuMap - INFO: Element exists on the page with locator : //div[@id='grid_BlkInventory-Table_columns']/table/tbody/tr/td//div[2][contains(normalize-space(.), 'Effective Date')]
07/07/2026 03:04:34 PM - NavigationBasePageMenuMap - INFO: Element found with locator : //div[@id='grid_BlkInventory-Table_columns']/table/tbody/tr/td//div[2][contains(normalize-space(.), 'Effective Date')]and locatortype : xpath
07/07/2026 03:04:35 PM - NavigationBasePageMenuMap - INFO: Clicked on element with locator: //div[@id='grid_BlkInventory-Table_columns']/table/tbody/tr/td//div[2][contains(normalize-space(.), 'Effective Date')] locatorType: xpath
07/07/2026 03:04:37 PM - NavigationBasePageMenuMap - INFO: waiting for max :: 10:: second for the element
07/07/2026 03:04:37 PM - NavigationBasePageMenuMap - INFO: Element did not appeard on the webpage ://div[@id='grid_BlkInventory-Table_columns']/table/tbody/tr/td//div[2][contains(normalize-space(.), 'Effective Date')]
07/07/2026 03:04:37 PM - NavigationBasePageMenuMap - ERROR: Element is not displayed
07/07/2026 03:04:37 PM - NavigationBasePageMenuMap - INFO: Element found with locator : //div[@id='grid_BlkInventory-Table_columns']/table/tbody/tr/td//div[2][contains(normalize-space(.), 'Effective Date')]and locatortype : xpath
07/07/2026 03:04:37 PM - NavigationBasePageMenuMap - INFO: Element exists on the page with locator : //div[@id='grid_BlkInventory-Table_columns']/table/tbody/tr/td//div[2][contains(normalize-space(.), 'Effective Date')]
07/07/2026 03:04:37 PM - NavigationBasePageMenuMap - INFO: Element found with locator : //div[@id='grid_BlkInventory-Table_columns']/table/tbody/tr/td//div[2][contains(normalize-space(.), 'Effective Date')]and locatortype : xpath
07/07/2026 03:04:37 PM - NavigationBasePageMenuMap - INFO: Clicked on element with locator: //div[@id='grid_BlkInventory-Table_columns']/table/tbody/tr/td//div[2][contains(normalize-space(.), 'Effective Date')] locatorType: xpath
07/07/2026 03:04:39 PM - NavigationBasePageMenuMap - INFO: waiting for max :: 10:: second for the element
07/07/2026 03:04:39 PM - NavigationBasePageMenuMap - INFO: Element did not appeard on the webpage ://div[@id='grid_BlkInventory-Table_columns']/table/tbody/tr/td//div[2][contains(normalize-space(.), 'Effective Date')]
07/07/2026 03:04:39 PM - NavigationBasePageMenuMap - ERROR: Element is not displayed
07/07/2026 03:04:39 PM - NavigationBasePageMenuMap - INFO: Element found with locator : //div[@id='grid_BlkInventory-Table_columns']/table/tbody/tr/td//div[2][contains(normalize-space(.), 'Effective Date')]and locatortype : xpath
07/07/2026 03:04:39 PM - NavigationBasePageMenuMap - INFO: Element exists on the page with locator : //div[@id='grid_BlkInventory-Table_columns']/table/tbody/tr/td//div[2][contains(normalize-space(.), 'Effective Date')]
07/07/2026 03:04:39 PM - NavigationBasePageMenuMap - INFO: Element found with locator : //div[@id='grid_BlkInventory-Table_columns']/table/tbody/tr/td//div[2][contains(normalize-space(.), 'Effective Date')]and locatortype : xpath
07/07/2026 03:04:39 PM - NavigationBasePageMenuMap - INFO: Clicked on element with locator: //div[@id='grid_BlkInventory-Table_columns']/table/tbody/tr/td//div[2][contains(normalize-space(.), 'Effective Date')] locatorType: xpath
07/07/2026 03:04:44 PM - NavigationBasePageMenuMap - INFO: waiting for max :: 10:: second for the element
07/07/2026 03:04:44 PM - NavigationBasePageMenuMap - INFO: Element did not appeard on the webpage ://button[@id="BlockDashboard-close"]/i
07/07/2026 03:04:44 PM - NavigationBasePageMenuMap - ERROR: Element is not displayed
07/07/2026 03:04:44 PM - NavigationBasePageMenuMap - INFO: Element found with locator : //button[@id="BlockDashboard-close"]/iand locatortype : xpath
07/07/2026 03:04:44 PM - NavigationBasePageMenuMap - INFO: Element exists on the page with locator : //button[@id="BlockDashboard-close"]/i
07/07/2026 03:04:44 PM - NavigationBasePageMenuMap - INFO: Element found with locator : //button[@id="BlockDashboard-close"]/iand locatortype : xpath
07/07/2026 03:04:44 PM - NavigationBasePageMenuMap - INFO: Clicked on element with locator: //button[@id="BlockDashboard-close"]/i locatorType: xpath
07/07/2026 03:04:48 PM - NavigationBasePageMenuMap - INFO: waiting for max :: 10:: second for the element
07/07/2026 03:04:48 PM - NavigationBasePageMenuMap - INFO: Element did not appeard on the webpage ://a[@id="inventory"]
07/07/2026 03:04:48 PM - NavigationBasePageMenuMap - ERROR: Element is not displayed
07/07/2026 03:04:48 PM - NavigationBasePageMenuMap - INFO: Element found with locator : //a[@id="inventory"]and locatortype : xpath
07/07/2026 03:04:48 PM - NavigationBasePageMenuMap - INFO: Element exists on the page with locator : //a[@id="inventory"]
07/07/2026 03:04:48 PM - NavigationBasePageMenuMap - INFO: Element found with locator : //a[@id="inventory"]and locatortype : xpath
07/07/2026 03:04:48 PM - NavigationBasePageMenuMap - INFO: Clicked on element with locator: //a[@id="inventory"] locatorType: xpath
07/07/2026 03:04:48 PM - NavigationBasePageMenuMap - INFO: waiting for max :: 10:: second for the element
07/07/2026 03:04:48 PM - NavigationBasePageMenuMap - INFO: Element did not appeard on the webpage ://a[contains(text(),"TN Dashboard")]
07/07/2026 03:04:48 PM - NavigationBasePageMenuMap - ERROR: Element is not displayed
07/07/2026 03:04:48 PM - NavigationBasePageMenuMap - INFO: Element found with locator : //a[contains(text(),"TN Dashboard")]and locatortype : xpath
07/07/2026 03:04:48 PM - NavigationBasePageMenuMap - INFO: Element exists on the page with locator : //a[contains(text(),"TN Dashboard")]
07/07/2026 03:04:48 PM - NavigationBasePageMenuMap - INFO: Element found with locator : //a[contains(text(),"TN Dashboard")]and locatortype : xpath
07/07/2026 03:04:49 PM - NavigationBasePageMenuMap - INFO: Clicked on element with locator: //a[contains(text(),"TN Dashboard")] locatorType: xpath
07/07/2026 03:04:51 PM - NavigationBasePageMenuMap - INFO: Element found with locator : //div[@id='tb_TnInventory-Table_toolbar_item_w2ui-search-advanced']/div/spanand locatortype : xpath
07/07/2026 03:04:51 PM - NavigationBasePageMenuMap - ERROR: Element is not displayed
07/07/2026 03:04:51 PM - NavigationBasePageMenuMap - INFO: Element found with locator : //div[@id='tb_TnInventory-Table_toolbar_item_w2ui-search-advanced']/div/spanand locatortype : xpath
07/07/2026 03:04:51 PM - NavigationBasePageMenuMap - INFO: Element is present with locator: //div[@id='tb_TnInventory-Table_toolbar_item_w2ui-search-advanced']/div/span locatorType: xpath
07/07/2026 03:04:51 PM - NavigationBasePageMenuMap - INFO: Element found with locator : //div[@id='tb_TnInventory-Table_toolbar_item_w2ui-search-advanced']/div/spanand locatortype : xpath
07/07/2026 03:04:51 PM - NavigationBasePageMenuMap - INFO: Element exists on the page with locator : //div[@id='tb_TnInventory-Table_toolbar_item_w2ui-search-advanced']/div/span
07/07/2026 03:04:51 PM - NavigationBasePageMenuMap - INFO: waiting for max :: 10:: second for the element
07/07/2026 03:04:51 PM - NavigationBasePageMenuMap - INFO: Element did not appeard on the webpage ://div[@id='tb_TnInventory-Table_toolbar_item_w2ui-search-advanced']/div/span
07/07/2026 03:04:51 PM - NavigationBasePageMenuMap - ERROR: Element is not displayed
07/07/2026 03:04:51 PM - NavigationBasePageMenuMap - INFO: Element found with locator : //div[@id='tb_TnInventory-Table_toolbar_item_w2ui-search-advanced']/div/spanand locatortype : xpath
07/07/2026 03:04:51 PM - NavigationBasePageMenuMap - INFO: Element exists on the page with locator : //div[@id='tb_TnInventory-Table_toolbar_item_w2ui-search-advanced']/div/span
07/07/2026 03:04:51 PM - NavigationBasePageMenuMap - INFO: Element found with locator : //div[@id='tb_TnInventory-Table_toolbar_item_w2ui-search-advanced']/div/spanand locatortype : xpath
07/07/2026 03:04:51 PM - NavigationBasePageMenuMap - INFO: Clicked on element with locator: //div[@id='tb_TnInventory-Table_toolbar_item_w2ui-search-advanced']/div/span locatorType: xpath
07/07/2026 03:04:53 PM - NavigationBasePageMenuMap - INFO: Element found with locator : //tr[1]/td/input[@rel='search']and locatortype : xpath
07/07/2026 03:04:53 PM - NavigationBasePageMenuMap - ERROR: Element is not displayed
07/07/2026 03:04:53 PM - NavigationBasePageMenuMap - INFO: Element found with locator : //tr[1]/td/input[@rel='search']and locatortype : xpath
07/07/2026 03:04:53 PM - NavigationBasePageMenuMap - INFO: Element is present with locator: //tr[1]/td/input[@rel='search'] locatorType: xpath
07/07/2026 03:04:53 PM - NavigationBasePageMenuMap - INFO: waiting for max :: 10:: second for the element
07/07/2026 03:04:53 PM - NavigationBasePageMenuMap - INFO: Element did not appeard on the webpage ://tr[1]/td/input[@rel='search']
07/07/2026 03:04:53 PM - NavigationBasePageMenuMap - INFO: Element found with locator : //tr[1]/td/input[@rel='search']and locatortype : xpath
07/07/2026 03:04:54 PM - NavigationBasePageMenuMap - INFO: Sent data on element with locator: //tr[1]/td/input[@rel='search'] locatorType: xpath
07/07/2026 03:04:54 PM - NavigationBasePageMenuMap - INFO: Element found with locator : //td[contains(text(),'Requester')]/following-sibling::td/selectand locatortype : xpath
07/07/2026 03:04:54 PM - NavigationBasePageMenuMap - INFO: waiting for max :: 10:: second for the element
07/07/2026 03:04:54 PM - NavigationBasePageMenuMap - INFO: Element did not appeard on the webpage ://td[contains(text(),'Requester')]/following-sibling::td/select
07/07/2026 03:04:54 PM - NavigationBasePageMenuMap - INFO: Element found with locator : //td[contains(text(),'Requester')]/following-sibling::td/selectand locatortype : xpath
07/07/2026 03:04:54 PM - NavigationBasePageMenuMap - INFO: element is selected : //td[contains(text(),'Requester')]/following-sibling::td/select value: contains
07/07/2026 03:04:55 PM - NavigationBasePageMenuMap - INFO: Element found with locator : //td[contains(text(),'Requester')]/following-sibling::td/input[@rel='search']and locatortype : xpath
07/07/2026 03:05:00 PM - NavigationBasePageMenuMap - INFO: Element found with locator : //tr[@id='grid_TnInventory-Table_rec_1']/td[2]/divand locatortype : xpath
07/07/2026 03:05:01 PM - NavigationBasePageMenuMap - INFO: Getting text on element :: 
07/07/2026 03:05:01 PM - NavigationBasePageMenuMap - INFO: The text is :: '848-395-4997'
07/07/2026 03:05:01 PM - NavigationBasePageMenuMap - INFO: Element found with locator : //tr[@id='grid_TnInventory-Table_rec_1']/td[9]/divand locatortype : xpath
07/07/2026 03:05:01 PM - NavigationBasePageMenuMap - INFO: Getting text on element :: 
07/07/2026 03:05:01 PM - NavigationBasePageMenuMap - INFO: The text is :: 'NORTH JERSEY NJ'
07/07/2026 03:05:02 PM - NavigationBasePageMenuMap - INFO: Element found with locator : //td[@id='grid_TnInventory-Table_data_0_17']/div/divand locatortype : xpath
07/07/2026 03:05:02 PM - NavigationBasePageMenuMap - INFO: waiting for max :: 10:: second for the element
07/07/2026 03:05:02 PM - NavigationBasePageMenuMap - INFO: Element did not appeard on the webpage ://button[@id="TnDashboard-close"]/i
07/07/2026 03:05:02 PM - NavigationBasePageMenuMap - ERROR: Element is not displayed
07/07/2026 03:05:02 PM - NavigationBasePageMenuMap - INFO: Element found with locator : //button[@id="TnDashboard-close"]/iand locatortype : xpath
07/07/2026 03:05:02 PM - NavigationBasePageMenuMap - INFO: Element exists on the page with locator : //button[@id="TnDashboard-close"]/i
07/07/2026 03:05:02 PM - NavigationBasePageMenuMap - INFO: Element found with locator : //button[@id="TnDashboard-close"]/iand locatortype : xpath
07/07/2026 03:05:03 PM - NavigationBasePageMenuMap - ERROR: Cannot click on the element with locator: //button[@id="TnDashboard-close"]/i locatorType: xpath
07/07/2026 03:05:05 PM - Util - INFO: Wait :: '4' seconds for 
